具体时间:[2019-12-31 15:59:01,494][default:INFO(22)]
当前文件位置:[D:\WorkData\VSCodeProjects\TY_RMS_Multiple_Manage_Python\user\login_required.py]模块名:[login_required:]函数名:[process_request]:
[第22行]-用户没有登录, 跳转到登录页面

具体时间:[2019-12-31 15:59:01,866][default:INFO(22)]
当前文件位置:[D:\WorkData\VSCodeProjects\TY_RMS_Multiple_Manage_Python\user\login_required.py]模块名:[login_required:]函数名:[process_request]:
[第22行]-用户没有登录, 跳转到登录页面

具体时间:[2019-12-31 15:59:11,660][default:INFO(155)]
当前文件位置:[D:\WorkData\VSCodeProjects\TY_RMS_Multiple_Manage_Python\TY_RMS_Multiple_Manage\views.py]模块名:[views:]函数名:[account_login]:
[第155行]-登录成功

具体时间:[2019-12-31 16:25:58,767][default:INFO(155)]
当前文件位置:[D:\WorkData\VSCodeProjects\TY_RMS_Multiple_Manage_Python\TY_RMS_Multiple_Manage\views.py]模块名:[views:]函数名:[account_login]:
[第155行]-登录成功

具体时间:[2019-12-31 16:33:12,050][default:INFO(22)]
当前文件位置:[D:\WorkData\VSCodeProjects\TY_RMS_Multiple_Manage_Python\user\login_required.py]模块名:[login_required:]函数名:[process_request]:
[第22行]-用户没有登录, 跳转到登录页面

具体时间:[2019-12-31 16:33:12,576][default:INFO(22)]
当前文件位置:[D:\WorkData\VSCodeProjects\TY_RMS_Multiple_Manage_Python\user\login_required.py]模块名:[login_required:]函数名:[process_request]:
[第22行]-用户没有登录, 跳转到登录页面

具体时间:[2019-12-31 16:33:21,378][default:INFO(155)]
当前文件位置:[D:\WorkData\VSCodeProjects\TY_RMS_Multiple_Manage_Python\TY_RMS_Multiple_Manage\views.py]模块名:[views:]函数名:[account_login]:
[第155行]-登录成功

具体时间:[2019-12-31 17:13:51,819][default:INFO(155)]
当前文件位置:[D:\WorkData\VSCodeProjects\TY_RMS_Multiple_Manage_Python\TY_RMS_Multiple_Manage\views.py]模块名:[views:]函数名:[account_login]:
[第155行]-登录成功

具体时间:[2019-12-31 19:09:36,775][default:INFO(155)]
当前文件位置:[D:\WorkData\VSCodeProjects\TY_RMS_Multiple_Manage_Python\TY_RMS_Multiple_Manage\views.py]模块名:[views:]函数名:[account_login]:
[第155行]-登录成功

