具体时间:[2019-08-14 13:45:45,261][default:INFO(21)]
当前文件位置:[D:\WorkData\VSCodeProjects\TY_RMS_Multiple_Manage_Python\user\login_required.py]模块名:[login_required:]函数名:[process_request]:
[第21行]-用户没有登录, 跳转到登录页面

具体时间:[2019-08-14 13:45:45,844][default:INFO(21)]
当前文件位置:[D:\WorkData\VSCodeProjects\TY_RMS_Multiple_Manage_Python\user\login_required.py]模块名:[login_required:]函数名:[process_request]:
[第21行]-用户没有登录, 跳转到登录页面

具体时间:[2019-08-14 13:45:53,323][default:INFO(139)]
当前文件位置:[D:\WorkData\VSCodeProjects\TY_RMS_Multiple_Manage_Python\TY_RMS_Multiple_Manage\views.py]模块名:[views:]函数名:[account_login]:
[第139行]-登录成功

具体时间:[2019-08-14 14:13:59,202][default:INFO(139)]
当前文件位置:[D:\WorkData\VSCodeProjects\TY_RMS_Multiple_Manage_Python\TY_RMS_Multiple_Manage\views.py]模块名:[views:]函数名:[account_login]:
[第139行]-登录成功

具体时间:[2019-08-14 15:09:04,707][default:INFO(139)]
当前文件位置:[D:\WorkData\VSCodeProjects\TY_RMS_Multiple_Manage_Python\TY_RMS_Multiple_Manage\views.py]模块名:[views:]函数名:[account_login]:
[第139行]-登录成功

具体时间:[2019-08-14 15:41:40,446][default:INFO(21)]
当前文件位置:[D:\WorkData\VSCodeProjects\TY_RMS_Multiple_Manage_Python\user\login_required.py]模块名:[login_required:]函数名:[process_request]:
[第21行]-用户没有登录, 跳转到登录页面

具体时间:[2019-08-14 15:41:55,446][default:INFO(21)]
当前文件位置:[D:\WorkData\VSCodeProjects\TY_RMS_Multiple_Manage_Python\user\login_required.py]模块名:[login_required:]函数名:[process_request]:
[第21行]-用户没有登录, 跳转到登录页面

具体时间:[2019-08-14 15:42:10,460][default:INFO(21)]
当前文件位置:[D:\WorkData\VSCodeProjects\TY_RMS_Multiple_Manage_Python\user\login_required.py]模块名:[login_required:]函数名:[process_request]:
[第21行]-用户没有登录, 跳转到登录页面

具体时间:[2019-08-14 15:42:17,528][default:INFO(21)]
当前文件位置:[D:\WorkData\VSCodeProjects\TY_RMS_Multiple_Manage_Python\user\login_required.py]模块名:[login_required:]函数名:[process_request]:
[第21行]-用户没有登录, 跳转到登录页面

具体时间:[2019-08-14 15:42:19,186][default:INFO(21)]
当前文件位置:[D:\WorkData\VSCodeProjects\TY_RMS_Multiple_Manage_Python\user\login_required.py]模块名:[login_required:]函数名:[process_request]:
[第21行]-用户没有登录, 跳转到登录页面

具体时间:[2019-08-14 15:42:26,596][default:INFO(139)]
当前文件位置:[D:\WorkData\VSCodeProjects\TY_RMS_Multiple_Manage_Python\TY_RMS_Multiple_Manage\views.py]模块名:[views:]函数名:[account_login]:
[第139行]-登录成功

具体时间:[2019-08-14 17:25:39,073][default:INFO(139)]
当前文件位置:[D:\WorkData\VSCodeProjects\TY_RMS_Multiple_Manage_Python\TY_RMS_Multiple_Manage\views.py]模块名:[views:]函数名:[account_login]:
[第139行]-登录成功

