具体时间:[2019-10-14 09:16:52,422][default:INFO(22)]
当前文件位置:[D:\WorkData\VSCodeProjects\TY_RMS_Multiple_Manage_Python\user\login_required.py]模块名:[login_required:]函数名:[process_request]:
[第22行]-用户没有登录, 跳转到登录页面

具体时间:[2019-10-14 09:16:52,691][default:INFO(22)]
当前文件位置:[D:\WorkData\VSCodeProjects\TY_RMS_Multiple_Manage_Python\user\login_required.py]模块名:[login_required:]函数名:[process_request]:
[第22行]-用户没有登录, 跳转到登录页面

具体时间:[2019-10-14 09:17:00,693][default:INFO(152)]
当前文件位置:[D:\WorkData\VSCodeProjects\TY_RMS_Multiple_Manage_Python\TY_RMS_Multiple_Manage\views.py]模块名:[views:]函数名:[account_login]:
[第152行]-登录成功

具体时间:[2019-10-14 09:19:07,306][default:INFO(152)]
当前文件位置:[D:\WorkData\VSCodeProjects\TY_RMS_Multiple_Manage_Python\TY_RMS_Multiple_Manage\views.py]模块名:[views:]函数名:[account_login]:
[第152行]-登录成功

具体时间:[2019-10-14 15:28:39,111][default:INFO(22)]
当前文件位置:[D:\WorkData\VSCodeProjects\TY_RMS_Multiple_Manage_Python\user\login_required.py]模块名:[login_required:]函数名:[process_request]:
[第22行]-用户没有登录, 跳转到登录页面

具体时间:[2019-10-14 15:28:39,387][default:INFO(22)]
当前文件位置:[D:\WorkData\VSCodeProjects\TY_RMS_Multiple_Manage_Python\user\login_required.py]模块名:[login_required:]函数名:[process_request]:
[第22行]-用户没有登录, 跳转到登录页面

具体时间:[2019-10-14 15:29:41,877][default:INFO(152)]
当前文件位置:[D:\WorkData\VSCodeProjects\TY_RMS_Multiple_Manage_Python\TY_RMS_Multiple_Manage\views.py]模块名:[views:]函数名:[account_login]:
[第152行]-登录成功

