具体时间:[2019-11-22 09:34:51,491][default:INFO(22)]
当前文件位置:[D:\WorkData\VSCodeProjects\TY_RMS_Multiple_Manage_Python\user\login_required.py]模块名:[login_required:]函数名:[process_request]:
[第22行]-用户没有登录, 跳转到登录页面

具体时间:[2019-11-22 09:34:51,789][default:INFO(22)]
当前文件位置:[D:\WorkData\VSCodeProjects\TY_RMS_Multiple_Manage_Python\user\login_required.py]模块名:[login_required:]函数名:[process_request]:
[第22行]-用户没有登录, 跳转到登录页面

具体时间:[2019-11-22 09:34:58,877][default:INFO(153)]
当前文件位置:[D:\WorkData\VSCodeProjects\TY_RMS_Multiple_Manage_Python\TY_RMS_Multiple_Manage\views.py]模块名:[views:]函数名:[account_login]:
[第153行]-登录成功

具体时间:[2019-11-22 10:50:57,565][default:INFO(153)]
当前文件位置:[D:\WorkData\VSCodeProjects\TY_RMS_Multiple_Manage_Python\TY_RMS_Multiple_Manage\views.py]模块名:[views:]函数名:[account_login]:
[第153行]-登录成功

具体时间:[2019-11-22 11:08:32,553][default:DEBUG(310)]
当前文件位置:[D:\WorkData\VSCodeProjects\TY_RMS_Multiple_Manage_Python\Lib\reportExcel.py]模块名:[reportExcel:]函数名:[download_excel]:
[第310行]-读取文件异常[Errno 2] No such file or directory: '药剂数据明细报表2019112211083217.xlsx'

具体时间:[2019-11-22 11:08:40,607][default:DEBUG(310)]
当前文件位置:[D:\WorkData\VSCodeProjects\TY_RMS_Multiple_Manage_Python\Lib\reportExcel.py]模块名:[reportExcel:]函数名:[download_excel]:
[第310行]-读取文件异常[Errno 2] No such file or directory: '药剂数据明细报表2019112211084072.xlsx'

具体时间:[2019-11-22 11:08:50,267][default:DEBUG(310)]
当前文件位置:[D:\WorkData\VSCodeProjects\TY_RMS_Multiple_Manage_Python\Lib\reportExcel.py]模块名:[reportExcel:]函数名:[download_excel]:
[第310行]-读取文件异常[Errno 2] No such file or directory: '药剂数据明细报表2019112211085037.xlsx'

具体时间:[2019-11-22 11:09:40,462][default:DEBUG(310)]
当前文件位置:[D:\WorkData\VSCodeProjects\TY_RMS_Multiple_Manage_Python\Lib\reportExcel.py]模块名:[reportExcel:]函数名:[download_excel]:
[第310行]-读取文件异常[Errno 2] No such file or directory: '药剂数据明细报表2019112211094037.xlsx'

具体时间:[2019-11-22 11:14:10,369][default:DEBUG(310)]
当前文件位置:[D:\WorkData\VSCodeProjects\TY_RMS_Multiple_Manage_Python\Lib\reportExcel.py]模块名:[reportExcel:]函数名:[download_excel]:
[第310行]-读取文件异常[Errno 2] No such file or directory: '药剂数据明细报表2019112211141098.xlsx'

具体时间:[2019-11-22 11:15:55,202][default:DEBUG(310)]
当前文件位置:[D:\WorkData\VSCodeProjects\TY_RMS_Multiple_Manage_Python\Lib\reportExcel.py]模块名:[reportExcel:]函数名:[download_excel]:
[第310行]-读取文件异常[Errno 2] No such file or directory: '药剂数据明细报表2019112211155526.xlsx'

具体时间:[2019-11-22 12:57:52,457][default:INFO(153)]
当前文件位置:[D:\WorkData\VSCodeProjects\TY_RMS_Multiple_Manage_Python\TY_RMS_Multiple_Manage\views.py]模块名:[views:]函数名:[account_login]:
[第153行]-登录成功

