具体时间:[2019-02-19 10:40:07,246][default:INFO(21)]
当前文件位置:[E:\web\TY_RMS_Multiple_Manage\user\login_required.py]模块名:[login_required:]函数名:[process_request]:
[第21行]-用户没有登录, 跳转到登录页面

具体时间:[2019-02-19 10:40:08,685][default:INFO(21)]
当前文件位置:[E:\web\TY_RMS_Multiple_Manage\user\login_required.py]模块名:[login_required:]函数名:[process_request]:
[第21行]-用户没有登录, 跳转到登录页面

具体时间:[2019-02-19 10:40:15,740][default:INFO(21)]
当前文件位置:[E:\web\TY_RMS_Multiple_Manage\user\login_required.py]模块名:[login_required:]函数名:[process_request]:
[第21行]-用户没有登录, 跳转到登录页面

具体时间:[2019-02-19 10:40:23,072][default:INFO(137)]
当前文件位置:[E:\web\TY_RMS_Multiple_Manage\TY_RMS_Multiple_Manage\views.py]模块名:[views:]函数名:[account_login]:
[第137行]-登录成功

具体时间:[2019-02-19 15:29:18,183][default:INFO(21)]
当前文件位置:[E:\web\TY_RMS_Multiple_Manage\user\login_required.py]模块名:[login_required:]函数名:[process_request]:
[第21行]-用户没有登录, 跳转到登录页面

具体时间:[2019-02-19 15:29:19,139][default:INFO(21)]
当前文件位置:[E:\web\TY_RMS_Multiple_Manage\user\login_required.py]模块名:[login_required:]函数名:[process_request]:
[第21行]-用户没有登录, 跳转到登录页面

具体时间:[2019-02-19 15:29:34,381][default:INFO(21)]
当前文件位置:[E:\web\TY_RMS_Multiple_Manage\user\login_required.py]模块名:[login_required:]函数名:[process_request]:
[第21行]-用户没有登录, 跳转到登录页面

具体时间:[2019-02-19 16:39:48,732][default:INFO(21)]
当前文件位置:[E:\web\TY_RMS_Multiple_Manage\user\login_required.py]模块名:[login_required:]函数名:[process_request]:
[第21行]-用户没有登录, 跳转到登录页面

具体时间:[2019-02-19 16:39:51,734][default:INFO(21)]
当前文件位置:[E:\web\TY_RMS_Multiple_Manage\user\login_required.py]模块名:[login_required:]函数名:[process_request]:
[第21行]-用户没有登录, 跳转到登录页面

具体时间:[2019-02-19 16:39:52,817][default:INFO(21)]
当前文件位置:[E:\web\TY_RMS_Multiple_Manage\user\login_required.py]模块名:[login_required:]函数名:[process_request]:
[第21行]-用户没有登录, 跳转到登录页面

