具体时间:[2019-03-21 10:56:50,503][default:INFO(21)]
当前文件位置:[E:\web\TY_RMS_Multiple_Manage\user\login_required.py]模块名:[login_required:]函数名:[process_request]:
[第21行]-用户没有登录, 跳转到登录页面

具体时间:[2019-03-21 10:56:53,421][default:INFO(21)]
当前文件位置:[E:\web\TY_RMS_Multiple_Manage\user\login_required.py]模块名:[login_required:]函数名:[process_request]:
[第21行]-用户没有登录, 跳转到登录页面

具体时间:[2019-03-21 10:57:15,265][default:INFO(21)]
当前文件位置:[E:\web\TY_RMS_Multiple_Manage\user\login_required.py]模块名:[login_required:]函数名:[process_request]:
[第21行]-用户没有登录, 跳转到登录页面

具体时间:[2019-03-21 10:57:16,709][default:INFO(21)]
当前文件位置:[E:\web\TY_RMS_Multiple_Manage\user\login_required.py]模块名:[login_required:]函数名:[process_request]:
[第21行]-用户没有登录, 跳转到登录页面

具体时间:[2019-03-21 10:57:58,164][default:INFO(156)]
当前文件位置:[E:\web\TY_RMS_Multiple_Manage\TY_RMS_Multiple_Manage\views.py]模块名:[views:]函数名:[account_login]:
[第156行]-账号或密码不正确, 登录失败

具体时间:[2019-03-21 10:58:01,121][default:INFO(21)]
当前文件位置:[E:\web\TY_RMS_Multiple_Manage\user\login_required.py]模块名:[login_required:]函数名:[process_request]:
[第21行]-用户没有登录, 跳转到登录页面

具体时间:[2019-03-21 11:04:12,072][default:INFO(137)]
当前文件位置:[E:\web\TY_RMS_Multiple_Manage\TY_RMS_Multiple_Manage\views.py]模块名:[views:]函数名:[account_login]:
[第137行]-登录成功

具体时间:[2019-03-21 11:04:15,442][default:DEBUG(388)]
当前文件位置:[E:\web\TY_RMS_Multiple_Manage\TY_RMS_Multiple_Manage\views.py]模块名:[views:]函数名:[page_not_found]:
[第388行]-页面没有找到

具体时间:[2019-03-21 11:05:59,429][default:DEBUG(388)]
当前文件位置:[E:\web\TY_RMS_Multiple_Manage\TY_RMS_Multiple_Manage\views.py]模块名:[views:]函数名:[page_not_found]:
[第388行]-页面没有找到

具体时间:[2019-03-21 11:23:35,634][default:DEBUG(388)]
当前文件位置:[E:\web\TY_RMS_Multiple_Manage\TY_RMS_Multiple_Manage\views.py]模块名:[views:]函数名:[page_not_found]:
[第388行]-页面没有找到

具体时间:[2019-03-21 11:24:50,942][default:DEBUG(388)]
当前文件位置:[E:\web\TY_RMS_Multiple_Manage\TY_RMS_Multiple_Manage\views.py]模块名:[views:]函数名:[page_not_found]:
[第388行]-页面没有找到

具体时间:[2019-03-21 11:24:52,042][default:DEBUG(388)]
当前文件位置:[E:\web\TY_RMS_Multiple_Manage\TY_RMS_Multiple_Manage\views.py]模块名:[views:]函数名:[page_not_found]:
[第388行]-页面没有找到

具体时间:[2019-03-21 17:10:02,806][default:DEBUG(389)]
当前文件位置:[E:\web\TY_RMS_Multiple_Manage\TY_RMS_Multiple_Manage\views.py]模块名:[views:]函数名:[page_not_found]:
[第389行]-页面没有找到

具体时间:[2019-03-21 17:10:10,071][default:DEBUG(389)]
当前文件位置:[E:\web\TY_RMS_Multiple_Manage\TY_RMS_Multiple_Manage\views.py]模块名:[views:]函数名:[page_not_found]:
[第389行]-页面没有找到

具体时间:[2019-03-21 17:16:43,761][default:DEBUG(389)]
当前文件位置:[E:\web\TY_RMS_Multiple_Manage\TY_RMS_Multiple_Manage\views.py]模块名:[views:]函数名:[page_not_found]:
[第389行]-页面没有找到

具体时间:[2019-03-21 17:18:33,065][default:DEBUG(389)]
当前文件位置:[E:\web\TY_RMS_Multiple_Manage\TY_RMS_Multiple_Manage\views.py]模块名:[views:]函数名:[page_not_found]:
[第389行]-页面没有找到

具体时间:[2019-03-21 17:19:19,731][default:DEBUG(389)]
当前文件位置:[E:\web\TY_RMS_Multiple_Manage\TY_RMS_Multiple_Manage\views.py]模块名:[views:]函数名:[page_not_found]:
[第389行]-页面没有找到

具体时间:[2019-03-21 17:21:54,962][default:DEBUG(389)]
当前文件位置:[E:\web\TY_RMS_Multiple_Manage\TY_RMS_Multiple_Manage\views.py]模块名:[views:]函数名:[page_not_found]:
[第389行]-页面没有找到

具体时间:[2019-03-21 17:23:36,859][default:DEBUG(389)]
当前文件位置:[E:\web\TY_RMS_Multiple_Manage\TY_RMS_Multiple_Manage\views.py]模块名:[views:]函数名:[page_not_found]:
[第389行]-页面没有找到

具体时间:[2019-03-21 17:24:28,870][default:DEBUG(389)]
当前文件位置:[E:\web\TY_RMS_Multiple_Manage\TY_RMS_Multiple_Manage\views.py]模块名:[views:]函数名:[page_not_found]:
[第389行]-页面没有找到

具体时间:[2019-03-21 17:24:29,123][default:DEBUG(389)]
当前文件位置:[E:\web\TY_RMS_Multiple_Manage\TY_RMS_Multiple_Manage\views.py]模块名:[views:]函数名:[page_not_found]:
[第389行]-页面没有找到

具体时间:[2019-03-21 17:24:29,510][default:DEBUG(389)]
当前文件位置:[E:\web\TY_RMS_Multiple_Manage\TY_RMS_Multiple_Manage\views.py]模块名:[views:]函数名:[page_not_found]:
[第389行]-页面没有找到

具体时间:[2019-03-21 17:24:35,068][default:DEBUG(389)]
当前文件位置:[E:\web\TY_RMS_Multiple_Manage\TY_RMS_Multiple_Manage\views.py]模块名:[views:]函数名:[page_not_found]:
[第389行]-页面没有找到

具体时间:[2019-03-21 17:25:10,610][default:DEBUG(389)]
当前文件位置:[E:\web\TY_RMS_Multiple_Manage\TY_RMS_Multiple_Manage\views.py]模块名:[views:]函数名:[page_not_found]:
[第389行]-页面没有找到

具体时间:[2019-03-21 17:25:19,383][default:DEBUG(389)]
当前文件位置:[E:\web\TY_RMS_Multiple_Manage\TY_RMS_Multiple_Manage\views.py]模块名:[views:]函数名:[page_not_found]:
[第389行]-页面没有找到

具体时间:[2019-03-21 17:25:22,697][default:DEBUG(389)]
当前文件位置:[E:\web\TY_RMS_Multiple_Manage\TY_RMS_Multiple_Manage\views.py]模块名:[views:]函数名:[page_not_found]:
[第389行]-页面没有找到

具体时间:[2019-03-21 17:25:24,473][default:DEBUG(389)]
当前文件位置:[E:\web\TY_RMS_Multiple_Manage\TY_RMS_Multiple_Manage\views.py]模块名:[views:]函数名:[page_not_found]:
[第389行]-页面没有找到

具体时间:[2019-03-21 17:25:35,750][default:DEBUG(389)]
当前文件位置:[E:\web\TY_RMS_Multiple_Manage\TY_RMS_Multiple_Manage\views.py]模块名:[views:]函数名:[page_not_found]:
[第389行]-页面没有找到

具体时间:[2019-03-21 17:25:36,048][default:DEBUG(389)]
当前文件位置:[E:\web\TY_RMS_Multiple_Manage\TY_RMS_Multiple_Manage\views.py]模块名:[views:]函数名:[page_not_found]:
[第389行]-页面没有找到

具体时间:[2019-03-21 17:25:36,374][default:DEBUG(389)]
当前文件位置:[E:\web\TY_RMS_Multiple_Manage\TY_RMS_Multiple_Manage\views.py]模块名:[views:]函数名:[page_not_found]:
[第389行]-页面没有找到

具体时间:[2019-03-21 17:27:17,542][default:DEBUG(389)]
当前文件位置:[E:\web\TY_RMS_Multiple_Manage\TY_RMS_Multiple_Manage\views.py]模块名:[views:]函数名:[page_not_found]:
[第389行]-页面没有找到

具体时间:[2019-03-21 17:27:28,328][default:DEBUG(389)]
当前文件位置:[E:\web\TY_RMS_Multiple_Manage\TY_RMS_Multiple_Manage\views.py]模块名:[views:]函数名:[page_not_found]:
[第389行]-页面没有找到

具体时间:[2019-03-21 17:27:40,174][default:DEBUG(389)]
当前文件位置:[E:\web\TY_RMS_Multiple_Manage\TY_RMS_Multiple_Manage\views.py]模块名:[views:]函数名:[page_not_found]:
[第389行]-页面没有找到

具体时间:[2019-03-21 17:27:40,751][default:DEBUG(389)]
当前文件位置:[E:\web\TY_RMS_Multiple_Manage\TY_RMS_Multiple_Manage\views.py]模块名:[views:]函数名:[page_not_found]:
[第389行]-页面没有找到

具体时间:[2019-03-21 17:27:41,057][default:DEBUG(389)]
当前文件位置:[E:\web\TY_RMS_Multiple_Manage\TY_RMS_Multiple_Manage\views.py]模块名:[views:]函数名:[page_not_found]:
[第389行]-页面没有找到

具体时间:[2019-03-21 17:27:45,570][default:DEBUG(389)]
当前文件位置:[E:\web\TY_RMS_Multiple_Manage\TY_RMS_Multiple_Manage\views.py]模块名:[views:]函数名:[page_not_found]:
[第389行]-页面没有找到

具体时间:[2019-03-21 17:30:32,358][default:DEBUG(389)]
当前文件位置:[E:\web\TY_RMS_Multiple_Manage\TY_RMS_Multiple_Manage\views.py]模块名:[views:]函数名:[page_not_found]:
[第389行]-页面没有找到

具体时间:[2019-03-21 17:36:04,562][default:DEBUG(389)]
当前文件位置:[E:\web\TY_RMS_Multiple_Manage\TY_RMS_Multiple_Manage\views.py]模块名:[views:]函数名:[page_not_found]:
[第389行]-页面没有找到

具体时间:[2019-03-21 17:36:08,625][default:DEBUG(389)]
当前文件位置:[E:\web\TY_RMS_Multiple_Manage\TY_RMS_Multiple_Manage\views.py]模块名:[views:]函数名:[page_not_found]:
[第389行]-页面没有找到

具体时间:[2019-03-21 17:37:02,127][default:INFO(21)]
当前文件位置:[E:\web\TY_RMS_Multiple_Manage\user\login_required.py]模块名:[login_required:]函数名:[process_request]:
[第21行]-用户没有登录, 跳转到登录页面

具体时间:[2019-03-21 17:37:03,054][default:INFO(21)]
当前文件位置:[E:\web\TY_RMS_Multiple_Manage\user\login_required.py]模块名:[login_required:]函数名:[process_request]:
[第21行]-用户没有登录, 跳转到登录页面

具体时间:[2019-03-21 17:37:20,998][default:INFO(21)]
当前文件位置:[E:\web\TY_RMS_Multiple_Manage\user\login_required.py]模块名:[login_required:]函数名:[process_request]:
[第21行]-用户没有登录, 跳转到登录页面

具体时间:[2019-03-21 17:37:26,148][default:INFO(137)]
当前文件位置:[E:\web\TY_RMS_Multiple_Manage\TY_RMS_Multiple_Manage\views.py]模块名:[views:]函数名:[account_login]:
[第137行]-登录成功

具体时间:[2019-03-21 17:37:27,856][default:DEBUG(389)]
当前文件位置:[E:\web\TY_RMS_Multiple_Manage\TY_RMS_Multiple_Manage\views.py]模块名:[views:]函数名:[page_not_found]:
[第389行]-页面没有找到

具体时间:[2019-03-21 17:37:28,151][default:DEBUG(389)]
当前文件位置:[E:\web\TY_RMS_Multiple_Manage\TY_RMS_Multiple_Manage\views.py]模块名:[views:]函数名:[page_not_found]:
[第389行]-页面没有找到

具体时间:[2019-03-21 17:37:31,982][default:DEBUG(389)]
当前文件位置:[E:\web\TY_RMS_Multiple_Manage\TY_RMS_Multiple_Manage\views.py]模块名:[views:]函数名:[page_not_found]:
[第389行]-页面没有找到

具体时间:[2019-03-21 17:37:32,554][default:DEBUG(389)]
当前文件位置:[E:\web\TY_RMS_Multiple_Manage\TY_RMS_Multiple_Manage\views.py]模块名:[views:]函数名:[page_not_found]:
[第389行]-页面没有找到

具体时间:[2019-03-21 17:37:32,917][default:DEBUG(389)]
当前文件位置:[E:\web\TY_RMS_Multiple_Manage\TY_RMS_Multiple_Manage\views.py]模块名:[views:]函数名:[page_not_found]:
[第389行]-页面没有找到

具体时间:[2019-03-21 17:37:35,749][default:DEBUG(389)]
当前文件位置:[E:\web\TY_RMS_Multiple_Manage\TY_RMS_Multiple_Manage\views.py]模块名:[views:]函数名:[page_not_found]:
[第389行]-页面没有找到

具体时间:[2019-03-21 17:37:37,814][default:DEBUG(389)]
当前文件位置:[E:\web\TY_RMS_Multiple_Manage\TY_RMS_Multiple_Manage\views.py]模块名:[views:]函数名:[page_not_found]:
[第389行]-页面没有找到

具体时间:[2019-03-21 17:37:43,139][default:DEBUG(389)]
当前文件位置:[E:\web\TY_RMS_Multiple_Manage\TY_RMS_Multiple_Manage\views.py]模块名:[views:]函数名:[page_not_found]:
[第389行]-页面没有找到

具体时间:[2019-03-21 17:37:50,746][default:DEBUG(389)]
当前文件位置:[E:\web\TY_RMS_Multiple_Manage\TY_RMS_Multiple_Manage\views.py]模块名:[views:]函数名:[page_not_found]:
[第389行]-页面没有找到

具体时间:[2019-03-21 17:41:27,040][default:DEBUG(389)]
当前文件位置:[E:\web\TY_RMS_Multiple_Manage\TY_RMS_Multiple_Manage\views.py]模块名:[views:]函数名:[page_not_found]:
[第389行]-页面没有找到

具体时间:[2019-03-21 17:48:29,100][default:DEBUG(389)]
当前文件位置:[E:\web\TY_RMS_Multiple_Manage\TY_RMS_Multiple_Manage\views.py]模块名:[views:]函数名:[page_not_found]:
[第389行]-页面没有找到

具体时间:[2019-03-21 17:49:33,989][default:DEBUG(389)]
当前文件位置:[E:\web\TY_RMS_Multiple_Manage\TY_RMS_Multiple_Manage\views.py]模块名:[views:]函数名:[page_not_found]:
[第389行]-页面没有找到

具体时间:[2019-03-21 17:50:01,339][default:DEBUG(389)]
当前文件位置:[E:\web\TY_RMS_Multiple_Manage\TY_RMS_Multiple_Manage\views.py]模块名:[views:]函数名:[page_not_found]:
[第389行]-页面没有找到

具体时间:[2019-03-21 17:51:38,348][default:DEBUG(389)]
当前文件位置:[E:\web\TY_RMS_Multiple_Manage\TY_RMS_Multiple_Manage\views.py]模块名:[views:]函数名:[page_not_found]:
[第389行]-页面没有找到

具体时间:[2019-03-21 17:52:17,496][default:DEBUG(389)]
当前文件位置:[E:\web\TY_RMS_Multiple_Manage\TY_RMS_Multiple_Manage\views.py]模块名:[views:]函数名:[page_not_found]:
[第389行]-页面没有找到

具体时间:[2019-03-21 18:27:56,497][default:INFO(21)]
当前文件位置:[E:\web\TY_RMS_Multiple_Manage\user\login_required.py]模块名:[login_required:]函数名:[process_request]:
[第21行]-用户没有登录, 跳转到登录页面

具体时间:[2019-03-21 18:28:00,128][default:INFO(137)]
当前文件位置:[E:\web\TY_RMS_Multiple_Manage\TY_RMS_Multiple_Manage\views.py]模块名:[views:]函数名:[account_login]:
[第137行]-登录成功

具体时间:[2019-03-21 18:28:02,317][default:DEBUG(389)]
当前文件位置:[E:\web\TY_RMS_Multiple_Manage\TY_RMS_Multiple_Manage\views.py]模块名:[views:]函数名:[page_not_found]:
[第389行]-页面没有找到

具体时间:[2019-03-21 18:32:05,145][default:DEBUG(389)]
当前文件位置:[E:\web\TY_RMS_Multiple_Manage\TY_RMS_Multiple_Manage\views.py]模块名:[views:]函数名:[page_not_found]:
[第389行]-页面没有找到

具体时间:[2019-03-21 18:38:49,217][default:DEBUG(389)]
当前文件位置:[E:\web\TY_RMS_Multiple_Manage\TY_RMS_Multiple_Manage\views.py]模块名:[views:]函数名:[page_not_found]:
[第389行]-页面没有找到

具体时间:[2019-03-21 18:46:00,109][default:DEBUG(389)]
当前文件位置:[E:\web\TY_RMS_Multiple_Manage\TY_RMS_Multiple_Manage\views.py]模块名:[views:]函数名:[page_not_found]:
[第389行]-页面没有找到

具体时间:[2019-03-21 18:51:14,094][default:DEBUG(389)]
当前文件位置:[E:\web\TY_RMS_Multiple_Manage\TY_RMS_Multiple_Manage\views.py]模块名:[views:]函数名:[page_not_found]:
[第389行]-页面没有找到

具体时间:[2019-03-21 18:58:42,734][default:DEBUG(389)]
当前文件位置:[E:\web\TY_RMS_Multiple_Manage\TY_RMS_Multiple_Manage\views.py]模块名:[views:]函数名:[page_not_found]:
[第389行]-页面没有找到

具体时间:[2019-03-21 19:02:41,782][default:DEBUG(389)]
当前文件位置:[E:\web\TY_RMS_Multiple_Manage\TY_RMS_Multiple_Manage\views.py]模块名:[views:]函数名:[page_not_found]:
[第389行]-页面没有找到

具体时间:[2019-03-21 19:05:15,256][default:DEBUG(389)]
当前文件位置:[E:\web\TY_RMS_Multiple_Manage\TY_RMS_Multiple_Manage\views.py]模块名:[views:]函数名:[page_not_found]:
[第389行]-页面没有找到

