具体时间:[2019-08-09 10:15:03,070][default:INFO(21)]
当前文件位置:[D:\WorkData\VSCodeProjects\TY_RMS_Multiple_Manage_Python\user\login_required.py]模块名:[login_required:]函数名:[process_request]:
[第21行]-用户没有登录, 跳转到登录页面

具体时间:[2019-08-09 10:15:28,678][default:INFO(139)]
当前文件位置:[D:\WorkData\VSCodeProjects\TY_RMS_Multiple_Manage_Python\TY_RMS_Multiple_Manage\views.py]模块名:[views:]函数名:[account_login]:
[第139行]-登录成功

具体时间:[2019-08-09 10:15:56,430][default:INFO(158)]
当前文件位置:[D:\WorkData\VSCodeProjects\TY_RMS_Multiple_Manage_Python\TY_RMS_Multiple_Manage\views.py]模块名:[views:]函数名:[account_login]:
[第158行]-账号或密码不正确, 登录失败

具体时间:[2019-08-09 10:16:34,557][default:INFO(158)]
当前文件位置:[D:\WorkData\VSCodeProjects\TY_RMS_Multiple_Manage_Python\TY_RMS_Multiple_Manage\views.py]模块名:[views:]函数名:[account_login]:
[第158行]-账号或密码不正确, 登录失败

具体时间:[2019-08-09 10:17:17,747][default:INFO(158)]
当前文件位置:[D:\WorkData\VSCodeProjects\TY_RMS_Multiple_Manage_Python\TY_RMS_Multiple_Manage\views.py]模块名:[views:]函数名:[account_login]:
[第158行]-账号或密码不正确, 登录失败

具体时间:[2019-08-09 10:17:35,677][default:INFO(21)]
当前文件位置:[D:\WorkData\VSCodeProjects\TY_RMS_Multiple_Manage_Python\user\login_required.py]模块名:[login_required:]函数名:[process_request]:
[第21行]-用户没有登录, 跳转到登录页面

具体时间:[2019-08-09 10:18:04,885][default:INFO(21)]
当前文件位置:[D:\WorkData\VSCodeProjects\TY_RMS_Multiple_Manage_Python\user\login_required.py]模块名:[login_required:]函数名:[process_request]:
[第21行]-用户没有登录, 跳转到登录页面

具体时间:[2019-08-09 10:23:13,017][default:INFO(21)]
当前文件位置:[D:\WorkData\VSCodeProjects\TY_RMS_Multiple_Manage_Python\user\login_required.py]模块名:[login_required:]函数名:[process_request]:
[第21行]-用户没有登录, 跳转到登录页面

具体时间:[2019-08-09 10:28:55,374][default:INFO(21)]
当前文件位置:[D:\WorkData\VSCodeProjects\TY_RMS_Multiple_Manage_Python\user\login_required.py]模块名:[login_required:]函数名:[process_request]:
[第21行]-用户没有登录, 跳转到登录页面

具体时间:[2019-08-09 10:29:00,988][default:INFO(21)]
当前文件位置:[D:\WorkData\VSCodeProjects\TY_RMS_Multiple_Manage_Python\user\login_required.py]模块名:[login_required:]函数名:[process_request]:
[第21行]-用户没有登录, 跳转到登录页面

具体时间:[2019-08-09 10:29:01,732][default:INFO(21)]
当前文件位置:[D:\WorkData\VSCodeProjects\TY_RMS_Multiple_Manage_Python\user\login_required.py]模块名:[login_required:]函数名:[process_request]:
[第21行]-用户没有登录, 跳转到登录页面

具体时间:[2019-08-09 10:29:04,922][default:INFO(21)]
当前文件位置:[D:\WorkData\VSCodeProjects\TY_RMS_Multiple_Manage_Python\user\login_required.py]模块名:[login_required:]函数名:[process_request]:
[第21行]-用户没有登录, 跳转到登录页面

具体时间:[2019-08-09 10:29:12,014][default:INFO(158)]
当前文件位置:[D:\WorkData\VSCodeProjects\TY_RMS_Multiple_Manage_Python\TY_RMS_Multiple_Manage\views.py]模块名:[views:]函数名:[account_login]:
[第158行]-账号或密码不正确, 登录失败

具体时间:[2019-08-09 10:29:24,582][default:INFO(158)]
当前文件位置:[D:\WorkData\VSCodeProjects\TY_RMS_Multiple_Manage_Python\TY_RMS_Multiple_Manage\views.py]模块名:[views:]函数名:[account_login]:
[第158行]-账号或密码不正确, 登录失败

具体时间:[2019-08-09 10:29:56,005][default:INFO(139)]
当前文件位置:[D:\WorkData\VSCodeProjects\TY_RMS_Multiple_Manage_Python\TY_RMS_Multiple_Manage\views.py]模块名:[views:]函数名:[account_login]:
[第139行]-登录成功

具体时间:[2019-08-09 11:57:33,015][default:INFO(21)]
当前文件位置:[D:\WorkData\VSCodeProjects\TY_RMS_Multiple_Manage_Python\user\login_required.py]模块名:[login_required:]函数名:[process_request]:
[第21行]-用户没有登录, 跳转到登录页面

具体时间:[2019-08-09 11:57:40,539][default:INFO(139)]
当前文件位置:[D:\WorkData\VSCodeProjects\TY_RMS_Multiple_Manage_Python\TY_RMS_Multiple_Manage\views.py]模块名:[views:]函数名:[account_login]:
[第139行]-登录成功

具体时间:[2019-08-09 14:03:07,414][default:INFO(139)]
当前文件位置:[D:\WorkData\VSCodeProjects\TY_RMS_Multiple_Manage_Python\TY_RMS_Multiple_Manage\views.py]模块名:[views:]函数名:[account_login]:
[第139行]-登录成功

具体时间:[2019-08-09 14:03:12,102][default:DEBUG(310)]
当前文件位置:[D:\WorkData\VSCodeProjects\TY_RMS_Multiple_Manage_Python\Lib\reportExcel.py]模块名:[reportExcel:]函数名:[download_excel]:
[第310行]-读取文件异常

具体时间:[2019-08-09 14:03:27,725][default:DEBUG(310)]
当前文件位置:[D:\WorkData\VSCodeProjects\TY_RMS_Multiple_Manage_Python\Lib\reportExcel.py]模块名:[reportExcel:]函数名:[download_excel]:
[第310行]-读取文件异常

具体时间:[2019-08-09 14:04:05,185][default:DEBUG(310)]
当前文件位置:[D:\WorkData\VSCodeProjects\TY_RMS_Multiple_Manage_Python\Lib\reportExcel.py]模块名:[reportExcel:]函数名:[download_excel]:
[第310行]-读取文件异常

具体时间:[2019-08-09 14:04:22,504][default:DEBUG(310)]
当前文件位置:[D:\WorkData\VSCodeProjects\TY_RMS_Multiple_Manage_Python\Lib\reportExcel.py]模块名:[reportExcel:]函数名:[download_excel]:
[第310行]-读取文件异常

具体时间:[2019-08-09 14:04:48,256][default:DEBUG(310)]
当前文件位置:[D:\WorkData\VSCodeProjects\TY_RMS_Multiple_Manage_Python\Lib\reportExcel.py]模块名:[reportExcel:]函数名:[download_excel]:
[第310行]-读取文件异常

具体时间:[2019-08-09 14:05:06,001][default:DEBUG(310)]
当前文件位置:[D:\WorkData\VSCodeProjects\TY_RMS_Multiple_Manage_Python\Lib\reportExcel.py]模块名:[reportExcel:]函数名:[download_excel]:
[第310行]-读取文件异常

具体时间:[2019-08-09 14:11:11,012][default:DEBUG(310)]
当前文件位置:[D:\WorkData\VSCodeProjects\TY_RMS_Multiple_Manage_Python\Lib\reportExcel.py]模块名:[reportExcel:]函数名:[download_excel]:
[第310行]-读取文件异常

具体时间:[2019-08-09 14:11:14,239][default:DEBUG(310)]
当前文件位置:[D:\WorkData\VSCodeProjects\TY_RMS_Multiple_Manage_Python\Lib\reportExcel.py]模块名:[reportExcel:]函数名:[download_excel]:
[第310行]-读取文件异常

具体时间:[2019-08-09 14:11:18,401][default:DEBUG(310)]
当前文件位置:[D:\WorkData\VSCodeProjects\TY_RMS_Multiple_Manage_Python\Lib\reportExcel.py]模块名:[reportExcel:]函数名:[download_excel]:
[第310行]-读取文件异常

具体时间:[2019-08-09 14:11:21,452][default:DEBUG(310)]
当前文件位置:[D:\WorkData\VSCodeProjects\TY_RMS_Multiple_Manage_Python\Lib\reportExcel.py]模块名:[reportExcel:]函数名:[download_excel]:
[第310行]-读取文件异常

具体时间:[2019-08-09 14:25:59,978][default:DEBUG(310)]
当前文件位置:[D:\WorkData\VSCodeProjects\TY_RMS_Multiple_Manage_Python\Lib\reportExcel.py]模块名:[reportExcel:]函数名:[download_excel]:
[第310行]-读取文件异常

具体时间:[2019-08-09 14:29:18,731][default:DEBUG(310)]
当前文件位置:[D:\WorkData\VSCodeProjects\TY_RMS_Multiple_Manage_Python\Lib\reportExcel.py]模块名:[reportExcel:]函数名:[download_excel]:
[第310行]-读取文件异常

具体时间:[2019-08-09 14:29:33,726][default:DEBUG(310)]
当前文件位置:[D:\WorkData\VSCodeProjects\TY_RMS_Multiple_Manage_Python\Lib\reportExcel.py]模块名:[reportExcel:]函数名:[download_excel]:
[第310行]-读取文件异常

具体时间:[2019-08-09 14:48:34,754][default:DEBUG(310)]
当前文件位置:[D:\WorkData\VSCodeProjects\TY_RMS_Multiple_Manage_Python\Lib\reportExcel.py]模块名:[reportExcel:]函数名:[download_excel]:
[第310行]-读取文件异常

具体时间:[2019-08-09 14:48:39,575][default:DEBUG(310)]
当前文件位置:[D:\WorkData\VSCodeProjects\TY_RMS_Multiple_Manage_Python\Lib\reportExcel.py]模块名:[reportExcel:]函数名:[download_excel]:
[第310行]-读取文件异常

具体时间:[2019-08-09 14:48:47,971][default:DEBUG(310)]
当前文件位置:[D:\WorkData\VSCodeProjects\TY_RMS_Multiple_Manage_Python\Lib\reportExcel.py]模块名:[reportExcel:]函数名:[download_excel]:
[第310行]-读取文件异常

具体时间:[2019-08-09 14:48:52,288][default:DEBUG(310)]
当前文件位置:[D:\WorkData\VSCodeProjects\TY_RMS_Multiple_Manage_Python\Lib\reportExcel.py]模块名:[reportExcel:]函数名:[download_excel]:
[第310行]-读取文件异常

具体时间:[2019-08-09 14:48:56,214][default:DEBUG(310)]
当前文件位置:[D:\WorkData\VSCodeProjects\TY_RMS_Multiple_Manage_Python\Lib\reportExcel.py]模块名:[reportExcel:]函数名:[download_excel]:
[第310行]-读取文件异常

具体时间:[2019-08-09 14:48:59,592][default:DEBUG(310)]
当前文件位置:[D:\WorkData\VSCodeProjects\TY_RMS_Multiple_Manage_Python\Lib\reportExcel.py]模块名:[reportExcel:]函数名:[download_excel]:
[第310行]-读取文件异常

具体时间:[2019-08-09 14:49:02,002][default:DEBUG(310)]
当前文件位置:[D:\WorkData\VSCodeProjects\TY_RMS_Multiple_Manage_Python\Lib\reportExcel.py]模块名:[reportExcel:]函数名:[download_excel]:
[第310行]-读取文件异常

具体时间:[2019-08-09 14:49:08,023][default:DEBUG(310)]
当前文件位置:[D:\WorkData\VSCodeProjects\TY_RMS_Multiple_Manage_Python\Lib\reportExcel.py]模块名:[reportExcel:]函数名:[download_excel]:
[第310行]-读取文件异常

具体时间:[2019-08-09 14:49:12,815][default:DEBUG(310)]
当前文件位置:[D:\WorkData\VSCodeProjects\TY_RMS_Multiple_Manage_Python\Lib\reportExcel.py]模块名:[reportExcel:]函数名:[download_excel]:
[第310行]-读取文件异常

具体时间:[2019-08-09 14:49:17,151][default:DEBUG(310)]
当前文件位置:[D:\WorkData\VSCodeProjects\TY_RMS_Multiple_Manage_Python\Lib\reportExcel.py]模块名:[reportExcel:]函数名:[download_excel]:
[第310行]-读取文件异常

具体时间:[2019-08-09 14:49:21,011][default:DEBUG(310)]
当前文件位置:[D:\WorkData\VSCodeProjects\TY_RMS_Multiple_Manage_Python\Lib\reportExcel.py]模块名:[reportExcel:]函数名:[download_excel]:
[第310行]-读取文件异常

具体时间:[2019-08-09 14:49:34,610][default:DEBUG(310)]
当前文件位置:[D:\WorkData\VSCodeProjects\TY_RMS_Multiple_Manage_Python\Lib\reportExcel.py]模块名:[reportExcel:]函数名:[download_excel]:
[第310行]-读取文件异常

具体时间:[2019-08-09 14:52:55,568][default:DEBUG(310)]
当前文件位置:[D:\WorkData\VSCodeProjects\TY_RMS_Multiple_Manage_Python\Lib\reportExcel.py]模块名:[reportExcel:]函数名:[download_excel]:
[第310行]-读取文件异常

具体时间:[2019-08-09 14:57:10,289][default:DEBUG(310)]
当前文件位置:[D:\WorkData\VSCodeProjects\TY_RMS_Multiple_Manage_Python\Lib\reportExcel.py]模块名:[reportExcel:]函数名:[download_excel]:
[第310行]-读取文件异常

具体时间:[2019-08-09 14:57:12,307][default:DEBUG(310)]
当前文件位置:[D:\WorkData\VSCodeProjects\TY_RMS_Multiple_Manage_Python\Lib\reportExcel.py]模块名:[reportExcel:]函数名:[download_excel]:
[第310行]-读取文件异常

具体时间:[2019-08-09 14:57:29,302][default:DEBUG(310)]
当前文件位置:[D:\WorkData\VSCodeProjects\TY_RMS_Multiple_Manage_Python\Lib\reportExcel.py]模块名:[reportExcel:]函数名:[download_excel]:
[第310行]-读取文件异常

具体时间:[2019-08-09 14:57:31,571][default:DEBUG(310)]
当前文件位置:[D:\WorkData\VSCodeProjects\TY_RMS_Multiple_Manage_Python\Lib\reportExcel.py]模块名:[reportExcel:]函数名:[download_excel]:
[第310行]-读取文件异常

具体时间:[2019-08-09 14:59:23,598][default:DEBUG(310)]
当前文件位置:[D:\WorkData\VSCodeProjects\TY_RMS_Multiple_Manage_Python\Lib\reportExcel.py]模块名:[reportExcel:]函数名:[download_excel]:
[第310行]-读取文件异常

具体时间:[2019-08-09 15:32:36,765][default:INFO(139)]
当前文件位置:[D:\WorkData\VSCodeProjects\TY_RMS_Multiple_Manage_Python\TY_RMS_Multiple_Manage\views.py]模块名:[views:]函数名:[account_login]:
[第139行]-登录成功

具体时间:[2019-08-09 17:46:07,170][default:DEBUG(310)]
当前文件位置:[D:\WorkData\VSCodeProjects\TY_RMS_Multiple_Manage_Python\Lib\reportExcel.py]模块名:[reportExcel:]函数名:[download_excel]:
[第310行]-读取文件异常

具体时间:[2019-08-09 17:47:25,482][default:DEBUG(310)]
当前文件位置:[D:\WorkData\VSCodeProjects\TY_RMS_Multiple_Manage_Python\Lib\reportExcel.py]模块名:[reportExcel:]函数名:[download_excel]:
[第310行]-读取文件异常

具体时间:[2019-08-09 17:55:47,084][default:INFO(21)]
当前文件位置:[D:\WorkData\VSCodeProjects\TY_RMS_Multiple_Manage_Python\user\login_required.py]模块名:[login_required:]函数名:[process_request]:
[第21行]-用户没有登录, 跳转到登录页面

具体时间:[2019-08-09 17:56:02,093][default:INFO(21)]
当前文件位置:[D:\WorkData\VSCodeProjects\TY_RMS_Multiple_Manage_Python\user\login_required.py]模块名:[login_required:]函数名:[process_request]:
[第21行]-用户没有登录, 跳转到登录页面

具体时间:[2019-08-09 17:56:17,083][default:INFO(21)]
当前文件位置:[D:\WorkData\VSCodeProjects\TY_RMS_Multiple_Manage_Python\user\login_required.py]模块名:[login_required:]函数名:[process_request]:
[第21行]-用户没有登录, 跳转到登录页面

具体时间:[2019-08-09 17:56:32,086][default:INFO(21)]
当前文件位置:[D:\WorkData\VSCodeProjects\TY_RMS_Multiple_Manage_Python\user\login_required.py]模块名:[login_required:]函数名:[process_request]:
[第21行]-用户没有登录, 跳转到登录页面

具体时间:[2019-08-09 17:56:47,084][default:INFO(21)]
当前文件位置:[D:\WorkData\VSCodeProjects\TY_RMS_Multiple_Manage_Python\user\login_required.py]模块名:[login_required:]函数名:[process_request]:
[第21行]-用户没有登录, 跳转到登录页面

具体时间:[2019-08-09 17:57:02,085][default:INFO(21)]
当前文件位置:[D:\WorkData\VSCodeProjects\TY_RMS_Multiple_Manage_Python\user\login_required.py]模块名:[login_required:]函数名:[process_request]:
[第21行]-用户没有登录, 跳转到登录页面

具体时间:[2019-08-09 17:57:17,086][default:INFO(21)]
当前文件位置:[D:\WorkData\VSCodeProjects\TY_RMS_Multiple_Manage_Python\user\login_required.py]模块名:[login_required:]函数名:[process_request]:
[第21行]-用户没有登录, 跳转到登录页面

具体时间:[2019-08-09 17:57:32,084][default:INFO(21)]
当前文件位置:[D:\WorkData\VSCodeProjects\TY_RMS_Multiple_Manage_Python\user\login_required.py]模块名:[login_required:]函数名:[process_request]:
[第21行]-用户没有登录, 跳转到登录页面

