具体时间:[2020-08-06 13:13:42,347][default:INFO(22)]
当前文件位置:[D:\WorkData\VSCodeProjects\TY_RMS_BZP_Manage\user\login_required.py]模块名:[login_required:]函数名:[process_request]:
[第22行]-用户没有登录, 跳转到登录页面

具体时间:[2020-08-06 13:13:44,378][default:INFO(181)]
当前文件位置:[D:\WorkData\VSCodeProjects\TY_RMS_BZP_Manage\TY_RMS_Multiple_Manage\views.py]模块名:[views:]函数名:[account_login]:
[第181行]-登录成功

具体时间:[2020-08-06 13:20:17,586][default:INFO(22)]
当前文件位置:[D:\WorkData\VSCodeProjects\TY_RMS_BZP_Manage\user\login_required.py]模块名:[login_required:]函数名:[process_request]:
[第22行]-用户没有登录, 跳转到登录页面

具体时间:[2020-08-06 13:20:18,330][default:INFO(22)]
当前文件位置:[D:\WorkData\VSCodeProjects\TY_RMS_BZP_Manage\user\login_required.py]模块名:[login_required:]函数名:[process_request]:
[第22行]-用户没有登录, 跳转到登录页面

具体时间:[2020-08-06 13:20:18,926][default:INFO(22)]
当前文件位置:[D:\WorkData\VSCodeProjects\TY_RMS_BZP_Manage\user\login_required.py]模块名:[login_required:]函数名:[process_request]:
[第22行]-用户没有登录, 跳转到登录页面

具体时间:[2020-08-06 13:20:20,816][default:INFO(22)]
当前文件位置:[D:\WorkData\VSCodeProjects\TY_RMS_BZP_Manage\user\login_required.py]模块名:[login_required:]函数名:[process_request]:
[第22行]-用户没有登录, 跳转到登录页面

具体时间:[2020-08-06 13:20:22,815][default:INFO(181)]
当前文件位置:[D:\WorkData\VSCodeProjects\TY_RMS_BZP_Manage\TY_RMS_Multiple_Manage\views.py]模块名:[views:]函数名:[account_login]:
[第181行]-登录成功

