具体时间:[2020-03-11 01:51:07,499][default:INFO(22)]
当前文件位置:[D:\WorkData\VSCodeProjects\TY_RMS_BZP_Manage\user\login_required.py]模块名:[login_required:]函数名:[process_request]:
[第22行]-用户没有登录, 跳转到登录页面

具体时间:[2020-03-11 01:51:07,691][default:INFO(22)]
当前文件位置:[D:\WorkData\VSCodeProjects\TY_RMS_BZP_Manage\user\login_required.py]模块名:[login_required:]函数名:[process_request]:
[第22行]-用户没有登录, 跳转到登录页面

具体时间:[2020-03-11 01:51:10,723][default:INFO(22)]
当前文件位置:[D:\WorkData\VSCodeProjects\TY_RMS_BZP_Manage\user\login_required.py]模块名:[login_required:]函数名:[process_request]:
[第22行]-用户没有登录, 跳转到登录页面

具体时间:[2020-03-11 01:51:17,345][default:INFO(181)]
当前文件位置:[D:\WorkData\VSCodeProjects\TY_RMS_BZP_Manage\TY_RMS_Multiple_Manage\views.py]模块名:[views:]函数名:[account_login]:
[第181行]-登录成功

具体时间:[2020-03-11 10:41:09,807][default:INFO(22)]
当前文件位置:[D:\WorkData\VSCodeProjects\TY_RMS_BZP_Manage\user\login_required.py]模块名:[login_required:]函数名:[process_request]:
[第22行]-用户没有登录, 跳转到登录页面

具体时间:[2020-03-11 10:41:10,094][default:INFO(22)]
当前文件位置:[D:\WorkData\VSCodeProjects\TY_RMS_BZP_Manage\user\login_required.py]模块名:[login_required:]函数名:[process_request]:
[第22行]-用户没有登录, 跳转到登录页面

具体时间:[2020-03-11 10:41:16,113][default:INFO(181)]
当前文件位置:[D:\WorkData\VSCodeProjects\TY_RMS_BZP_Manage\TY_RMS_Multiple_Manage\views.py]模块名:[views:]函数名:[account_login]:
[第181行]-登录成功

具体时间:[2020-03-11 12:02:57,609][default:INFO(181)]
当前文件位置:[D:\WorkData\VSCodeProjects\TY_RMS_BZP_Manage\TY_RMS_Multiple_Manage\views.py]模块名:[views:]函数名:[account_login]:
[第181行]-登录成功

具体时间:[2020-03-11 12:42:44,552][default:INFO(181)]
当前文件位置:[D:\WorkData\VSCodeProjects\TY_RMS_BZP_Manage\TY_RMS_Multiple_Manage\views.py]模块名:[views:]函数名:[account_login]:
[第181行]-登录成功

