具体时间:[2020-03-02 16:21:39,210][default:INFO(22)]
当前文件位置:[D:\WorkData\VSCodeProjects\TY_RMS_BZP_Manage\user\login_required.py]模块名:[login_required:]函数名:[process_request]:
[第22行]-用户没有登录, 跳转到登录页面

具体时间:[2020-03-02 16:21:39,444][default:INFO(22)]
当前文件位置:[D:\WorkData\VSCodeProjects\TY_RMS_BZP_Manage\user\login_required.py]模块名:[login_required:]函数名:[process_request]:
[第22行]-用户没有登录, 跳转到登录页面

具体时间:[2020-03-02 16:22:16,035][default:INFO(181)]
当前文件位置:[D:\WorkData\VSCodeProjects\TY_RMS_BZP_Manage\TY_RMS_Multiple_Manage\views.py]模块名:[views:]函数名:[account_login]:
[第181行]-登录成功

具体时间:[2020-03-02 16:58:32,950][default:INFO(22)]
当前文件位置:[D:\WorkData\VSCodeProjects\TY_RMS_BZP_Manage\user\login_required.py]模块名:[login_required:]函数名:[process_request]:
[第22行]-用户没有登录, 跳转到登录页面

具体时间:[2020-03-02 16:58:33,180][default:INFO(22)]
当前文件位置:[D:\WorkData\VSCodeProjects\TY_RMS_BZP_Manage\user\login_required.py]模块名:[login_required:]函数名:[process_request]:
[第22行]-用户没有登录, 跳转到登录页面

具体时间:[2020-03-02 16:58:38,803][default:INFO(181)]
当前文件位置:[D:\WorkData\VSCodeProjects\TY_RMS_BZP_Manage\TY_RMS_Multiple_Manage\views.py]模块名:[views:]函数名:[account_login]:
[第181行]-登录成功

具体时间:[2020-03-02 20:40:06,705][default:INFO(22)]
当前文件位置:[D:\WorkData\VSCodeProjects\TY_RMS_BZP_Manage\user\login_required.py]模块名:[login_required:]函数名:[process_request]:
[第22行]-用户没有登录, 跳转到登录页面

具体时间:[2020-03-02 20:40:07,083][default:INFO(22)]
当前文件位置:[D:\WorkData\VSCodeProjects\TY_RMS_BZP_Manage\user\login_required.py]模块名:[login_required:]函数名:[process_request]:
[第22行]-用户没有登录, 跳转到登录页面

具体时间:[2020-03-02 20:40:12,507][default:INFO(181)]
当前文件位置:[D:\WorkData\VSCodeProjects\TY_RMS_BZP_Manage\TY_RMS_Multiple_Manage\views.py]模块名:[views:]函数名:[account_login]:
[第181行]-登录成功

具体时间:[2020-03-02 20:43:06,502][default:INFO(22)]
当前文件位置:[D:\WorkData\VSCodeProjects\TY_RMS_BZP_Manage\user\login_required.py]模块名:[login_required:]函数名:[process_request]:
[第22行]-用户没有登录, 跳转到登录页面

具体时间:[2020-03-02 20:43:06,760][default:INFO(22)]
当前文件位置:[D:\WorkData\VSCodeProjects\TY_RMS_BZP_Manage\user\login_required.py]模块名:[login_required:]函数名:[process_request]:
[第22行]-用户没有登录, 跳转到登录页面

具体时间:[2020-03-02 20:43:12,986][default:INFO(181)]
当前文件位置:[D:\WorkData\VSCodeProjects\TY_RMS_BZP_Manage\TY_RMS_Multiple_Manage\views.py]模块名:[views:]函数名:[account_login]:
[第181行]-登录成功

具体时间:[2020-03-02 21:22:41,627][default:INFO(181)]
当前文件位置:[D:\WorkData\VSCodeProjects\TY_RMS_BZP_Manage\TY_RMS_Multiple_Manage\views.py]模块名:[views:]函数名:[account_login]:
[第181行]-登录成功

具体时间:[2020-03-02 21:36:43,904][default:INFO(22)]
当前文件位置:[D:\WorkData\VSCodeProjects\TY_RMS_BZP_Manage\user\login_required.py]模块名:[login_required:]函数名:[process_request]:
[第22行]-用户没有登录, 跳转到登录页面

具体时间:[2020-03-02 21:36:44,261][default:INFO(22)]
当前文件位置:[D:\WorkData\VSCodeProjects\TY_RMS_BZP_Manage\user\login_required.py]模块名:[login_required:]函数名:[process_request]:
[第22行]-用户没有登录, 跳转到登录页面

具体时间:[2020-03-02 21:36:54,769][default:INFO(181)]
当前文件位置:[D:\WorkData\VSCodeProjects\TY_RMS_BZP_Manage\TY_RMS_Multiple_Manage\views.py]模块名:[views:]函数名:[account_login]:
[第181行]-登录成功

具体时间:[2020-03-02 21:40:28,696][default:INFO(22)]
当前文件位置:[D:\WorkData\VSCodeProjects\TY_RMS_BZP_Manage\user\login_required.py]模块名:[login_required:]函数名:[process_request]:
[第22行]-用户没有登录, 跳转到登录页面

具体时间:[2020-03-02 21:41:09,687][default:INFO(181)]
当前文件位置:[D:\WorkData\VSCodeProjects\TY_RMS_BZP_Manage\TY_RMS_Multiple_Manage\views.py]模块名:[views:]函数名:[account_login]:
[第181行]-登录成功

具体时间:[2020-03-02 21:44:37,544][default:INFO(181)]
当前文件位置:[D:\WorkData\VSCodeProjects\TY_RMS_BZP_Manage\TY_RMS_Multiple_Manage\views.py]模块名:[views:]函数名:[account_login]:
[第181行]-登录成功

具体时间:[2020-03-02 21:59:21,436][default:INFO(22)]
当前文件位置:[D:\WorkData\VSCodeProjects\TY_RMS_BZP_Manage\user\login_required.py]模块名:[login_required:]函数名:[process_request]:
[第22行]-用户没有登录, 跳转到登录页面

具体时间:[2020-03-02 21:59:34,569][default:INFO(181)]
当前文件位置:[D:\WorkData\VSCodeProjects\TY_RMS_BZP_Manage\TY_RMS_Multiple_Manage\views.py]模块名:[views:]函数名:[account_login]:
[第181行]-登录成功

具体时间:[2020-03-02 22:09:30,260][default:INFO(22)]
当前文件位置:[D:\WorkData\VSCodeProjects\TY_RMS_BZP_Manage\user\login_required.py]模块名:[login_required:]函数名:[process_request]:
[第22行]-用户没有登录, 跳转到登录页面

具体时间:[2020-03-02 22:09:30,518][default:INFO(22)]
当前文件位置:[D:\WorkData\VSCodeProjects\TY_RMS_BZP_Manage\user\login_required.py]模块名:[login_required:]函数名:[process_request]:
[第22行]-用户没有登录, 跳转到登录页面

具体时间:[2020-03-02 22:09:41,826][default:INFO(181)]
当前文件位置:[D:\WorkData\VSCodeProjects\TY_RMS_BZP_Manage\TY_RMS_Multiple_Manage\views.py]模块名:[views:]函数名:[account_login]:
[第181行]-登录成功

具体时间:[2020-03-02 22:14:58,791][default:INFO(22)]
当前文件位置:[D:\WorkData\VSCodeProjects\TY_RMS_BZP_Manage\user\login_required.py]模块名:[login_required:]函数名:[process_request]:
[第22行]-用户没有登录, 跳转到登录页面

具体时间:[2020-03-02 22:14:58,988][default:INFO(22)]
当前文件位置:[D:\WorkData\VSCodeProjects\TY_RMS_BZP_Manage\user\login_required.py]模块名:[login_required:]函数名:[process_request]:
[第22行]-用户没有登录, 跳转到登录页面

具体时间:[2020-03-02 22:15:08,367][default:INFO(181)]
当前文件位置:[D:\WorkData\VSCodeProjects\TY_RMS_BZP_Manage\TY_RMS_Multiple_Manage\views.py]模块名:[views:]函数名:[account_login]:
[第181行]-登录成功

具体时间:[2020-03-02 22:15:47,456][default:INFO(22)]
当前文件位置:[D:\WorkData\VSCodeProjects\TY_RMS_BZP_Manage\user\login_required.py]模块名:[login_required:]函数名:[process_request]:
[第22行]-用户没有登录, 跳转到登录页面

具体时间:[2020-03-02 22:15:57,877][default:INFO(181)]
当前文件位置:[D:\WorkData\VSCodeProjects\TY_RMS_BZP_Manage\TY_RMS_Multiple_Manage\views.py]模块名:[views:]函数名:[account_login]:
[第181行]-登录成功

具体时间:[2020-03-02 22:17:47,784][default:INFO(22)]
当前文件位置:[D:\WorkData\VSCodeProjects\TY_RMS_BZP_Manage\user\login_required.py]模块名:[login_required:]函数名:[process_request]:
[第22行]-用户没有登录, 跳转到登录页面

具体时间:[2020-03-02 22:33:04,034][default:INFO(22)]
当前文件位置:[D:\WorkData\VSCodeProjects\TY_RMS_BZP_Manage\user\login_required.py]模块名:[login_required:]函数名:[process_request]:
[第22行]-用户没有登录, 跳转到登录页面

具体时间:[2020-03-02 22:33:04,047][default:INFO(22)]
当前文件位置:[D:\WorkData\VSCodeProjects\TY_RMS_BZP_Manage\user\login_required.py]模块名:[login_required:]函数名:[process_request]:
[第22行]-用户没有登录, 跳转到登录页面

具体时间:[2020-03-02 22:41:48,801][default:INFO(22)]
当前文件位置:[D:\WorkData\VSCodeProjects\TY_RMS_BZP_Manage\user\login_required.py]模块名:[login_required:]函数名:[process_request]:
[第22行]-用户没有登录, 跳转到登录页面

具体时间:[2020-03-02 22:47:43,021][default:INFO(22)]
当前文件位置:[D:\WorkData\VSCodeProjects\TY_RMS_BZP_Manage\user\login_required.py]模块名:[login_required:]函数名:[process_request]:
[第22行]-用户没有登录, 跳转到登录页面

具体时间:[2020-03-02 22:47:43,379][default:INFO(22)]
当前文件位置:[D:\WorkData\VSCodeProjects\TY_RMS_BZP_Manage\user\login_required.py]模块名:[login_required:]函数名:[process_request]:
[第22行]-用户没有登录, 跳转到登录页面

具体时间:[2020-03-02 22:47:53,109][default:INFO(181)]
当前文件位置:[D:\WorkData\VSCodeProjects\TY_RMS_BZP_Manage\TY_RMS_Multiple_Manage\views.py]模块名:[views:]函数名:[account_login]:
[第181行]-登录成功

具体时间:[2020-03-02 22:56:48,669][default:INFO(22)]
当前文件位置:[D:\WorkData\VSCodeProjects\TY_RMS_BZP_Manage\user\login_required.py]模块名:[login_required:]函数名:[process_request]:
[第22行]-用户没有登录, 跳转到登录页面

具体时间:[2020-03-02 22:56:54,130][default:INFO(181)]
当前文件位置:[D:\WorkData\VSCodeProjects\TY_RMS_BZP_Manage\TY_RMS_Multiple_Manage\views.py]模块名:[views:]函数名:[account_login]:
[第181行]-登录成功

具体时间:[2020-03-02 22:58:03,395][default:INFO(22)]
当前文件位置:[D:\WorkData\VSCodeProjects\TY_RMS_BZP_Manage\user\login_required.py]模块名:[login_required:]函数名:[process_request]:
[第22行]-用户没有登录, 跳转到登录页面

具体时间:[2020-03-02 22:58:03,758][default:INFO(22)]
当前文件位置:[D:\WorkData\VSCodeProjects\TY_RMS_BZP_Manage\user\login_required.py]模块名:[login_required:]函数名:[process_request]:
[第22行]-用户没有登录, 跳转到登录页面

具体时间:[2020-03-02 22:58:14,681][default:INFO(181)]
当前文件位置:[D:\WorkData\VSCodeProjects\TY_RMS_BZP_Manage\TY_RMS_Multiple_Manage\views.py]模块名:[views:]函数名:[account_login]:
[第181行]-登录成功

具体时间:[2020-03-02 22:58:29,740][default:INFO(22)]
当前文件位置:[D:\WorkData\VSCodeProjects\TY_RMS_BZP_Manage\user\login_required.py]模块名:[login_required:]函数名:[process_request]:
[第22行]-用户没有登录, 跳转到登录页面

具体时间:[2020-03-02 22:58:33,492][default:INFO(181)]
当前文件位置:[D:\WorkData\VSCodeProjects\TY_RMS_BZP_Manage\TY_RMS_Multiple_Manage\views.py]模块名:[views:]函数名:[account_login]:
[第181行]-登录成功

具体时间:[2020-03-02 23:21:49,570][default:INFO(22)]
当前文件位置:[D:\WorkData\VSCodeProjects\TY_RMS_BZP_Manage\user\login_required.py]模块名:[login_required:]函数名:[process_request]:
[第22行]-用户没有登录, 跳转到登录页面

具体时间:[2020-03-02 23:21:56,251][default:INFO(181)]
当前文件位置:[D:\WorkData\VSCodeProjects\TY_RMS_BZP_Manage\TY_RMS_Multiple_Manage\views.py]模块名:[views:]函数名:[account_login]:
[第181行]-登录成功

具体时间:[2020-03-02 23:31:01,246][default:INFO(22)]
当前文件位置:[D:\WorkData\VSCodeProjects\TY_RMS_BZP_Manage\user\login_required.py]模块名:[login_required:]函数名:[process_request]:
[第22行]-用户没有登录, 跳转到登录页面

具体时间:[2020-03-02 23:31:07,755][default:INFO(181)]
当前文件位置:[D:\WorkData\VSCodeProjects\TY_RMS_BZP_Manage\TY_RMS_Multiple_Manage\views.py]模块名:[views:]函数名:[account_login]:
[第181行]-登录成功

具体时间:[2020-03-02 23:31:47,473][default:INFO(22)]
当前文件位置:[D:\WorkData\VSCodeProjects\TY_RMS_BZP_Manage\user\login_required.py]模块名:[login_required:]函数名:[process_request]:
[第22行]-用户没有登录, 跳转到登录页面

具体时间:[2020-03-02 23:31:53,410][default:INFO(181)]
当前文件位置:[D:\WorkData\VSCodeProjects\TY_RMS_BZP_Manage\TY_RMS_Multiple_Manage\views.py]模块名:[views:]函数名:[account_login]:
[第181行]-登录成功

具体时间:[2020-03-02 23:35:13,733][default:INFO(181)]
当前文件位置:[D:\WorkData\VSCodeProjects\TY_RMS_BZP_Manage\TY_RMS_Multiple_Manage\views.py]模块名:[views:]函数名:[account_login]:
[第181行]-登录成功

具体时间:[2020-03-02 23:36:16,586][default:INFO(22)]
当前文件位置:[D:\WorkData\VSCodeProjects\TY_RMS_BZP_Manage\user\login_required.py]模块名:[login_required:]函数名:[process_request]:
[第22行]-用户没有登录, 跳转到登录页面

具体时间:[2020-03-02 23:36:16,802][default:INFO(22)]
当前文件位置:[D:\WorkData\VSCodeProjects\TY_RMS_BZP_Manage\user\login_required.py]模块名:[login_required:]函数名:[process_request]:
[第22行]-用户没有登录, 跳转到登录页面

具体时间:[2020-03-02 23:36:23,053][default:INFO(181)]
当前文件位置:[D:\WorkData\VSCodeProjects\TY_RMS_BZP_Manage\TY_RMS_Multiple_Manage\views.py]模块名:[views:]函数名:[account_login]:
[第181行]-登录成功

具体时间:[2020-03-02 23:41:09,203][default:INFO(22)]
当前文件位置:[D:\WorkData\VSCodeProjects\TY_RMS_BZP_Manage\user\login_required.py]模块名:[login_required:]函数名:[process_request]:
[第22行]-用户没有登录, 跳转到登录页面

具体时间:[2020-03-02 23:41:16,094][default:INFO(181)]
当前文件位置:[D:\WorkData\VSCodeProjects\TY_RMS_BZP_Manage\TY_RMS_Multiple_Manage\views.py]模块名:[views:]函数名:[account_login]:
[第181行]-登录成功

