具体时间:[2020-02-29 11:18:10,580][default:INFO(22)]
当前文件位置:[D:\WorkData\VSCodeProjects\TY_RMS_BZP_Manage\user\login_required.py]模块名:[login_required:]函数名:[process_request]:
[第22行]-用户没有登录, 跳转到登录页面

具体时间:[2020-02-29 11:18:16,443][default:INFO(181)]
当前文件位置:[D:\WorkData\VSCodeProjects\TY_RMS_BZP_Manage\TY_RMS_Multiple_Manage\views.py]模块名:[views:]函数名:[account_login]:
[第181行]-登录成功

具体时间:[2020-02-29 14:50:19,870][default:INFO(181)]
当前文件位置:[D:\WorkData\VSCodeProjects\TY_RMS_BZP_Manage\TY_RMS_Multiple_Manage\views.py]模块名:[views:]函数名:[account_login]:
[第181行]-登录成功

具体时间:[2020-02-29 16:05:29,248][default:INFO(22)]
当前文件位置:[D:\WorkData\VSCodeProjects\TY_RMS_BZP_Manage\user\login_required.py]模块名:[login_required:]函数名:[process_request]:
[第22行]-用户没有登录, 跳转到登录页面

具体时间:[2020-02-29 16:05:29,493][default:INFO(22)]
当前文件位置:[D:\WorkData\VSCodeProjects\TY_RMS_BZP_Manage\user\login_required.py]模块名:[login_required:]函数名:[process_request]:
[第22行]-用户没有登录, 跳转到登录页面

具体时间:[2020-02-29 16:05:37,867][default:INFO(181)]
当前文件位置:[D:\WorkData\VSCodeProjects\TY_RMS_BZP_Manage\TY_RMS_Multiple_Manage\views.py]模块名:[views:]函数名:[account_login]:
[第181行]-登录成功

具体时间:[2020-02-29 18:40:06,218][default:INFO(181)]
当前文件位置:[D:\WorkData\VSCodeProjects\TY_RMS_BZP_Manage\TY_RMS_Multiple_Manage\views.py]模块名:[views:]函数名:[account_login]:
[第181行]-登录成功

具体时间:[2020-02-29 22:26:04,782][default:INFO(22)]
当前文件位置:[D:\WorkData\VSCodeProjects\TY_RMS_BZP_Manage\user\login_required.py]模块名:[login_required:]函数名:[process_request]:
[第22行]-用户没有登录, 跳转到登录页面

具体时间:[2020-02-29 22:26:11,046][default:INFO(181)]
当前文件位置:[D:\WorkData\VSCodeProjects\TY_RMS_BZP_Manage\TY_RMS_Multiple_Manage\views.py]模块名:[views:]函数名:[account_login]:
[第181行]-登录成功

