具体时间:[2020-03-03 02:33:47,145][default:DEBUG(310)]
当前文件位置:[D:\WorkData\VSCodeProjects\TY_RMS_BZP_Manage\Lib\reportExcel.py]模块名:[reportExcel:]函数名:[download_excel]:
[第310行]-读取文件异常[Errno 2] No such file or directory: '标准品验收记录表.pdf'

具体时间:[2020-03-03 02:33:51,734][default:DEBUG(310)]
当前文件位置:[D:\WorkData\VSCodeProjects\TY_RMS_BZP_Manage\Lib\reportExcel.py]模块名:[reportExcel:]函数名:[download_excel]:
[第310行]-读取文件异常[Errno 2] No such file or directory: '标准品验收记录表.pdf'

具体时间:[2020-03-03 02:39:01,512][default:DEBUG(310)]
当前文件位置:[D:\WorkData\VSCodeProjects\TY_RMS_BZP_Manage\Lib\reportExcel.py]模块名:[reportExcel:]函数名:[download_excel]:
[第310行]-读取文件异常[Errno 2] No such file or directory: '标准品验收记录表.pdf'

具体时间:[2020-03-03 08:35:36,831][default:INFO(22)]
当前文件位置:[D:\WorkData\VSCodeProjects\TY_RMS_BZP_Manage\user\login_required.py]模块名:[login_required:]函数名:[process_request]:
[第22行]-用户没有登录, 跳转到登录页面

具体时间:[2020-03-03 08:35:37,032][default:INFO(22)]
当前文件位置:[D:\WorkData\VSCodeProjects\TY_RMS_BZP_Manage\user\login_required.py]模块名:[login_required:]函数名:[process_request]:
[第22行]-用户没有登录, 跳转到登录页面

具体时间:[2020-03-03 08:35:42,435][default:INFO(181)]
当前文件位置:[D:\WorkData\VSCodeProjects\TY_RMS_BZP_Manage\TY_RMS_Multiple_Manage\views.py]模块名:[views:]函数名:[account_login]:
[第181行]-登录成功

具体时间:[2020-03-03 09:02:16,169][default:DEBUG(310)]
当前文件位置:[D:\WorkData\VSCodeProjects\TY_RMS_BZP_Manage\Lib\reportExcel.py]模块名:[reportExcel:]函数名:[download_excel]:
[第310行]-读取文件异常[Errno 2] No such file or directory: '标准品验收记录表.pdf'

具体时间:[2020-03-03 09:02:58,022][default:DEBUG(310)]
当前文件位置:[D:\WorkData\VSCodeProjects\TY_RMS_BZP_Manage\Lib\reportExcel.py]模块名:[reportExcel:]函数名:[download_excel]:
[第310行]-读取文件异常[Errno 2] No such file or directory: '标准品验收记录表.pdf'

具体时间:[2020-03-03 09:02:58,057][default:DEBUG(310)]
当前文件位置:[D:\WorkData\VSCodeProjects\TY_RMS_BZP_Manage\Lib\reportExcel.py]模块名:[reportExcel:]函数名:[download_excel]:
[第310行]-读取文件异常[Errno 2] No such file or directory: '标准品验收记录表.pdf'

具体时间:[2020-03-03 09:03:22,990][default:DEBUG(310)]
当前文件位置:[D:\WorkData\VSCodeProjects\TY_RMS_BZP_Manage\Lib\reportExcel.py]模块名:[reportExcel:]函数名:[download_excel]:
[第310行]-读取文件异常[Errno 2] No such file or directory: '标准品验收记录表.pdf'

具体时间:[2020-03-03 09:04:14,476][default:DEBUG(310)]
当前文件位置:[D:\WorkData\VSCodeProjects\TY_RMS_BZP_Manage\Lib\reportExcel.py]模块名:[reportExcel:]函数名:[download_excel]:
[第310行]-读取文件异常[Errno 2] No such file or directory: '标准品验收记录表.pdf'

具体时间:[2020-03-03 09:04:14,491][default:DEBUG(310)]
当前文件位置:[D:\WorkData\VSCodeProjects\TY_RMS_BZP_Manage\Lib\reportExcel.py]模块名:[reportExcel:]函数名:[download_excel]:
[第310行]-读取文件异常[Errno 2] No such file or directory: '标准品验收记录表.pdf'

具体时间:[2020-03-03 09:53:46,820][default:INFO(22)]
当前文件位置:[D:\WorkData\VSCodeProjects\TY_RMS_BZP_Manage\user\login_required.py]模块名:[login_required:]函数名:[process_request]:
[第22行]-用户没有登录, 跳转到登录页面

具体时间:[2020-03-03 09:53:49,173][default:INFO(22)]
当前文件位置:[D:\WorkData\VSCodeProjects\TY_RMS_BZP_Manage\user\login_required.py]模块名:[login_required:]函数名:[process_request]:
[第22行]-用户没有登录, 跳转到登录页面

具体时间:[2020-03-03 09:53:52,689][default:INFO(181)]
当前文件位置:[D:\WorkData\VSCodeProjects\TY_RMS_BZP_Manage\TY_RMS_Multiple_Manage\views.py]模块名:[views:]函数名:[account_login]:
[第181行]-登录成功

具体时间:[2020-03-03 09:56:26,151][default:DEBUG(310)]
当前文件位置:[D:\WorkData\VSCodeProjects\TY_RMS_BZP_Manage\Lib\reportExcel.py]模块名:[reportExcel:]函数名:[download_excel]:
[第310行]-读取文件异常[Errno 2] No such file or directory: 'æ\\xa0\\x87å\\x87\\x86å\\x93\\x81éª\\x8cæ\\x94¶è®°å½\\x95è¡¨_2020200229190014080.pdf'

具体时间:[2020-03-03 09:57:56,751][default:DEBUG(310)]
当前文件位置:[D:\WorkData\VSCodeProjects\TY_RMS_BZP_Manage\Lib\reportExcel.py]模块名:[reportExcel:]函数名:[download_excel]:
[第310行]-读取文件异常[Errno 2] No such file or directory: '标准品验收记录表_2020200229190014080.pdf'

具体时间:[2020-03-03 09:58:29,364][default:DEBUG(310)]
当前文件位置:[D:\WorkData\VSCodeProjects\TY_RMS_BZP_Manage\Lib\reportExcel.py]模块名:[reportExcel:]函数名:[download_excel]:
[第310行]-读取文件异常[Errno 2] No such file or directory: '标准品验收记录表_2020200229190014080.pdf'

具体时间:[2020-03-03 09:59:31,603][default:DEBUG(310)]
当前文件位置:[D:\WorkData\VSCodeProjects\TY_RMS_BZP_Manage\Lib\reportExcel.py]模块名:[reportExcel:]函数名:[download_excel]:
[第310行]-读取文件异常[Errno 2] No such file or directory: '标准品验收记录表_2020200229190014080.pdf'

具体时间:[2020-03-03 10:01:33,320][default:DEBUG(310)]
当前文件位置:[D:\WorkData\VSCodeProjects\TY_RMS_BZP_Manage\Lib\reportExcel.py]模块名:[reportExcel:]函数名:[download_excel]:
[第310行]-读取文件异常[Errno 2] No such file or directory: '标准品验收记录表_2020200229190014080.pdf'

具体时间:[2020-03-03 10:01:33,848][default:DEBUG(310)]
当前文件位置:[D:\WorkData\VSCodeProjects\TY_RMS_BZP_Manage\Lib\reportExcel.py]模块名:[reportExcel:]函数名:[download_excel]:
[第310行]-读取文件异常[Errno 2] No such file or directory: '标准品验收记录表_2020200229190014080.pdf'

具体时间:[2020-03-03 10:03:04,071][default:DEBUG(310)]
当前文件位置:[D:\WorkData\VSCodeProjects\TY_RMS_BZP_Manage\Lib\reportExcel.py]模块名:[reportExcel:]函数名:[download_excel]:
[第310行]-读取文件异常[Errno 2] No such file or directory: '标准品验收记录表_2020200229190014080.pdf'

具体时间:[2020-03-03 10:03:04,580][default:DEBUG(310)]
当前文件位置:[D:\WorkData\VSCodeProjects\TY_RMS_BZP_Manage\Lib\reportExcel.py]模块名:[reportExcel:]函数名:[download_excel]:
[第310行]-读取文件异常[Errno 2] No such file or directory: '标准品验收记录表_2020200229190014080.pdf'

具体时间:[2020-03-03 10:03:44,525][default:DEBUG(310)]
当前文件位置:[D:\WorkData\VSCodeProjects\TY_RMS_BZP_Manage\Lib\reportExcel.py]模块名:[reportExcel:]函数名:[download_excel]:
[第310行]-读取文件异常[Errno 2] No such file or directory: '标准品验收记录表_2020200229190014080.pdf'

具体时间:[2020-03-03 10:03:45,049][default:DEBUG(310)]
当前文件位置:[D:\WorkData\VSCodeProjects\TY_RMS_BZP_Manage\Lib\reportExcel.py]模块名:[reportExcel:]函数名:[download_excel]:
[第310行]-读取文件异常[Errno 2] No such file or directory: '标准品验收记录表_2020200229190014080.pdf'

具体时间:[2020-03-03 10:05:21,399][default:DEBUG(310)]
当前文件位置:[D:\WorkData\VSCodeProjects\TY_RMS_BZP_Manage\Lib\reportExcel.py]模块名:[reportExcel:]函数名:[download_excel]:
[第310行]-读取文件异常[Errno 2] No such file or directory: '标准品验收记录表_2020200229190014080.pdf'

具体时间:[2020-03-03 10:05:21,923][default:DEBUG(310)]
当前文件位置:[D:\WorkData\VSCodeProjects\TY_RMS_BZP_Manage\Lib\reportExcel.py]模块名:[reportExcel:]函数名:[download_excel]:
[第310行]-读取文件异常[Errno 2] No such file or directory: '标准品验收记录表_2020200229190014080.pdf'

具体时间:[2020-03-03 10:06:44,266][default:DEBUG(310)]
当前文件位置:[D:\WorkData\VSCodeProjects\TY_RMS_BZP_Manage\Lib\reportExcel.py]模块名:[reportExcel:]函数名:[download_excel]:
[第310行]-读取文件异常[Errno 2] No such file or directory: '标准品验收记录表_2020200229190014080.pdf'

具体时间:[2020-03-03 10:08:41,163][default:DEBUG(310)]
当前文件位置:[D:\WorkData\VSCodeProjects\TY_RMS_BZP_Manage\Lib\reportExcel.py]模块名:[reportExcel:]函数名:[download_excel]:
[第310行]-读取文件异常[Errno 2] No such file or directory: '标准品验收记录表_2020200229190014080.pdf'

具体时间:[2020-03-03 10:09:52,446][default:DEBUG(310)]
当前文件位置:[D:\WorkData\VSCodeProjects\TY_RMS_BZP_Manage\Lib\reportExcel.py]模块名:[reportExcel:]函数名:[download_excel]:
[第310行]-读取文件异常[Errno 2] No such file or directory: '2020200229190014080.pdf'

具体时间:[2020-03-03 10:12:34,693][default:DEBUG(310)]
当前文件位置:[D:\WorkData\VSCodeProjects\TY_RMS_BZP_Manage\Lib\reportExcel.py]模块名:[reportExcel:]函数名:[download_excel]:
[第310行]-读取文件异常[Errno 2] No such file or directory: '2020200229190014080.pdf'

具体时间:[2020-03-03 10:14:42,812][default:DEBUG(310)]
当前文件位置:[D:\WorkData\VSCodeProjects\TY_RMS_BZP_Manage\Lib\reportExcel.py]模块名:[reportExcel:]函数名:[download_excel]:
[第310行]-读取文件异常[Errno 2] No such file or directory: '2020200229190014080.pdf'

具体时间:[2020-03-03 10:18:23,022][default:INFO(22)]
当前文件位置:[D:\WorkData\VSCodeProjects\TY_RMS_BZP_Manage\user\login_required.py]模块名:[login_required:]函数名:[process_request]:
[第22行]-用户没有登录, 跳转到登录页面

具体时间:[2020-03-03 10:18:27,041][default:INFO(181)]
当前文件位置:[D:\WorkData\VSCodeProjects\TY_RMS_BZP_Manage\TY_RMS_Multiple_Manage\views.py]模块名:[views:]函数名:[account_login]:
[第181行]-登录成功

具体时间:[2020-03-03 10:19:13,510][default:INFO(22)]
当前文件位置:[D:\WorkData\VSCodeProjects\TY_RMS_BZP_Manage\user\login_required.py]模块名:[login_required:]函数名:[process_request]:
[第22行]-用户没有登录, 跳转到登录页面

具体时间:[2020-03-03 10:19:13,603][default:INFO(22)]
当前文件位置:[D:\WorkData\VSCodeProjects\TY_RMS_BZP_Manage\user\login_required.py]模块名:[login_required:]函数名:[process_request]:
[第22行]-用户没有登录, 跳转到登录页面

具体时间:[2020-03-03 10:19:20,184][default:INFO(181)]
当前文件位置:[D:\WorkData\VSCodeProjects\TY_RMS_BZP_Manage\TY_RMS_Multiple_Manage\views.py]模块名:[views:]函数名:[account_login]:
[第181行]-登录成功

具体时间:[2020-03-03 10:25:28,497][default:DEBUG(310)]
当前文件位置:[D:\WorkData\VSCodeProjects\TY_RMS_BZP_Manage\Lib\reportExcel.py]模块名:[reportExcel:]函数名:[download_excel]:
[第310行]-读取文件异常[Errno 2] No such file or directory: '2020200229190014080.pdf'

具体时间:[2020-03-03 10:27:11,385][default:DEBUG(310)]
当前文件位置:[D:\WorkData\VSCodeProjects\TY_RMS_BZP_Manage\Lib\reportExcel.py]模块名:[reportExcel:]函数名:[download_excel]:
[第310行]-读取文件异常[Errno 2] No such file or directory: '2020200229190014080.pdf'

具体时间:[2020-03-03 10:45:43,949][default:DEBUG(310)]
当前文件位置:[D:\WorkData\VSCodeProjects\TY_RMS_BZP_Manage\Lib\reportExcel.py]模块名:[reportExcel:]函数名:[download_excel]:
[第310行]-读取文件异常[Errno 2] No such file or directory: '2020200229190014080.pdf'

具体时间:[2020-03-03 10:51:25,375][default:DEBUG(310)]
当前文件位置:[D:\WorkData\VSCodeProjects\TY_RMS_BZP_Manage\Lib\reportExcel.py]模块名:[reportExcel:]函数名:[download_excel]:
[第310行]-读取文件异常[Errno 2] No such file or directory: '2020200229190014080.pdf'

具体时间:[2020-03-03 10:52:23,377][default:DEBUG(310)]
当前文件位置:[D:\WorkData\VSCodeProjects\TY_RMS_BZP_Manage\Lib\reportExcel.py]模块名:[reportExcel:]函数名:[download_excel]:
[第310行]-读取文件异常[Errno 2] No such file or directory: '2020200229190014080.pdf'

具体时间:[2020-03-03 12:35:02,418][default:INFO(181)]
当前文件位置:[D:\WorkData\VSCodeProjects\TY_RMS_BZP_Manage\TY_RMS_Multiple_Manage\views.py]模块名:[views:]函数名:[account_login]:
[第181行]-登录成功

具体时间:[2020-03-03 15:09:03,505][default:INFO(181)]
当前文件位置:[D:\WorkData\VSCodeProjects\TY_RMS_BZP_Manage\TY_RMS_Multiple_Manage\views.py]模块名:[views:]函数名:[account_login]:
[第181行]-登录成功

具体时间:[2020-03-03 16:05:00,493][default:INFO(181)]
当前文件位置:[D:\WorkData\VSCodeProjects\TY_RMS_BZP_Manage\TY_RMS_Multiple_Manage\views.py]模块名:[views:]函数名:[account_login]:
[第181行]-登录成功

具体时间:[2020-03-03 16:06:50,150][default:INFO(181)]
当前文件位置:[D:\WorkData\VSCodeProjects\TY_RMS_BZP_Manage\TY_RMS_Multiple_Manage\views.py]模块名:[views:]函数名:[account_login]:
[第181行]-登录成功

具体时间:[2020-03-03 16:10:43,798][default:INFO(22)]
当前文件位置:[D:\WorkData\VSCodeProjects\TY_RMS_BZP_Manage\user\login_required.py]模块名:[login_required:]函数名:[process_request]:
[第22行]-用户没有登录, 跳转到登录页面

具体时间:[2020-03-03 16:10:47,811][default:INFO(181)]
当前文件位置:[D:\WorkData\VSCodeProjects\TY_RMS_BZP_Manage\TY_RMS_Multiple_Manage\views.py]模块名:[views:]函数名:[account_login]:
[第181行]-登录成功

具体时间:[2020-03-03 22:12:03,091][default:INFO(22)]
当前文件位置:[D:\WorkData\VSCodeProjects\TY_RMS_BZP_Manage\user\login_required.py]模块名:[login_required:]函数名:[process_request]:
[第22行]-用户没有登录, 跳转到登录页面

具体时间:[2020-03-03 22:12:20,715][default:INFO(181)]
当前文件位置:[D:\WorkData\VSCodeProjects\TY_RMS_BZP_Manage\TY_RMS_Multiple_Manage\views.py]模块名:[views:]函数名:[account_login]:
[第181行]-登录成功

