具体时间:[2021-06-16 01:14:17,265][default:INFO(22)]
当前文件位置:[/home/yanyi/Project/MainManage/ServerData/user/login_required.py]模块名:[login_required:]函数名:[process_request]:
[第22行]-用户没有登录, 跳转到登录页面

具体时间:[2021-06-16 01:14:17,438][default:INFO(22)]
当前文件位置:[/home/yanyi/Project/MainManage/ServerData/user/login_required.py]模块名:[login_required:]函数名:[process_request]:
[第22行]-用户没有登录, 跳转到登录页面

具体时间:[2021-06-16 01:28:38,463][default:INFO(184)]
当前文件位置:[/home/yanyi/Project/MainManage/ServerData/TY_RMS_Multiple_Manage/views.py]模块名:[views:]函数名:[account_login]:
[第184行]-登录成功

具体时间:[2021-06-16 01:42:54,113][default:INFO(22)]
当前文件位置:[/home/yanyi/Project/MainManage/ServerData/user/login_required.py]模块名:[login_required:]函数名:[process_request]:
[第22行]-用户没有登录, 跳转到登录页面

具体时间:[2021-06-16 01:45:17,115][default:INFO(184)]
当前文件位置:[/home/yanyi/Project/MainManage/ServerData/TY_RMS_Multiple_Manage/views.py]模块名:[views:]函数名:[account_login]:
[第184行]-登录成功

具体时间:[2021-06-16 01:46:53,894][default:INFO(22)]
当前文件位置:[/home/yanyi/Project/MainManage/ServerData/user/login_required.py]模块名:[login_required:]函数名:[process_request]:
[第22行]-用户没有登录, 跳转到登录页面

具体时间:[2021-06-16 01:47:09,420][default:INFO(184)]
当前文件位置:[/home/yanyi/Project/MainManage/ServerData/TY_RMS_Multiple_Manage/views.py]模块名:[views:]函数名:[account_login]:
[第184行]-登录成功

具体时间:[2021-06-16 01:50:05,020][default:INFO(22)]
当前文件位置:[/home/yanyi/Project/MainManage/ServerData/user/login_required.py]模块名:[login_required:]函数名:[process_request]:
[第22行]-用户没有登录, 跳转到登录页面

具体时间:[2021-06-16 02:13:56,332][default:INFO(184)]
当前文件位置:[/home/yanyi/Project/MainManage/ServerData/TY_RMS_Multiple_Manage/views.py]模块名:[views:]函数名:[account_login]:
[第184行]-登录成功

具体时间:[2021-06-16 03:37:34,299][default:INFO(22)]
当前文件位置:[/home/yanyi/Project/MainManage/ServerData/user/login_required.py]模块名:[login_required:]函数名:[process_request]:
[第22行]-用户没有登录, 跳转到登录页面

具体时间:[2021-06-16 19:09:37,871][default:INFO(184)]
当前文件位置:[/home/yanyi/Project/MainManage/ServerData/TY_RMS_Multiple_Manage/views.py]模块名:[views:]函数名:[account_login]:
[第184行]-登录成功

具体时间:[2021-06-16 19:12:22,574][default:INFO(22)]
当前文件位置:[/home/yanyi/Project/MainManage/ServerData/user/login_required.py]模块名:[login_required:]函数名:[process_request]:
[第22行]-用户没有登录, 跳转到登录页面

具体时间:[2021-06-17 16:52:07,763][default:INFO(184)]
当前文件位置:[/home/yanyi/Project/MainManage/ServerData/TY_RMS_Multiple_Manage/views.py]模块名:[views:]函数名:[account_login]:
[第184行]-登录成功

具体时间:[2021-06-17 16:52:11,638][default:INFO(22)]
当前文件位置:[/home/yanyi/Project/MainManage/ServerData/user/login_required.py]模块名:[login_required:]函数名:[process_request]:
[第22行]-用户没有登录, 跳转到登录页面

