具体时间:[2021-11-08 00:39:20,970][default:INFO(22)]
当前文件位置:[/home/yanyi/Project/MainManage/ServerData/user/login_required.py]模块名:[login_required:]函数名:[process_request]:
[第22行]-用户没有登录, 跳转到登录页面

具体时间:[2021-11-08 00:39:21,265][default:INFO(22)]
当前文件位置:[/home/yanyi/Project/MainManage/ServerData/user/login_required.py]模块名:[login_required:]函数名:[process_request]:
[第22行]-用户没有登录, 跳转到登录页面

具体时间:[2021-11-08 00:39:30,065][default:INFO(182)]
当前文件位置:[/home/yanyi/Project/MainManage/ServerData/TY_RMS_Multiple_Manage/views.py]模块名:[views:]函数名:[account_login]:
[第182行]-登录成功

具体时间:[2021-11-08 00:43:12,889][default:INFO(22)]
当前文件位置:[/home/yanyi/Project/MainManage/ServerData/user/login_required.py]模块名:[login_required:]函数名:[process_request]:
[第22行]-用户没有登录, 跳转到登录页面

具体时间:[2021-11-08 00:43:13,099][default:INFO(22)]
当前文件位置:[/home/yanyi/Project/MainManage/ServerData/user/login_required.py]模块名:[login_required:]函数名:[process_request]:
[第22行]-用户没有登录, 跳转到登录页面

具体时间:[2021-11-08 00:43:23,712][default:INFO(182)]
当前文件位置:[/home/yanyi/Project/MainManage/ServerData/TY_RMS_Multiple_Manage/views.py]模块名:[views:]函数名:[account_login]:
[第182行]-登录成功

具体时间:[2021-11-08 00:47:42,643][default:INFO(22)]
当前文件位置:[/home/yanyi/Project/MainManage/ServerData/user/login_required.py]模块名:[login_required:]函数名:[process_request]:
[第22行]-用户没有登录, 跳转到登录页面

具体时间:[2021-11-08 00:47:42,860][default:INFO(22)]
当前文件位置:[/home/yanyi/Project/MainManage/ServerData/user/login_required.py]模块名:[login_required:]函数名:[process_request]:
[第22行]-用户没有登录, 跳转到登录页面

具体时间:[2021-11-08 00:47:51,218][default:INFO(182)]
当前文件位置:[/home/yanyi/Project/MainManage/ServerData/TY_RMS_Multiple_Manage/views.py]模块名:[views:]函数名:[account_login]:
[第182行]-登录成功

具体时间:[2021-11-08 00:51:41,177][default:INFO(22)]
当前文件位置:[/home/yanyi/Project/MainManage/ServerData/user/login_required.py]模块名:[login_required:]函数名:[process_request]:
[第22行]-用户没有登录, 跳转到登录页面

具体时间:[2021-11-08 00:51:41,425][default:INFO(22)]
当前文件位置:[/home/yanyi/Project/MainManage/ServerData/user/login_required.py]模块名:[login_required:]函数名:[process_request]:
[第22行]-用户没有登录, 跳转到登录页面

具体时间:[2021-11-08 00:51:58,673][default:INFO(182)]
当前文件位置:[/home/yanyi/Project/MainManage/ServerData/TY_RMS_Multiple_Manage/views.py]模块名:[views:]函数名:[account_login]:
[第182行]-登录成功

具体时间:[2021-11-08 00:57:15,157][default:INFO(22)]
当前文件位置:[/home/yanyi/Project/MainManage/ServerData/user/login_required.py]模块名:[login_required:]函数名:[process_request]:
[第22行]-用户没有登录, 跳转到登录页面

具体时间:[2021-11-08 00:57:15,405][default:INFO(22)]
当前文件位置:[/home/yanyi/Project/MainManage/ServerData/user/login_required.py]模块名:[login_required:]函数名:[process_request]:
[第22行]-用户没有登录, 跳转到登录页面

具体时间:[2021-11-08 00:57:25,227][default:INFO(22)]
当前文件位置:[/home/yanyi/Project/MainManage/ServerData/user/login_required.py]模块名:[login_required:]函数名:[process_request]:
[第22行]-用户没有登录, 跳转到登录页面

具体时间:[2021-11-08 00:57:25,418][default:INFO(22)]
当前文件位置:[/home/yanyi/Project/MainManage/ServerData/user/login_required.py]模块名:[login_required:]函数名:[process_request]:
[第22行]-用户没有登录, 跳转到登录页面

具体时间:[2021-11-08 00:57:35,727][default:INFO(182)]
当前文件位置:[/home/yanyi/Project/MainManage/ServerData/TY_RMS_Multiple_Manage/views.py]模块名:[views:]函数名:[account_login]:
[第182行]-登录成功

具体时间:[2021-11-08 01:01:10,765][default:INFO(22)]
当前文件位置:[/home/yanyi/Project/MainManage/ServerData/user/login_required.py]模块名:[login_required:]函数名:[process_request]:
[第22行]-用户没有登录, 跳转到登录页面

具体时间:[2021-11-08 01:01:10,992][default:INFO(22)]
当前文件位置:[/home/yanyi/Project/MainManage/ServerData/user/login_required.py]模块名:[login_required:]函数名:[process_request]:
[第22行]-用户没有登录, 跳转到登录页面

具体时间:[2021-11-08 01:01:20,395][default:INFO(182)]
当前文件位置:[/home/yanyi/Project/MainManage/ServerData/TY_RMS_Multiple_Manage/views.py]模块名:[views:]函数名:[account_login]:
[第182行]-登录成功

具体时间:[2021-11-08 01:03:31,851][default:INFO(22)]
当前文件位置:[/home/yanyi/Project/MainManage/ServerData/user/login_required.py]模块名:[login_required:]函数名:[process_request]:
[第22行]-用户没有登录, 跳转到登录页面

具体时间:[2021-11-08 01:03:32,080][default:INFO(22)]
当前文件位置:[/home/yanyi/Project/MainManage/ServerData/user/login_required.py]模块名:[login_required:]函数名:[process_request]:
[第22行]-用户没有登录, 跳转到登录页面

具体时间:[2021-11-08 01:03:48,958][default:INFO(182)]
当前文件位置:[/home/yanyi/Project/MainManage/ServerData/TY_RMS_Multiple_Manage/views.py]模块名:[views:]函数名:[account_login]:
[第182行]-登录成功

具体时间:[2021-11-08 01:18:51,646][default:INFO(22)]
当前文件位置:[/home/yanyi/Project/MainManage/ServerData/user/login_required.py]模块名:[login_required:]函数名:[process_request]:
[第22行]-用户没有登录, 跳转到登录页面

具体时间:[2021-11-08 01:18:52,082][default:INFO(22)]
当前文件位置:[/home/yanyi/Project/MainManage/ServerData/user/login_required.py]模块名:[login_required:]函数名:[process_request]:
[第22行]-用户没有登录, 跳转到登录页面

具体时间:[2021-11-08 01:19:02,449][default:INFO(22)]
当前文件位置:[/home/yanyi/Project/MainManage/ServerData/user/login_required.py]模块名:[login_required:]函数名:[process_request]:
[第22行]-用户没有登录, 跳转到登录页面

具体时间:[2021-11-08 01:19:02,805][default:INFO(22)]
当前文件位置:[/home/yanyi/Project/MainManage/ServerData/user/login_required.py]模块名:[login_required:]函数名:[process_request]:
[第22行]-用户没有登录, 跳转到登录页面

具体时间:[2021-11-08 01:19:16,459][default:INFO(182)]
当前文件位置:[/home/yanyi/Project/MainManage/ServerData/TY_RMS_Multiple_Manage/views.py]模块名:[views:]函数名:[account_login]:
[第182行]-登录成功

具体时间:[2021-11-08 01:19:33,876][default:INFO(22)]
当前文件位置:[/home/yanyi/Project/MainManage/ServerData/user/login_required.py]模块名:[login_required:]函数名:[process_request]:
[第22行]-用户没有登录, 跳转到登录页面

具体时间:[2021-11-08 01:19:33,883][default:INFO(22)]
当前文件位置:[/home/yanyi/Project/MainManage/ServerData/user/login_required.py]模块名:[login_required:]函数名:[process_request]:
[第22行]-用户没有登录, 跳转到登录页面

具体时间:[2021-11-08 01:50:45,188][default:INFO(22)]
当前文件位置:[/home/yanyi/Project/MainManage/ServerData/user/login_required.py]模块名:[login_required:]函数名:[process_request]:
[第22行]-用户没有登录, 跳转到登录页面

具体时间:[2021-11-08 01:50:45,378][default:INFO(22)]
当前文件位置:[/home/yanyi/Project/MainManage/ServerData/user/login_required.py]模块名:[login_required:]函数名:[process_request]:
[第22行]-用户没有登录, 跳转到登录页面

具体时间:[2021-11-08 01:54:30,889][default:INFO(22)]
当前文件位置:[/home/yanyi/Project/MainManage/ServerData/user/login_required.py]模块名:[login_required:]函数名:[process_request]:
[第22行]-用户没有登录, 跳转到登录页面

具体时间:[2021-11-08 01:54:31,084][default:INFO(22)]
当前文件位置:[/home/yanyi/Project/MainManage/ServerData/user/login_required.py]模块名:[login_required:]函数名:[process_request]:
[第22行]-用户没有登录, 跳转到登录页面

具体时间:[2021-11-08 01:54:40,817][default:INFO(182)]
当前文件位置:[/home/yanyi/Project/MainManage/ServerData/TY_RMS_Multiple_Manage/views.py]模块名:[views:]函数名:[account_login]:
[第182行]-登录成功

具体时间:[2021-11-08 01:59:18,711][default:INFO(22)]
当前文件位置:[/home/yanyi/Project/MainManage/ServerData/user/login_required.py]模块名:[login_required:]函数名:[process_request]:
[第22行]-用户没有登录, 跳转到登录页面

具体时间:[2021-11-08 01:59:18,957][default:INFO(22)]
当前文件位置:[/home/yanyi/Project/MainManage/ServerData/user/login_required.py]模块名:[login_required:]函数名:[process_request]:
[第22行]-用户没有登录, 跳转到登录页面

具体时间:[2021-11-08 01:59:27,811][default:INFO(182)]
当前文件位置:[/home/yanyi/Project/MainManage/ServerData/TY_RMS_Multiple_Manage/views.py]模块名:[views:]函数名:[account_login]:
[第182行]-登录成功

具体时间:[2021-11-08 02:16:43,419][default:INFO(22)]
当前文件位置:[/home/yanyi/Project/MainManage/ServerData/user/login_required.py]模块名:[login_required:]函数名:[process_request]:
[第22行]-用户没有登录, 跳转到登录页面

具体时间:[2021-11-08 02:16:43,695][default:INFO(22)]
当前文件位置:[/home/yanyi/Project/MainManage/ServerData/user/login_required.py]模块名:[login_required:]函数名:[process_request]:
[第22行]-用户没有登录, 跳转到登录页面

具体时间:[2021-11-08 02:16:48,102][default:INFO(182)]
当前文件位置:[/home/yanyi/Project/MainManage/ServerData/TY_RMS_Multiple_Manage/views.py]模块名:[views:]函数名:[account_login]:
[第182行]-登录成功

具体时间:[2021-11-08 02:17:00,256][default:INFO(22)]
当前文件位置:[/home/yanyi/Project/MainManage/ServerData/user/login_required.py]模块名:[login_required:]函数名:[process_request]:
[第22行]-用户没有登录, 跳转到登录页面

具体时间:[2021-11-08 02:17:00,260][default:INFO(22)]
当前文件位置:[/home/yanyi/Project/MainManage/ServerData/user/login_required.py]模块名:[login_required:]函数名:[process_request]:
[第22行]-用户没有登录, 跳转到登录页面

具体时间:[2021-11-08 02:17:00,270][default:INFO(22)]
当前文件位置:[/home/yanyi/Project/MainManage/ServerData/user/login_required.py]模块名:[login_required:]函数名:[process_request]:
[第22行]-用户没有登录, 跳转到登录页面

具体时间:[2021-11-08 02:26:49,924][default:INFO(22)]
当前文件位置:[/home/yanyi/Project/MainManage/ServerData/user/login_required.py]模块名:[login_required:]函数名:[process_request]:
[第22行]-用户没有登录, 跳转到登录页面

具体时间:[2021-11-08 02:26:50,124][default:INFO(22)]
当前文件位置:[/home/yanyi/Project/MainManage/ServerData/user/login_required.py]模块名:[login_required:]函数名:[process_request]:
[第22行]-用户没有登录, 跳转到登录页面

具体时间:[2021-11-08 02:27:00,930][default:INFO(182)]
当前文件位置:[/home/yanyi/Project/MainManage/ServerData/TY_RMS_Multiple_Manage/views.py]模块名:[views:]函数名:[account_login]:
[第182行]-登录成功

具体时间:[2021-11-08 02:35:22,733][default:INFO(22)]
当前文件位置:[/home/yanyi/Project/MainManage/ServerData/user/login_required.py]模块名:[login_required:]函数名:[process_request]:
[第22行]-用户没有登录, 跳转到登录页面

具体时间:[2021-11-08 02:35:22,918][default:INFO(22)]
当前文件位置:[/home/yanyi/Project/MainManage/ServerData/user/login_required.py]模块名:[login_required:]函数名:[process_request]:
[第22行]-用户没有登录, 跳转到登录页面

具体时间:[2021-11-08 02:35:40,209][default:INFO(182)]
当前文件位置:[/home/yanyi/Project/MainManage/ServerData/TY_RMS_Multiple_Manage/views.py]模块名:[views:]函数名:[account_login]:
[第182行]-登录成功

具体时间:[2021-11-08 02:40:19,488][default:INFO(22)]
当前文件位置:[/home/yanyi/Project/MainManage/ServerData/user/login_required.py]模块名:[login_required:]函数名:[process_request]:
[第22行]-用户没有登录, 跳转到登录页面

具体时间:[2021-11-08 02:40:19,673][default:INFO(22)]
当前文件位置:[/home/yanyi/Project/MainManage/ServerData/user/login_required.py]模块名:[login_required:]函数名:[process_request]:
[第22行]-用户没有登录, 跳转到登录页面

具体时间:[2021-11-08 02:40:27,703][default:INFO(182)]
当前文件位置:[/home/yanyi/Project/MainManage/ServerData/TY_RMS_Multiple_Manage/views.py]模块名:[views:]函数名:[account_login]:
[第182行]-登录成功

具体时间:[2021-11-08 03:02:48,713][default:INFO(22)]
当前文件位置:[/home/yanyi/Project/MainManage/ServerData/user/login_required.py]模块名:[login_required:]函数名:[process_request]:
[第22行]-用户没有登录, 跳转到登录页面

具体时间:[2021-11-08 03:02:48,991][default:INFO(22)]
当前文件位置:[/home/yanyi/Project/MainManage/ServerData/user/login_required.py]模块名:[login_required:]函数名:[process_request]:
[第22行]-用户没有登录, 跳转到登录页面

具体时间:[2021-11-08 03:02:57,312][default:INFO(182)]
当前文件位置:[/home/yanyi/Project/MainManage/ServerData/TY_RMS_Multiple_Manage/views.py]模块名:[views:]函数名:[account_login]:
[第182行]-登录成功

具体时间:[2021-11-08 03:04:07,882][default:INFO(22)]
当前文件位置:[/home/yanyi/Project/MainManage/ServerData/user/login_required.py]模块名:[login_required:]函数名:[process_request]:
[第22行]-用户没有登录, 跳转到登录页面

具体时间:[2021-11-08 03:04:08,102][default:INFO(22)]
当前文件位置:[/home/yanyi/Project/MainManage/ServerData/user/login_required.py]模块名:[login_required:]函数名:[process_request]:
[第22行]-用户没有登录, 跳转到登录页面

具体时间:[2021-11-08 03:04:16,850][default:INFO(182)]
当前文件位置:[/home/yanyi/Project/MainManage/ServerData/TY_RMS_Multiple_Manage/views.py]模块名:[views:]函数名:[account_login]:
[第182行]-登录成功

具体时间:[2021-11-08 03:44:51,258][default:DEBUG(223)]
当前文件位置:[/home/yanyi/Project/MainManage/ServerData/Lib/SupervisionWarning.py]模块名:[SupervisionWarning:]函数名:[supervision_start_thread]:
[第223行]-预警监测：Traceback (most recent call last):
  File "/home/yanyi/Project/MainManage/ServerData/Lib/SupervisionWarning.py", line 42, in supervision_start_thread
    data_obj_list = BllMedicamentVariety().execute(SQL).fetchall()
AttributeError: 'NoneType' object has no attribute 'fetchall'


具体时间:[2021-11-08 03:45:24,725][default:INFO(22)]
当前文件位置:[/home/yanyi/Project/MainManage/ServerData/user/login_required.py]模块名:[login_required:]函数名:[process_request]:
[第22行]-用户没有登录, 跳转到登录页面

具体时间:[2021-11-08 03:45:24,903][default:INFO(22)]
当前文件位置:[/home/yanyi/Project/MainManage/ServerData/user/login_required.py]模块名:[login_required:]函数名:[process_request]:
[第22行]-用户没有登录, 跳转到登录页面

具体时间:[2021-11-08 03:45:33,237][default:INFO(182)]
当前文件位置:[/home/yanyi/Project/MainManage/ServerData/TY_RMS_Multiple_Manage/views.py]模块名:[views:]函数名:[account_login]:
[第182行]-登录成功

具体时间:[2021-11-08 04:57:40,711][default:INFO(22)]
当前文件位置:[/home/yanyi/Project/MainManage/ServerData/user/login_required.py]模块名:[login_required:]函数名:[process_request]:
[第22行]-用户没有登录, 跳转到登录页面

具体时间:[2021-11-08 04:57:42,239][default:INFO(22)]
当前文件位置:[/home/yanyi/Project/MainManage/ServerData/user/login_required.py]模块名:[login_required:]函数名:[process_request]:
[第22行]-用户没有登录, 跳转到登录页面

具体时间:[2021-11-08 04:57:56,778][default:INFO(182)]
当前文件位置:[/home/yanyi/Project/MainManage/ServerData/TY_RMS_Multiple_Manage/views.py]模块名:[views:]函数名:[account_login]:
[第182行]-登录成功

具体时间:[2021-11-08 18:12:37,294][default:INFO(22)]
当前文件位置:[/home/yanyi/Project/MainManage/ServerData/user/login_required.py]模块名:[login_required:]函数名:[process_request]:
[第22行]-用户没有登录, 跳转到登录页面

具体时间:[2021-11-08 18:12:39,057][default:INFO(22)]
当前文件位置:[/home/yanyi/Project/MainManage/ServerData/user/login_required.py]模块名:[login_required:]函数名:[process_request]:
[第22行]-用户没有登录, 跳转到登录页面

具体时间:[2021-11-08 18:12:50,223][default:INFO(182)]
当前文件位置:[/home/yanyi/Project/MainManage/ServerData/TY_RMS_Multiple_Manage/views.py]模块名:[views:]函数名:[account_login]:
[第182行]-登录成功

具体时间:[2021-11-08 18:32:05,749][default:INFO(22)]
当前文件位置:[/home/yanyi/Project/MainManage/ServerData/user/login_required.py]模块名:[login_required:]函数名:[process_request]:
[第22行]-用户没有登录, 跳转到登录页面

具体时间:[2021-11-08 18:32:05,971][default:INFO(22)]
当前文件位置:[/home/yanyi/Project/MainManage/ServerData/user/login_required.py]模块名:[login_required:]函数名:[process_request]:
[第22行]-用户没有登录, 跳转到登录页面

具体时间:[2021-11-08 18:32:15,838][default:INFO(182)]
当前文件位置:[/home/yanyi/Project/MainManage/ServerData/TY_RMS_Multiple_Manage/views.py]模块名:[views:]函数名:[account_login]:
[第182行]-登录成功

具体时间:[2021-11-08 18:40:59,503][default:INFO(22)]
当前文件位置:[/home/yanyi/Project/MainManage/ServerData/user/login_required.py]模块名:[login_required:]函数名:[process_request]:
[第22行]-用户没有登录, 跳转到登录页面

具体时间:[2021-11-08 18:40:59,688][default:INFO(22)]
当前文件位置:[/home/yanyi/Project/MainManage/ServerData/user/login_required.py]模块名:[login_required:]函数名:[process_request]:
[第22行]-用户没有登录, 跳转到登录页面

具体时间:[2021-11-08 18:41:09,658][default:INFO(182)]
当前文件位置:[/home/yanyi/Project/MainManage/ServerData/TY_RMS_Multiple_Manage/views.py]模块名:[views:]函数名:[account_login]:
[第182行]-登录成功

具体时间:[2021-11-08 18:56:26,737][default:INFO(22)]
当前文件位置:[/home/yanyi/Project/MainManage/ServerData/user/login_required.py]模块名:[login_required:]函数名:[process_request]:
[第22行]-用户没有登录, 跳转到登录页面

具体时间:[2021-11-08 18:56:27,244][default:INFO(22)]
当前文件位置:[/home/yanyi/Project/MainManage/ServerData/user/login_required.py]模块名:[login_required:]函数名:[process_request]:
[第22行]-用户没有登录, 跳转到登录页面

具体时间:[2021-11-08 18:56:31,572][default:INFO(182)]
当前文件位置:[/home/yanyi/Project/MainManage/ServerData/TY_RMS_Multiple_Manage/views.py]模块名:[views:]函数名:[account_login]:
[第182行]-登录成功

具体时间:[2021-11-08 18:56:48,077][default:INFO(22)]
当前文件位置:[/home/yanyi/Project/MainManage/ServerData/user/login_required.py]模块名:[login_required:]函数名:[process_request]:
[第22行]-用户没有登录, 跳转到登录页面

具体时间:[2021-11-08 18:56:48,081][default:INFO(22)]
当前文件位置:[/home/yanyi/Project/MainManage/ServerData/user/login_required.py]模块名:[login_required:]函数名:[process_request]:
[第22行]-用户没有登录, 跳转到登录页面

具体时间:[2021-11-08 18:56:48,093][default:INFO(22)]
当前文件位置:[/home/yanyi/Project/MainManage/ServerData/user/login_required.py]模块名:[login_required:]函数名:[process_request]:
[第22行]-用户没有登录, 跳转到登录页面

具体时间:[2021-11-08 19:26:33,576][default:INFO(22)]
当前文件位置:[/home/yanyi/Project/MainManage/ServerData/user/login_required.py]模块名:[login_required:]函数名:[process_request]:
[第22行]-用户没有登录, 跳转到登录页面

具体时间:[2021-11-08 19:26:33,812][default:INFO(22)]
当前文件位置:[/home/yanyi/Project/MainManage/ServerData/user/login_required.py]模块名:[login_required:]函数名:[process_request]:
[第22行]-用户没有登录, 跳转到登录页面

具体时间:[2021-11-08 19:26:43,363][default:INFO(182)]
当前文件位置:[/home/yanyi/Project/MainManage/ServerData/TY_RMS_Multiple_Manage/views.py]模块名:[views:]函数名:[account_login]:
[第182行]-登录成功

具体时间:[2021-11-08 19:27:31,071][default:INFO(22)]
当前文件位置:[/home/yanyi/Project/MainManage/ServerData/user/login_required.py]模块名:[login_required:]函数名:[process_request]:
[第22行]-用户没有登录, 跳转到登录页面

具体时间:[2021-11-08 19:27:31,355][default:INFO(22)]
当前文件位置:[/home/yanyi/Project/MainManage/ServerData/user/login_required.py]模块名:[login_required:]函数名:[process_request]:
[第22行]-用户没有登录, 跳转到登录页面

具体时间:[2021-11-08 19:27:36,270][default:INFO(182)]
当前文件位置:[/home/yanyi/Project/MainManage/ServerData/TY_RMS_Multiple_Manage/views.py]模块名:[views:]函数名:[account_login]:
[第182行]-登录成功

具体时间:[2021-11-08 19:27:45,119][default:INFO(22)]
当前文件位置:[/home/yanyi/Project/MainManage/ServerData/user/login_required.py]模块名:[login_required:]函数名:[process_request]:
[第22行]-用户没有登录, 跳转到登录页面

具体时间:[2021-11-08 19:27:45,128][default:INFO(22)]
当前文件位置:[/home/yanyi/Project/MainManage/ServerData/user/login_required.py]模块名:[login_required:]函数名:[process_request]:
[第22行]-用户没有登录, 跳转到登录页面

具体时间:[2021-11-08 19:27:45,180][default:INFO(22)]
当前文件位置:[/home/yanyi/Project/MainManage/ServerData/user/login_required.py]模块名:[login_required:]函数名:[process_request]:
[第22行]-用户没有登录, 跳转到登录页面

具体时间:[2021-11-08 19:30:04,733][default:INFO(22)]
当前文件位置:[/home/yanyi/Project/MainManage/ServerData/user/login_required.py]模块名:[login_required:]函数名:[process_request]:
[第22行]-用户没有登录, 跳转到登录页面

具体时间:[2021-11-08 19:30:04,922][default:INFO(22)]
当前文件位置:[/home/yanyi/Project/MainManage/ServerData/user/login_required.py]模块名:[login_required:]函数名:[process_request]:
[第22行]-用户没有登录, 跳转到登录页面

具体时间:[2021-11-08 19:41:24,503][default:INFO(22)]
当前文件位置:[/home/yanyi/Project/MainManage/ServerData/user/login_required.py]模块名:[login_required:]函数名:[process_request]:
[第22行]-用户没有登录, 跳转到登录页面

具体时间:[2021-11-08 19:41:24,705][default:INFO(22)]
当前文件位置:[/home/yanyi/Project/MainManage/ServerData/user/login_required.py]模块名:[login_required:]函数名:[process_request]:
[第22行]-用户没有登录, 跳转到登录页面

具体时间:[2021-11-08 19:47:04,781][default:INFO(22)]
当前文件位置:[/home/yanyi/Project/MainManage/ServerData/user/login_required.py]模块名:[login_required:]函数名:[process_request]:
[第22行]-用户没有登录, 跳转到登录页面

具体时间:[2021-11-08 19:47:04,971][default:INFO(22)]
当前文件位置:[/home/yanyi/Project/MainManage/ServerData/user/login_required.py]模块名:[login_required:]函数名:[process_request]:
[第22行]-用户没有登录, 跳转到登录页面

具体时间:[2021-11-08 19:47:13,680][default:INFO(22)]
当前文件位置:[/home/yanyi/Project/MainManage/ServerData/user/login_required.py]模块名:[login_required:]函数名:[process_request]:
[第22行]-用户没有登录, 跳转到登录页面

具体时间:[2021-11-08 19:47:13,934][default:INFO(22)]
当前文件位置:[/home/yanyi/Project/MainManage/ServerData/user/login_required.py]模块名:[login_required:]函数名:[process_request]:
[第22行]-用户没有登录, 跳转到登录页面

具体时间:[2021-11-08 19:47:18,443][default:INFO(182)]
当前文件位置:[/home/yanyi/Project/MainManage/ServerData/TY_RMS_Multiple_Manage/views.py]模块名:[views:]函数名:[account_login]:
[第182行]-登录成功

具体时间:[2021-11-08 19:48:06,001][default:INFO(22)]
当前文件位置:[/home/yanyi/Project/MainManage/ServerData/user/login_required.py]模块名:[login_required:]函数名:[process_request]:
[第22行]-用户没有登录, 跳转到登录页面

具体时间:[2021-11-08 19:48:06,191][default:INFO(22)]
当前文件位置:[/home/yanyi/Project/MainManage/ServerData/user/login_required.py]模块名:[login_required:]函数名:[process_request]:
[第22行]-用户没有登录, 跳转到登录页面

具体时间:[2021-11-08 19:49:16,689][default:INFO(22)]
当前文件位置:[/home/yanyi/Project/MainManage/ServerData/user/login_required.py]模块名:[login_required:]函数名:[process_request]:
[第22行]-用户没有登录, 跳转到登录页面

具体时间:[2021-11-08 19:49:16,903][default:INFO(22)]
当前文件位置:[/home/yanyi/Project/MainManage/ServerData/user/login_required.py]模块名:[login_required:]函数名:[process_request]:
[第22行]-用户没有登录, 跳转到登录页面

具体时间:[2021-11-08 19:50:09,023][default:INFO(22)]
当前文件位置:[/home/yanyi/Project/MainManage/ServerData/user/login_required.py]模块名:[login_required:]函数名:[process_request]:
[第22行]-用户没有登录, 跳转到登录页面

具体时间:[2021-11-08 19:50:23,666][default:INFO(182)]
当前文件位置:[/home/yanyi/Project/MainManage/ServerData/TY_RMS_Multiple_Manage/views.py]模块名:[views:]函数名:[account_login]:
[第182行]-登录成功

具体时间:[2021-11-08 19:51:34,436][default:INFO(22)]
当前文件位置:[/home/yanyi/Project/MainManage/ServerData/user/login_required.py]模块名:[login_required:]函数名:[process_request]:
[第22行]-用户没有登录, 跳转到登录页面

具体时间:[2021-11-08 19:51:34,632][default:INFO(22)]
当前文件位置:[/home/yanyi/Project/MainManage/ServerData/user/login_required.py]模块名:[login_required:]函数名:[process_request]:
[第22行]-用户没有登录, 跳转到登录页面

具体时间:[2021-11-08 19:53:36,934][default:INFO(22)]
当前文件位置:[/home/yanyi/Project/MainManage/ServerData/user/login_required.py]模块名:[login_required:]函数名:[process_request]:
[第22行]-用户没有登录, 跳转到登录页面

具体时间:[2021-11-08 19:53:37,112][default:INFO(22)]
当前文件位置:[/home/yanyi/Project/MainManage/ServerData/user/login_required.py]模块名:[login_required:]函数名:[process_request]:
[第22行]-用户没有登录, 跳转到登录页面

具体时间:[2021-11-08 19:53:55,398][default:INFO(22)]
当前文件位置:[/home/yanyi/Project/MainManage/ServerData/user/login_required.py]模块名:[login_required:]函数名:[process_request]:
[第22行]-用户没有登录, 跳转到登录页面

具体时间:[2021-11-08 19:56:24,538][default:INFO(182)]
当前文件位置:[/home/yanyi/Project/MainManage/ServerData/TY_RMS_Multiple_Manage/views.py]模块名:[views:]函数名:[account_login]:
[第182行]-登录成功

具体时间:[2021-11-08 19:59:06,771][default:INFO(22)]
当前文件位置:[/home/yanyi/Project/MainManage/ServerData/user/login_required.py]模块名:[login_required:]函数名:[process_request]:
[第22行]-用户没有登录, 跳转到登录页面

具体时间:[2021-11-08 19:59:06,967][default:INFO(22)]
当前文件位置:[/home/yanyi/Project/MainManage/ServerData/user/login_required.py]模块名:[login_required:]函数名:[process_request]:
[第22行]-用户没有登录, 跳转到登录页面

具体时间:[2021-11-08 19:59:11,187][default:INFO(22)]
当前文件位置:[/home/yanyi/Project/MainManage/ServerData/user/login_required.py]模块名:[login_required:]函数名:[process_request]:
[第22行]-用户没有登录, 跳转到登录页面

具体时间:[2021-11-08 19:59:11,333][default:INFO(22)]
当前文件位置:[/home/yanyi/Project/MainManage/ServerData/user/login_required.py]模块名:[login_required:]函数名:[process_request]:
[第22行]-用户没有登录, 跳转到登录页面

具体时间:[2021-11-08 19:59:15,666][default:INFO(182)]
当前文件位置:[/home/yanyi/Project/MainManage/ServerData/TY_RMS_Multiple_Manage/views.py]模块名:[views:]函数名:[account_login]:
[第182行]-登录成功

具体时间:[2021-11-08 19:59:51,993][default:INFO(22)]
当前文件位置:[/home/yanyi/Project/MainManage/ServerData/user/login_required.py]模块名:[login_required:]函数名:[process_request]:
[第22行]-用户没有登录, 跳转到登录页面

具体时间:[2021-11-08 19:59:51,998][default:INFO(22)]
当前文件位置:[/home/yanyi/Project/MainManage/ServerData/user/login_required.py]模块名:[login_required:]函数名:[process_request]:
[第22行]-用户没有登录, 跳转到登录页面

具体时间:[2021-11-08 21:49:50,886][default:INFO(22)]
当前文件位置:[/home/yanyi/Project/MainManage/ServerData/user/login_required.py]模块名:[login_required:]函数名:[process_request]:
[第22行]-用户没有登录, 跳转到登录页面

具体时间:[2021-11-08 21:49:51,078][default:INFO(22)]
当前文件位置:[/home/yanyi/Project/MainManage/ServerData/user/login_required.py]模块名:[login_required:]函数名:[process_request]:
[第22行]-用户没有登录, 跳转到登录页面

具体时间:[2021-11-08 21:50:00,350][default:INFO(182)]
当前文件位置:[/home/yanyi/Project/MainManage/ServerData/TY_RMS_Multiple_Manage/views.py]模块名:[views:]函数名:[account_login]:
[第182行]-登录成功

具体时间:[2021-11-08 22:04:20,816][default:INFO(22)]
当前文件位置:[/home/yanyi/Project/MainManage/ServerData/user/login_required.py]模块名:[login_required:]函数名:[process_request]:
[第22行]-用户没有登录, 跳转到登录页面

具体时间:[2021-11-08 22:04:21,065][default:INFO(22)]
当前文件位置:[/home/yanyi/Project/MainManage/ServerData/user/login_required.py]模块名:[login_required:]函数名:[process_request]:
[第22行]-用户没有登录, 跳转到登录页面

具体时间:[2021-11-08 22:04:25,390][default:INFO(182)]
当前文件位置:[/home/yanyi/Project/MainManage/ServerData/TY_RMS_Multiple_Manage/views.py]模块名:[views:]函数名:[account_login]:
[第182行]-登录成功

具体时间:[2021-11-08 22:04:41,361][default:INFO(22)]
当前文件位置:[/home/yanyi/Project/MainManage/ServerData/user/login_required.py]模块名:[login_required:]函数名:[process_request]:
[第22行]-用户没有登录, 跳转到登录页面

具体时间:[2021-11-08 22:04:41,370][default:INFO(22)]
当前文件位置:[/home/yanyi/Project/MainManage/ServerData/user/login_required.py]模块名:[login_required:]函数名:[process_request]:
[第22行]-用户没有登录, 跳转到登录页面

具体时间:[2021-11-08 22:04:41,374][default:INFO(22)]
当前文件位置:[/home/yanyi/Project/MainManage/ServerData/user/login_required.py]模块名:[login_required:]函数名:[process_request]:
[第22行]-用户没有登录, 跳转到登录页面

具体时间:[2021-11-08 22:10:54,522][default:INFO(22)]
当前文件位置:[/home/yanyi/Project/MainManage/ServerData/user/login_required.py]模块名:[login_required:]函数名:[process_request]:
[第22行]-用户没有登录, 跳转到登录页面

具体时间:[2021-11-08 22:10:54,758][default:INFO(22)]
当前文件位置:[/home/yanyi/Project/MainManage/ServerData/user/login_required.py]模块名:[login_required:]函数名:[process_request]:
[第22行]-用户没有登录, 跳转到登录页面

具体时间:[2021-11-08 22:11:04,401][default:INFO(182)]
当前文件位置:[/home/yanyi/Project/MainManage/ServerData/TY_RMS_Multiple_Manage/views.py]模块名:[views:]函数名:[account_login]:
[第182行]-登录成功

具体时间:[2021-11-08 22:13:03,013][default:INFO(22)]
当前文件位置:[/home/yanyi/Project/MainManage/ServerData/user/login_required.py]模块名:[login_required:]函数名:[process_request]:
[第22行]-用户没有登录, 跳转到登录页面

具体时间:[2021-11-08 22:13:03,311][default:INFO(22)]
当前文件位置:[/home/yanyi/Project/MainManage/ServerData/user/login_required.py]模块名:[login_required:]函数名:[process_request]:
[第22行]-用户没有登录, 跳转到登录页面

具体时间:[2021-11-08 22:16:11,113][default:INFO(22)]
当前文件位置:[/home/yanyi/Project/MainManage/ServerData/user/login_required.py]模块名:[login_required:]函数名:[process_request]:
[第22行]-用户没有登录, 跳转到登录页面

具体时间:[2021-11-08 22:16:11,315][default:INFO(22)]
当前文件位置:[/home/yanyi/Project/MainManage/ServerData/user/login_required.py]模块名:[login_required:]函数名:[process_request]:
[第22行]-用户没有登录, 跳转到登录页面

具体时间:[2021-11-08 22:28:11,013][default:INFO(22)]
当前文件位置:[/home/yanyi/Project/MainManage/ServerData/user/login_required.py]模块名:[login_required:]函数名:[process_request]:
[第22行]-用户没有登录, 跳转到登录页面

具体时间:[2021-11-08 22:28:11,191][default:INFO(22)]
当前文件位置:[/home/yanyi/Project/MainManage/ServerData/user/login_required.py]模块名:[login_required:]函数名:[process_request]:
[第22行]-用户没有登录, 跳转到登录页面

具体时间:[2021-11-08 22:28:21,654][default:INFO(22)]
当前文件位置:[/home/yanyi/Project/MainManage/ServerData/user/login_required.py]模块名:[login_required:]函数名:[process_request]:
[第22行]-用户没有登录, 跳转到登录页面

具体时间:[2021-11-08 22:28:21,899][default:INFO(22)]
当前文件位置:[/home/yanyi/Project/MainManage/ServerData/user/login_required.py]模块名:[login_required:]函数名:[process_request]:
[第22行]-用户没有登录, 跳转到登录页面

具体时间:[2021-11-08 22:28:26,065][default:INFO(182)]
当前文件位置:[/home/yanyi/Project/MainManage/ServerData/TY_RMS_Multiple_Manage/views.py]模块名:[views:]函数名:[account_login]:
[第182行]-登录成功

具体时间:[2021-11-08 22:28:34,419][default:INFO(22)]
当前文件位置:[/home/yanyi/Project/MainManage/ServerData/user/login_required.py]模块名:[login_required:]函数名:[process_request]:
[第22行]-用户没有登录, 跳转到登录页面

具体时间:[2021-11-08 22:28:34,420][default:INFO(22)]
当前文件位置:[/home/yanyi/Project/MainManage/ServerData/user/login_required.py]模块名:[login_required:]函数名:[process_request]:
[第22行]-用户没有登录, 跳转到登录页面

具体时间:[2021-11-08 22:32:01,894][default:INFO(22)]
当前文件位置:[/home/yanyi/Project/MainManage/ServerData/user/login_required.py]模块名:[login_required:]函数名:[process_request]:
[第22行]-用户没有登录, 跳转到登录页面

具体时间:[2021-11-08 22:32:02,078][default:INFO(22)]
当前文件位置:[/home/yanyi/Project/MainManage/ServerData/user/login_required.py]模块名:[login_required:]函数名:[process_request]:
[第22行]-用户没有登录, 跳转到登录页面

具体时间:[2021-11-08 22:34:54,299][default:INFO(22)]
当前文件位置:[/home/yanyi/Project/MainManage/ServerData/user/login_required.py]模块名:[login_required:]函数名:[process_request]:
[第22行]-用户没有登录, 跳转到登录页面

具体时间:[2021-11-08 22:34:54,493][default:INFO(22)]
当前文件位置:[/home/yanyi/Project/MainManage/ServerData/user/login_required.py]模块名:[login_required:]函数名:[process_request]:
[第22行]-用户没有登录, 跳转到登录页面

具体时间:[2021-11-08 22:40:45,206][default:INFO(22)]
当前文件位置:[/home/yanyi/Project/MainManage/ServerData/user/login_required.py]模块名:[login_required:]函数名:[process_request]:
[第22行]-用户没有登录, 跳转到登录页面

具体时间:[2021-11-08 22:40:45,390][default:INFO(22)]
当前文件位置:[/home/yanyi/Project/MainManage/ServerData/user/login_required.py]模块名:[login_required:]函数名:[process_request]:
[第22行]-用户没有登录, 跳转到登录页面

具体时间:[2021-11-08 22:40:51,478][default:INFO(22)]
当前文件位置:[/home/yanyi/Project/MainManage/ServerData/user/login_required.py]模块名:[login_required:]函数名:[process_request]:
[第22行]-用户没有登录, 跳转到登录页面

具体时间:[2021-11-08 22:40:51,734][default:INFO(22)]
当前文件位置:[/home/yanyi/Project/MainManage/ServerData/user/login_required.py]模块名:[login_required:]函数名:[process_request]:
[第22行]-用户没有登录, 跳转到登录页面

具体时间:[2021-11-08 22:40:55,694][default:INFO(182)]
当前文件位置:[/home/yanyi/Project/MainManage/ServerData/TY_RMS_Multiple_Manage/views.py]模块名:[views:]函数名:[account_login]:
[第182行]-登录成功

具体时间:[2021-11-08 22:42:54,582][default:INFO(22)]
当前文件位置:[/home/yanyi/Project/MainManage/ServerData/user/login_required.py]模块名:[login_required:]函数名:[process_request]:
[第22行]-用户没有登录, 跳转到登录页面

具体时间:[2021-11-08 22:42:54,767][default:INFO(22)]
当前文件位置:[/home/yanyi/Project/MainManage/ServerData/user/login_required.py]模块名:[login_required:]函数名:[process_request]:
[第22行]-用户没有登录, 跳转到登录页面

具体时间:[2021-11-08 23:10:41,166][default:INFO(22)]
当前文件位置:[/home/yanyi/Project/MainManage/ServerData/user/login_required.py]模块名:[login_required:]函数名:[process_request]:
[第22行]-用户没有登录, 跳转到登录页面

具体时间:[2021-11-08 23:10:41,350][default:INFO(22)]
当前文件位置:[/home/yanyi/Project/MainManage/ServerData/user/login_required.py]模块名:[login_required:]函数名:[process_request]:
[第22行]-用户没有登录, 跳转到登录页面

具体时间:[2021-11-08 23:10:46,788][default:DEBUG(223)]
当前文件位置:[/home/yanyi/Project/MainManage/ServerData/Lib/SupervisionWarning.py]模块名:[SupervisionWarning:]函数名:[supervision_start_thread]:
[第223行]-预警监测：Traceback (most recent call last):
  File "/home/yanyi/Project/MainManage/ServerData/Lib/SupervisionWarning.py", line 42, in supervision_start_thread
    data_obj_list = BllMedicamentVariety().execute(SQL).fetchall()
AttributeError: 'NoneType' object has no attribute 'fetchall'


具体时间:[2021-11-08 23:11:16,718][default:INFO(22)]
当前文件位置:[/home/yanyi/Project/MainManage/ServerData/user/login_required.py]模块名:[login_required:]函数名:[process_request]:
[第22行]-用户没有登录, 跳转到登录页面

具体时间:[2021-11-08 23:11:16,916][default:INFO(22)]
当前文件位置:[/home/yanyi/Project/MainManage/ServerData/user/login_required.py]模块名:[login_required:]函数名:[process_request]:
[第22行]-用户没有登录, 跳转到登录页面

具体时间:[2021-11-08 23:11:22,332][default:DEBUG(223)]
当前文件位置:[/home/yanyi/Project/MainManage/ServerData/Lib/SupervisionWarning.py]模块名:[SupervisionWarning:]函数名:[supervision_start_thread]:
[第223行]-预警监测：Traceback (most recent call last):
  File "/home/yanyi/Project/MainManage/ServerData/Lib/SupervisionWarning.py", line 42, in supervision_start_thread
    data_obj_list = BllMedicamentVariety().execute(SQL).fetchall()
AttributeError: 'NoneType' object has no attribute 'fetchall'


具体时间:[2021-11-08 23:11:39,716][default:INFO(202)]
当前文件位置:[/home/yanyi/Project/MainManage/ServerData/TY_RMS_Multiple_Manage/views.py]模块名:[views:]函数名:[account_login]:
[第202行]-账号或密码不正确, 登录失败

具体时间:[2021-11-08 23:11:42,182][default:INFO(22)]
当前文件位置:[/home/yanyi/Project/MainManage/ServerData/user/login_required.py]模块名:[login_required:]函数名:[process_request]:
[第22行]-用户没有登录, 跳转到登录页面

具体时间:[2021-11-08 23:11:53,947][default:INFO(202)]
当前文件位置:[/home/yanyi/Project/MainManage/ServerData/TY_RMS_Multiple_Manage/views.py]模块名:[views:]函数名:[account_login]:
[第202行]-账号或密码不正确, 登录失败

具体时间:[2021-11-08 23:11:56,409][default:INFO(22)]
当前文件位置:[/home/yanyi/Project/MainManage/ServerData/user/login_required.py]模块名:[login_required:]函数名:[process_request]:
[第22行]-用户没有登录, 跳转到登录页面

具体时间:[2021-11-08 23:13:26,896][default:DEBUG(223)]
当前文件位置:[/home/yanyi/Project/MainManage/ServerData/Lib/SupervisionWarning.py]模块名:[SupervisionWarning:]函数名:[supervision_start_thread]:
[第223行]-预警监测：Traceback (most recent call last):
  File "/home/yanyi/Project/MainManage/ServerData/Lib/SupervisionWarning.py", line 42, in supervision_start_thread
    data_obj_list = BllMedicamentVariety().execute(SQL).fetchall()
AttributeError: 'NoneType' object has no attribute 'fetchall'


具体时间:[2021-11-08 23:13:35,391][default:INFO(22)]
当前文件位置:[/home/yanyi/Project/MainManage/ServerData/user/login_required.py]模块名:[login_required:]函数名:[process_request]:
[第22行]-用户没有登录, 跳转到登录页面

具体时间:[2021-11-08 23:13:35,578][default:INFO(22)]
当前文件位置:[/home/yanyi/Project/MainManage/ServerData/user/login_required.py]模块名:[login_required:]函数名:[process_request]:
[第22行]-用户没有登录, 跳转到登录页面

具体时间:[2021-11-08 23:13:41,016][default:DEBUG(223)]
当前文件位置:[/home/yanyi/Project/MainManage/ServerData/Lib/SupervisionWarning.py]模块名:[SupervisionWarning:]函数名:[supervision_start_thread]:
[第223行]-预警监测：Traceback (most recent call last):
  File "/home/yanyi/Project/MainManage/ServerData/Lib/SupervisionWarning.py", line 42, in supervision_start_thread
    data_obj_list = BllMedicamentVariety().execute(SQL).fetchall()
AttributeError: 'NoneType' object has no attribute 'fetchall'


具体时间:[2021-11-08 23:13:50,016][default:DEBUG(135)]
当前文件位置:[/home/yanyi/Project/MainManage/ServerData/TY_RMS_Multiple_Manage/views.py]模块名:[views:]函数名:[main]:
[第135行]-数据异常, 'NoneType' object has no attribute 'fetchone'

具体时间:[2021-11-08 23:13:53,015][default:DEBUG(135)]
当前文件位置:[/home/yanyi/Project/MainManage/ServerData/TY_RMS_Multiple_Manage/views.py]模块名:[views:]函数名:[main]:
[第135行]-数据异常, 'NoneType' object has no attribute 'fetchone'

具体时间:[2021-11-08 23:13:56,019][default:DEBUG(103)]
当前文件位置:[/home/yanyi/Project/MainManage/ServerData/home/views.py]模块名:[views:]函数名:[getWarningList]:
[第103行]-数据为空

具体时间:[2021-11-08 23:14:20,324][default:INFO(202)]
当前文件位置:[/home/yanyi/Project/MainManage/ServerData/TY_RMS_Multiple_Manage/views.py]模块名:[views:]函数名:[account_login]:
[第202行]-账号或密码不正确, 登录失败

具体时间:[2021-11-08 23:14:22,823][default:INFO(22)]
当前文件位置:[/home/yanyi/Project/MainManage/ServerData/user/login_required.py]模块名:[login_required:]函数名:[process_request]:
[第22行]-用户没有登录, 跳转到登录页面

具体时间:[2021-11-08 23:15:12,162][default:INFO(22)]
当前文件位置:[/home/yanyi/Project/MainManage/ServerData/user/login_required.py]模块名:[login_required:]函数名:[process_request]:
[第22行]-用户没有登录, 跳转到登录页面

具体时间:[2021-11-08 23:15:12,345][default:INFO(22)]
当前文件位置:[/home/yanyi/Project/MainManage/ServerData/user/login_required.py]模块名:[login_required:]函数名:[process_request]:
[第22行]-用户没有登录, 跳转到登录页面

具体时间:[2021-11-08 23:15:17,773][default:DEBUG(223)]
当前文件位置:[/home/yanyi/Project/MainManage/ServerData/Lib/SupervisionWarning.py]模块名:[SupervisionWarning:]函数名:[supervision_start_thread]:
[第223行]-预警监测：Traceback (most recent call last):
  File "/home/yanyi/Project/MainManage/ServerData/Lib/SupervisionWarning.py", line 42, in supervision_start_thread
    data_obj_list = BllMedicamentVariety().execute(SQL).fetchall()
AttributeError: 'NoneType' object has no attribute 'fetchall'


具体时间:[2021-11-08 23:15:25,701][default:INFO(202)]
当前文件位置:[/home/yanyi/Project/MainManage/ServerData/TY_RMS_Multiple_Manage/views.py]模块名:[views:]函数名:[account_login]:
[第202行]-账号或密码不正确, 登录失败

具体时间:[2021-11-08 23:15:28,205][default:INFO(22)]
当前文件位置:[/home/yanyi/Project/MainManage/ServerData/user/login_required.py]模块名:[login_required:]函数名:[process_request]:
[第22行]-用户没有登录, 跳转到登录页面

具体时间:[2021-11-08 23:15:53,228][default:INFO(22)]
当前文件位置:[/home/yanyi/Project/MainManage/ServerData/user/login_required.py]模块名:[login_required:]函数名:[process_request]:
[第22行]-用户没有登录, 跳转到登录页面

具体时间:[2021-11-08 23:15:53,422][default:INFO(22)]
当前文件位置:[/home/yanyi/Project/MainManage/ServerData/user/login_required.py]模块名:[login_required:]函数名:[process_request]:
[第22行]-用户没有登录, 跳转到登录页面

具体时间:[2021-11-08 23:15:58,841][default:DEBUG(223)]
当前文件位置:[/home/yanyi/Project/MainManage/ServerData/Lib/SupervisionWarning.py]模块名:[SupervisionWarning:]函数名:[supervision_start_thread]:
[第223行]-预警监测：Traceback (most recent call last):
  File "/home/yanyi/Project/MainManage/ServerData/Lib/SupervisionWarning.py", line 42, in supervision_start_thread
    data_obj_list = BllMedicamentVariety().execute(SQL).fetchall()
AttributeError: 'NoneType' object has no attribute 'fetchall'


具体时间:[2021-11-08 23:16:05,340][default:INFO(202)]
当前文件位置:[/home/yanyi/Project/MainManage/ServerData/TY_RMS_Multiple_Manage/views.py]模块名:[views:]函数名:[account_login]:
[第202行]-账号或密码不正确, 登录失败

具体时间:[2021-11-08 23:16:07,825][default:INFO(22)]
当前文件位置:[/home/yanyi/Project/MainManage/ServerData/user/login_required.py]模块名:[login_required:]函数名:[process_request]:
[第22行]-用户没有登录, 跳转到登录页面

具体时间:[2021-11-08 23:16:15,851][default:INFO(22)]
当前文件位置:[/home/yanyi/Project/MainManage/ServerData/user/login_required.py]模块名:[login_required:]函数名:[process_request]:
[第22行]-用户没有登录, 跳转到登录页面

具体时间:[2021-11-08 23:16:16,037][default:INFO(22)]
当前文件位置:[/home/yanyi/Project/MainManage/ServerData/user/login_required.py]模块名:[login_required:]函数名:[process_request]:
[第22行]-用户没有登录, 跳转到登录页面

具体时间:[2021-11-08 23:16:21,257][default:INFO(22)]
当前文件位置:[/home/yanyi/Project/MainManage/ServerData/user/login_required.py]模块名:[login_required:]函数名:[process_request]:
[第22行]-用户没有登录, 跳转到登录页面

具体时间:[2021-11-08 23:16:21,492][default:DEBUG(223)]
当前文件位置:[/home/yanyi/Project/MainManage/ServerData/Lib/SupervisionWarning.py]模块名:[SupervisionWarning:]函数名:[supervision_start_thread]:
[第223行]-预警监测：Traceback (most recent call last):
  File "/home/yanyi/Project/MainManage/ServerData/Lib/SupervisionWarning.py", line 42, in supervision_start_thread
    data_obj_list = BllMedicamentVariety().execute(SQL).fetchall()
AttributeError: 'NoneType' object has no attribute 'fetchall'


具体时间:[2021-11-08 23:16:21,510][default:INFO(22)]
当前文件位置:[/home/yanyi/Project/MainManage/ServerData/user/login_required.py]模块名:[login_required:]函数名:[process_request]:
[第22行]-用户没有登录, 跳转到登录页面

具体时间:[2021-11-08 23:16:28,616][default:INFO(202)]
当前文件位置:[/home/yanyi/Project/MainManage/ServerData/TY_RMS_Multiple_Manage/views.py]模块名:[views:]函数名:[account_login]:
[第202行]-账号或密码不正确, 登录失败

具体时间:[2021-11-08 23:41:06,982][default:INFO(22)]
当前文件位置:[/home/yanyi/Project/MainManage/ServerData/user/login_required.py]模块名:[login_required:]函数名:[process_request]:
[第22行]-用户没有登录, 跳转到登录页面

具体时间:[2021-11-08 23:41:07,236][default:INFO(22)]
当前文件位置:[/home/yanyi/Project/MainManage/ServerData/user/login_required.py]模块名:[login_required:]函数名:[process_request]:
[第22行]-用户没有登录, 跳转到登录页面

具体时间:[2021-11-08 23:41:12,550][default:DEBUG(223)]
当前文件位置:[/home/yanyi/Project/MainManage/ServerData/Lib/SupervisionWarning.py]模块名:[SupervisionWarning:]函数名:[supervision_start_thread]:
[第223行]-预警监测：Traceback (most recent call last):
  File "/home/yanyi/Project/MainManage/ServerData/Lib/SupervisionWarning.py", line 42, in supervision_start_thread
    data_obj_list = BllMedicamentVariety().execute(SQL).fetchall()
AttributeError: 'NoneType' object has no attribute 'fetchall'


具体时间:[2021-11-08 23:41:20,874][default:INFO(202)]
当前文件位置:[/home/yanyi/Project/MainManage/ServerData/TY_RMS_Multiple_Manage/views.py]模块名:[views:]函数名:[account_login]:
[第202行]-账号或密码不正确, 登录失败

具体时间:[2021-11-08 23:41:23,345][default:INFO(22)]
当前文件位置:[/home/yanyi/Project/MainManage/ServerData/user/login_required.py]模块名:[login_required:]函数名:[process_request]:
[第22行]-用户没有登录, 跳转到登录页面

