具体时间:[2021-10-20 08:33:37,972][default:INFO(22)]
当前文件位置:[C:\Users\Administrator\Desktop\20211011\TY_RMS_BZP_Manage_yanshi_new\user\login_required.py]模块名:[login_required:]函数名:[process_request]:
[第22行]-用户没有登录, 跳转到登录页面

具体时间:[2021-10-20 08:33:39,637][default:INFO(22)]
当前文件位置:[C:\Users\Administrator\Desktop\20211011\TY_RMS_BZP_Manage_yanshi_new\user\login_required.py]模块名:[login_required:]函数名:[process_request]:
[第22行]-用户没有登录, 跳转到登录页面

具体时间:[2021-10-20 08:33:51,808][default:INFO(181)]
当前文件位置:[C:\Users\Administrator\Desktop\20211011\TY_RMS_BZP_Manage_yanshi_new\TY_RMS_Multiple_Manage\views.py]模块名:[views:]函数名:[account_login]:
[第181行]-登录成功

具体时间:[2021-10-20 10:09:51,113][default:INFO(181)]
当前文件位置:[C:\Users\Administrator\Desktop\20211011\TY_RMS_BZP_Manage_yanshi_new\TY_RMS_Multiple_Manage\views.py]模块名:[views:]函数名:[account_login]:
[第181行]-登录成功

具体时间:[2021-10-20 10:58:27,520][default:INFO(181)]
当前文件位置:[C:\Users\Administrator\Desktop\20211011\TY_RMS_BZP_Manage_yanshi_new\TY_RMS_Multiple_Manage\views.py]模块名:[views:]函数名:[account_login]:
[第181行]-登录成功

具体时间:[2021-10-20 15:00:44,456][default:INFO(181)]
当前文件位置:[C:\Users\Administrator\Desktop\20211011\TY_RMS_BZP_Manage_yanshi_new\TY_RMS_Multiple_Manage\views.py]模块名:[views:]函数名:[account_login]:
[第181行]-登录成功

具体时间:[2021-10-20 15:04:28,868][default:INFO(181)]
当前文件位置:[C:\Users\Administrator\Desktop\20211011\TY_RMS_BZP_Manage_yanshi_new\TY_RMS_Multiple_Manage\views.py]模块名:[views:]函数名:[account_login]:
[第181行]-登录成功

具体时间:[2021-10-20 15:06:38,287][default:INFO(181)]
当前文件位置:[C:\Users\Administrator\Desktop\20211011\TY_RMS_BZP_Manage_yanshi_new\TY_RMS_Multiple_Manage\views.py]模块名:[views:]函数名:[account_login]:
[第181行]-登录成功

具体时间:[2021-10-20 15:47:05,819][default:INFO(181)]
当前文件位置:[C:\Users\Administrator\Desktop\20211011\TY_RMS_BZP_Manage_yanshi_new\TY_RMS_Multiple_Manage\views.py]模块名:[views:]函数名:[account_login]:
[第181行]-登录成功

具体时间:[2021-10-20 16:32:57,263][default:INFO(537)]
当前文件位置:[C:\Users\Administrator\Desktop\20211011\TY_RMS_BZP_Manage_yanshi_new\Hazardous\views.py]模块名:[views:]函数名:[getKeyRecordListJson]:
[第537行]-数据异常

具体时间:[2021-10-20 16:33:07,936][default:INFO(537)]
当前文件位置:[C:\Users\Administrator\Desktop\20211011\TY_RMS_BZP_Manage_yanshi_new\Hazardous\views.py]模块名:[views:]函数名:[getKeyRecordListJson]:
[第537行]-数据异常

具体时间:[2021-10-20 16:34:32,540][default:INFO(538)]
当前文件位置:[C:\Users\Administrator\Desktop\20211011\TY_RMS_BZP_Manage_yanshi_new\Hazardous\views.py]模块名:[views:]函数名:[getKeyRecordListJson]:
[第538行]-数据异常

具体时间:[2021-10-20 16:35:39,491][default:INFO(538)]
当前文件位置:[C:\Users\Administrator\Desktop\20211011\TY_RMS_BZP_Manage_yanshi_new\Hazardous\views.py]模块名:[views:]函数名:[getKeyRecordListJson]:
[第538行]-数据异常'EntityKeyRecord' object has no attribute 'keys'

具体时间:[2021-10-20 16:37:02,085][default:INFO(538)]
当前文件位置:[C:\Users\Administrator\Desktop\20211011\TY_RMS_BZP_Manage_yanshi_new\Hazardous\views.py]模块名:[views:]函数名:[getKeyRecordListJson]:
[第538行]-数据异常'EntityKeyRecord' object has no attribute 'keys'

具体时间:[2021-10-20 16:39:24,043][default:INFO(538)]
当前文件位置:[C:\Users\Administrator\Desktop\20211011\TY_RMS_BZP_Manage_yanshi_new\Hazardous\views.py]模块名:[views:]函数名:[getKeyRecordListJson]:
[第538行]-数据异常'EntityKeyRecord' object has no attribute 'keys'

具体时间:[2021-10-20 16:40:15,411][default:INFO(534)]
当前文件位置:[C:\Users\Administrator\Desktop\20211011\TY_RMS_BZP_Manage_yanshi_new\Hazardous\views.py]模块名:[views:]函数名:[getKeyRecordListJson]:
[第534行]-数据异常'EntityKeyRecord' object has no attribute 'keys'

具体时间:[2021-10-20 16:40:18,599][default:INFO(534)]
当前文件位置:[C:\Users\Administrator\Desktop\20211011\TY_RMS_BZP_Manage_yanshi_new\Hazardous\views.py]模块名:[views:]函数名:[getKeyRecordListJson]:
[第534行]-数据异常'EntityKeyRecord' object has no attribute 'keys'

具体时间:[2021-10-20 16:43:04,168][default:INFO(534)]
当前文件位置:[C:\Users\Administrator\Desktop\20211011\TY_RMS_BZP_Manage_yanshi_new\Hazardous\views.py]模块名:[views:]函数名:[getKeyRecordListJson]:
[第534行]-数据异常'EntityKeyRecord' object has no attribute 'keys'

具体时间:[2021-10-20 17:14:09,032][default:INFO(181)]
当前文件位置:[C:\Users\Administrator\Desktop\20211011\TY_RMS_BZP_Manage_yanshi_new\TY_RMS_Multiple_Manage\views.py]模块名:[views:]函数名:[account_login]:
[第181行]-登录成功

具体时间:[2021-10-20 17:18:26,841][default:INFO(533)]
当前文件位置:[C:\Users\Administrator\Desktop\20211011\TY_RMS_BZP_Manage_yanshi_new\Hazardous\views.py]模块名:[views:]函数名:[getKeyRecordListJson]:
[第533行]-数据异常Can't resolve label reference for ORDER BY / GROUP BY. Textual SQL expression '-CreateDate' should be explicitly declared as text('-CreateDate')

具体时间:[2021-10-20 17:18:30,684][default:INFO(533)]
当前文件位置:[C:\Users\Administrator\Desktop\20211011\TY_RMS_BZP_Manage_yanshi_new\Hazardous\views.py]模块名:[views:]函数名:[getKeyRecordListJson]:
[第533行]-数据异常Can't resolve label reference for ORDER BY / GROUP BY. Textual SQL expression '-CreateDate' should be explicitly declared as text('-CreateDate')

具体时间:[2021-10-20 17:32:29,747][default:INFO(535)]
当前文件位置:[C:\Users\Administrator\Desktop\20211011\TY_RMS_BZP_Manage_yanshi_new\Hazardous\views.py]模块名:[views:]函数名:[getKeyRecordListJson]:
[第535行]-数据异常'<' not supported between instances of 'dict' and 'dict'

具体时间:[2021-10-20 18:50:31,181][default:INFO(181)]
当前文件位置:[C:\Users\Administrator\Desktop\20211011\TY_RMS_BZP_Manage_yanshi_new\TY_RMS_Multiple_Manage\views.py]模块名:[views:]函数名:[account_login]:
[第181行]-登录成功

具体时间:[2021-10-20 19:18:44,781][default:INFO(181)]
当前文件位置:[C:\Users\Administrator\Desktop\20211011\TY_RMS_BZP_Manage_yanshi_new\TY_RMS_Multiple_Manage\views.py]模块名:[views:]函数名:[account_login]:
[第181行]-登录成功

具体时间:[2021-10-20 19:19:43,412][default:INFO(181)]
当前文件位置:[C:\Users\Administrator\Desktop\20211011\TY_RMS_BZP_Manage_yanshi_new\TY_RMS_Multiple_Manage\views.py]模块名:[views:]函数名:[account_login]:
[第181行]-登录成功

