具体时间:[2021-11-02 08:55:46,048][default:INFO(22)]
当前文件位置:[C:\Users\Administrator\Desktop\20211011\TY_RMS_BZP_Manage_yanshi_new\user\login_required.py]模块名:[login_required:]函数名:[process_request]:
[第22行]-用户没有登录, 跳转到登录页面

具体时间:[2021-11-02 08:55:49,084][default:INFO(22)]
当前文件位置:[C:\Users\Administrator\Desktop\20211011\TY_RMS_BZP_Manage_yanshi_new\user\login_required.py]模块名:[login_required:]函数名:[process_request]:
[第22行]-用户没有登录, 跳转到登录页面

具体时间:[2021-11-02 08:55:56,986][default:INFO(202)]
当前文件位置:[C:\Users\Administrator\Desktop\20211011\TY_RMS_BZP_Manage_yanshi_new\TY_RMS_Multiple_Manage\views.py]模块名:[views:]函数名:[account_login]:
[第202行]-账号或密码不正确, 登录失败

具体时间:[2021-11-02 08:55:58,794][default:INFO(202)]
当前文件位置:[C:\Users\Administrator\Desktop\20211011\TY_RMS_BZP_Manage_yanshi_new\TY_RMS_Multiple_Manage\views.py]模块名:[views:]函数名:[account_login]:
[第202行]-账号或密码不正确, 登录失败

具体时间:[2021-11-02 08:56:06,066][default:INFO(182)]
当前文件位置:[C:\Users\Administrator\Desktop\20211011\TY_RMS_BZP_Manage_yanshi_new\TY_RMS_Multiple_Manage\views.py]模块名:[views:]函数名:[account_login]:
[第182行]-登录成功

具体时间:[2021-11-02 09:09:00,625][default:INFO(182)]
当前文件位置:[C:\Users\Administrator\Desktop\20211011\TY_RMS_BZP_Manage_yanshi_new\TY_RMS_Multiple_Manage\views.py]模块名:[views:]函数名:[account_login]:
[第182行]-登录成功

具体时间:[2021-11-02 10:09:12,093][default:INFO(182)]
当前文件位置:[C:\Users\Administrator\Desktop\20211011\TY_RMS_BZP_Manage_yanshi_new\TY_RMS_Multiple_Manage\views.py]模块名:[views:]函数名:[account_login]:
[第182行]-登录成功

具体时间:[2021-11-02 10:51:20,344][default:INFO(22)]
当前文件位置:[C:\Users\Administrator\Desktop\20211011\TY_RMS_BZP_Manage_yanshi_new\user\login_required.py]模块名:[login_required:]函数名:[process_request]:
[第22行]-用户没有登录, 跳转到登录页面

具体时间:[2021-11-02 10:51:22,603][default:INFO(22)]
当前文件位置:[C:\Users\Administrator\Desktop\20211011\TY_RMS_BZP_Manage_yanshi_new\user\login_required.py]模块名:[login_required:]函数名:[process_request]:
[第22行]-用户没有登录, 跳转到登录页面

具体时间:[2021-11-02 10:51:29,802][default:INFO(182)]
当前文件位置:[C:\Users\Administrator\Desktop\20211011\TY_RMS_BZP_Manage_yanshi_new\TY_RMS_Multiple_Manage\views.py]模块名:[views:]函数名:[account_login]:
[第182行]-登录成功

具体时间:[2021-11-02 15:13:53,525][default:INFO(182)]
当前文件位置:[C:\Users\Administrator\Desktop\20211011\TY_RMS_BZP_Manage_yanshi_new\TY_RMS_Multiple_Manage\views.py]模块名:[views:]函数名:[account_login]:
[第182行]-登录成功

