具体时间:[2021-10-19 09:15:47,347][default:INFO(22)]
当前文件位置:[C:\Users\Administrator\Desktop\20211011\TY_RMS_BZP_Manage_yanshi_new\user\login_required.py]模块名:[login_required:]函数名:[process_request]:
[第22行]-用户没有登录, 跳转到登录页面

具体时间:[2021-10-19 09:15:49,212][default:INFO(22)]
当前文件位置:[C:\Users\Administrator\Desktop\20211011\TY_RMS_BZP_Manage_yanshi_new\user\login_required.py]模块名:[login_required:]函数名:[process_request]:
[第22行]-用户没有登录, 跳转到登录页面

具体时间:[2021-10-19 09:22:51,117][default:INFO(181)]
当前文件位置:[C:\Users\Administrator\Desktop\20211011\TY_RMS_BZP_Manage_yanshi_new\TY_RMS_Multiple_Manage\views.py]模块名:[views:]函数名:[account_login]:
[第181行]-登录成功

具体时间:[2021-10-19 10:05:37,083][default:INFO(181)]
当前文件位置:[C:\Users\Administrator\Desktop\20211011\TY_RMS_BZP_Manage_yanshi_new\TY_RMS_Multiple_Manage\views.py]模块名:[views:]函数名:[account_login]:
[第181行]-登录成功

具体时间:[2021-10-19 13:44:04,025][default:INFO(181)]
当前文件位置:[C:\Users\Administrator\Desktop\20211011\TY_RMS_BZP_Manage_yanshi_new\TY_RMS_Multiple_Manage\views.py]模块名:[views:]函数名:[account_login]:
[第181行]-登录成功

具体时间:[2021-10-19 15:35:28,439][default:INFO(181)]
当前文件位置:[C:\Users\Administrator\Desktop\20211011\TY_RMS_BZP_Manage_yanshi_new\TY_RMS_Multiple_Manage\views.py]模块名:[views:]函数名:[account_login]:
[第181行]-登录成功

具体时间:[2021-10-19 16:14:33,249][default:INFO(181)]
当前文件位置:[C:\Users\Administrator\Desktop\20211011\TY_RMS_BZP_Manage_yanshi_new\TY_RMS_Multiple_Manage\views.py]模块名:[views:]函数名:[account_login]:
[第181行]-登录成功

具体时间:[2021-10-19 17:36:48,290][default:INFO(181)]
当前文件位置:[C:\Users\Administrator\Desktop\20211011\TY_RMS_BZP_Manage_yanshi_new\TY_RMS_Multiple_Manage\views.py]模块名:[views:]函数名:[account_login]:
[第181行]-登录成功

具体时间:[2021-10-19 17:58:31,676][default:INFO(22)]
当前文件位置:[C:\Users\Administrator\Desktop\20211011\TY_RMS_BZP_Manage_yanshi_new\user\login_required.py]模块名:[login_required:]函数名:[process_request]:
[第22行]-用户没有登录, 跳转到登录页面

具体时间:[2021-10-19 18:05:10,483][default:INFO(181)]
当前文件位置:[C:\Users\Administrator\Desktop\20211011\TY_RMS_BZP_Manage_yanshi_new\TY_RMS_Multiple_Manage\views.py]模块名:[views:]函数名:[account_login]:
[第181行]-登录成功

