具体时间:[2021-07-30 19:33:55,297][default:INFO(22)]
当前文件位置:[/home/yanyi/Project/MainManage/ServerData/user/login_required.py]模块名:[login_required:]函数名:[process_request]:
[第22行]-用户没有登录, 跳转到登录页面

具体时间:[2021-07-30 19:33:55,555][default:INFO(22)]
当前文件位置:[/home/yanyi/Project/MainManage/ServerData/user/login_required.py]模块名:[login_required:]函数名:[process_request]:
[第22行]-用户没有登录, 跳转到登录页面

具体时间:[2021-07-30 19:34:04,600][default:INFO(184)]
当前文件位置:[/home/yanyi/Project/MainManage/ServerData/TY_RMS_Multiple_Manage/views.py]模块名:[views:]函数名:[account_login]:
[第184行]-登录成功

具体时间:[2021-07-30 20:41:18,598][default:INFO(22)]
当前文件位置:[/home/yanyi/Project/MainManage/ServerData/user/login_required.py]模块名:[login_required:]函数名:[process_request]:
[第22行]-用户没有登录, 跳转到登录页面

具体时间:[2021-07-30 23:11:45,575][default:INFO(184)]
当前文件位置:[/home/yanyi/Project/MainManage/ServerData/TY_RMS_Multiple_Manage/views.py]模块名:[views:]函数名:[account_login]:
[第184行]-登录成功

具体时间:[2021-07-31 00:53:30,547][default:INFO(22)]
当前文件位置:[/home/yanyi/Project/MainManage/ServerData/user/login_required.py]模块名:[login_required:]函数名:[process_request]:
[第22行]-用户没有登录, 跳转到登录页面

具体时间:[2021-07-31 00:53:34,026][default:INFO(22)]
当前文件位置:[/home/yanyi/Project/MainManage/ServerData/user/login_required.py]模块名:[login_required:]函数名:[process_request]:
[第22行]-用户没有登录, 跳转到登录页面

具体时间:[2021-07-31 00:54:21,387][default:INFO(184)]
当前文件位置:[/home/yanyi/Project/MainManage/ServerData/TY_RMS_Multiple_Manage/views.py]模块名:[views:]函数名:[account_login]:
[第184行]-登录成功

具体时间:[2021-07-31 00:59:02,132][default:INFO(22)]
当前文件位置:[/home/yanyi/Project/MainManage/ServerData/user/login_required.py]模块名:[login_required:]函数名:[process_request]:
[第22行]-用户没有登录, 跳转到登录页面

具体时间:[2021-07-31 00:59:03,807][default:INFO(22)]
当前文件位置:[/home/yanyi/Project/MainManage/ServerData/user/login_required.py]模块名:[login_required:]函数名:[process_request]:
[第22行]-用户没有登录, 跳转到登录页面

具体时间:[2021-07-31 00:59:14,407][default:INFO(184)]
当前文件位置:[/home/yanyi/Project/MainManage/ServerData/TY_RMS_Multiple_Manage/views.py]模块名:[views:]函数名:[account_login]:
[第184行]-登录成功

具体时间:[2021-07-31 01:20:55,210][default:INFO(22)]
当前文件位置:[/home/yanyi/Project/MainManage/ServerData/user/login_required.py]模块名:[login_required:]函数名:[process_request]:
[第22行]-用户没有登录, 跳转到登录页面

具体时间:[2021-07-31 01:26:58,606][default:INFO(22)]
当前文件位置:[/home/yanyi/Project/MainManage/ServerData/user/login_required.py]模块名:[login_required:]函数名:[process_request]:
[第22行]-用户没有登录, 跳转到登录页面

具体时间:[2021-07-31 01:28:39,450][default:INFO(22)]
当前文件位置:[/home/yanyi/Project/MainManage/ServerData/user/login_required.py]模块名:[login_required:]函数名:[process_request]:
[第22行]-用户没有登录, 跳转到登录页面

具体时间:[2021-07-31 01:29:52,193][default:INFO(22)]
当前文件位置:[/home/yanyi/Project/MainManage/ServerData/user/login_required.py]模块名:[login_required:]函数名:[process_request]:
[第22行]-用户没有登录, 跳转到登录页面

具体时间:[2021-07-31 01:30:41,694][default:INFO(22)]
当前文件位置:[/home/yanyi/Project/MainManage/ServerData/user/login_required.py]模块名:[login_required:]函数名:[process_request]:
[第22行]-用户没有登录, 跳转到登录页面

具体时间:[2021-07-31 01:32:50,732][default:INFO(22)]
当前文件位置:[/home/yanyi/Project/MainManage/ServerData/user/login_required.py]模块名:[login_required:]函数名:[process_request]:
[第22行]-用户没有登录, 跳转到登录页面

具体时间:[2021-07-31 01:33:13,285][default:INFO(22)]
当前文件位置:[/home/yanyi/Project/MainManage/ServerData/user/login_required.py]模块名:[login_required:]函数名:[process_request]:
[第22行]-用户没有登录, 跳转到登录页面

具体时间:[2021-07-31 01:34:06,660][default:INFO(22)]
当前文件位置:[/home/yanyi/Project/MainManage/ServerData/user/login_required.py]模块名:[login_required:]函数名:[process_request]:
[第22行]-用户没有登录, 跳转到登录页面

具体时间:[2021-07-31 01:35:28,541][default:INFO(22)]
当前文件位置:[/home/yanyi/Project/MainManage/ServerData/user/login_required.py]模块名:[login_required:]函数名:[process_request]:
[第22行]-用户没有登录, 跳转到登录页面

具体时间:[2021-07-31 01:39:06,705][default:INFO(22)]
当前文件位置:[/home/yanyi/Project/MainManage/ServerData/user/login_required.py]模块名:[login_required:]函数名:[process_request]:
[第22行]-用户没有登录, 跳转到登录页面

具体时间:[2021-07-31 01:40:01,097][default:INFO(22)]
当前文件位置:[/home/yanyi/Project/MainManage/ServerData/user/login_required.py]模块名:[login_required:]函数名:[process_request]:
[第22行]-用户没有登录, 跳转到登录页面

具体时间:[2021-07-31 01:41:15,495][default:INFO(22)]
当前文件位置:[/home/yanyi/Project/MainManage/ServerData/user/login_required.py]模块名:[login_required:]函数名:[process_request]:
[第22行]-用户没有登录, 跳转到登录页面

具体时间:[2021-07-31 01:43:19,485][default:INFO(22)]
当前文件位置:[/home/yanyi/Project/MainManage/ServerData/user/login_required.py]模块名:[login_required:]函数名:[process_request]:
[第22行]-用户没有登录, 跳转到登录页面

具体时间:[2021-07-31 01:44:08,370][default:INFO(22)]
当前文件位置:[/home/yanyi/Project/MainManage/ServerData/user/login_required.py]模块名:[login_required:]函数名:[process_request]:
[第22行]-用户没有登录, 跳转到登录页面

具体时间:[2021-07-31 01:46:03,253][default:INFO(22)]
当前文件位置:[/home/yanyi/Project/MainManage/ServerData/user/login_required.py]模块名:[login_required:]函数名:[process_request]:
[第22行]-用户没有登录, 跳转到登录页面

具体时间:[2021-07-31 01:47:51,673][default:INFO(22)]
当前文件位置:[/home/yanyi/Project/MainManage/ServerData/user/login_required.py]模块名:[login_required:]函数名:[process_request]:
[第22行]-用户没有登录, 跳转到登录页面

具体时间:[2021-07-31 01:48:31,948][default:INFO(22)]
当前文件位置:[/home/yanyi/Project/MainManage/ServerData/user/login_required.py]模块名:[login_required:]函数名:[process_request]:
[第22行]-用户没有登录, 跳转到登录页面

具体时间:[2021-07-31 01:49:10,899][default:INFO(22)]
当前文件位置:[/home/yanyi/Project/MainManage/ServerData/user/login_required.py]模块名:[login_required:]函数名:[process_request]:
[第22行]-用户没有登录, 跳转到登录页面

具体时间:[2021-07-31 01:52:20,823][default:INFO(22)]
当前文件位置:[/home/yanyi/Project/MainManage/ServerData/user/login_required.py]模块名:[login_required:]函数名:[process_request]:
[第22行]-用户没有登录, 跳转到登录页面

具体时间:[2021-07-31 01:53:02,265][default:INFO(22)]
当前文件位置:[/home/yanyi/Project/MainManage/ServerData/user/login_required.py]模块名:[login_required:]函数名:[process_request]:
[第22行]-用户没有登录, 跳转到登录页面

具体时间:[2021-07-31 01:53:41,411][default:INFO(22)]
当前文件位置:[/home/yanyi/Project/MainManage/ServerData/user/login_required.py]模块名:[login_required:]函数名:[process_request]:
[第22行]-用户没有登录, 跳转到登录页面

具体时间:[2021-07-31 01:54:30,674][default:INFO(22)]
当前文件位置:[/home/yanyi/Project/MainManage/ServerData/user/login_required.py]模块名:[login_required:]函数名:[process_request]:
[第22行]-用户没有登录, 跳转到登录页面

具体时间:[2021-07-31 01:55:06,993][default:INFO(22)]
当前文件位置:[/home/yanyi/Project/MainManage/ServerData/user/login_required.py]模块名:[login_required:]函数名:[process_request]:
[第22行]-用户没有登录, 跳转到登录页面

具体时间:[2021-08-05 03:10:55,563][default:INFO(22)]
当前文件位置:[/home/yanyi/Project/MainManage/ServerData/user/login_required.py]模块名:[login_required:]函数名:[process_request]:
[第22行]-用户没有登录, 跳转到登录页面

具体时间:[2021-08-05 03:20:07,700][default:INFO(22)]
当前文件位置:[/home/yanyi/Project/MainManage/ServerData/user/login_required.py]模块名:[login_required:]函数名:[process_request]:
[第22行]-用户没有登录, 跳转到登录页面

具体时间:[2021-08-05 16:22:00,762][default:INFO(22)]
当前文件位置:[/home/yanyi/Project/MainManage/ServerData/user/login_required.py]模块名:[login_required:]函数名:[process_request]:
[第22行]-用户没有登录, 跳转到登录页面

具体时间:[2021-08-05 16:23:25,571][default:INFO(22)]
当前文件位置:[/home/yanyi/Project/MainManage/ServerData/user/login_required.py]模块名:[login_required:]函数名:[process_request]:
[第22行]-用户没有登录, 跳转到登录页面

具体时间:[2021-08-05 18:01:26,622][default:INFO(22)]
当前文件位置:[/home/yanyi/Project/MainManage/ServerData/user/login_required.py]模块名:[login_required:]函数名:[process_request]:
[第22行]-用户没有登录, 跳转到登录页面

具体时间:[2021-08-05 19:04:39,857][default:INFO(22)]
当前文件位置:[/home/yanyi/Project/MainManage/ServerData/user/login_required.py]模块名:[login_required:]函数名:[process_request]:
[第22行]-用户没有登录, 跳转到登录页面

具体时间:[2021-08-05 19:23:22,401][default:INFO(22)]
当前文件位置:[/home/yanyi/Project/MainManage/ServerData/user/login_required.py]模块名:[login_required:]函数名:[process_request]:
[第22行]-用户没有登录, 跳转到登录页面

具体时间:[2021-08-05 19:32:48,064][default:INFO(177)]
当前文件位置:[/home/yanyi/Project/MainManage/ServerData/home/views.py]模块名:[views:]函数名:[getRecordTypeDrugRecordListJson]:
[第177行]-数据异常

具体时间:[2021-08-05 19:32:55,856][default:INFO(177)]
当前文件位置:[/home/yanyi/Project/MainManage/ServerData/home/views.py]模块名:[views:]函数名:[getRecordTypeDrugRecordListJson]:
[第177行]-数据异常

具体时间:[2021-08-05 19:43:49,604][default:INFO(22)]
当前文件位置:[/home/yanyi/Project/MainManage/ServerData/user/login_required.py]模块名:[login_required:]函数名:[process_request]:
[第22行]-用户没有登录, 跳转到登录页面

具体时间:[2021-08-06 17:15:32,685][default:INFO(184)]
当前文件位置:[/home/yanyi/Project/MainManage/ServerData/TY_RMS_Multiple_Manage/views.py]模块名:[views:]函数名:[account_login]:
[第184行]-登录成功

具体时间:[2021-08-06 18:19:01,737][default:INFO(22)]
当前文件位置:[/home/yanyi/Project/MainManage/ServerData/user/login_required.py]模块名:[login_required:]函数名:[process_request]:
[第22行]-用户没有登录, 跳转到登录页面

具体时间:[2021-08-06 21:15:32,596][default:INFO(184)]
当前文件位置:[/home/yanyi/Project/MainManage/ServerData/TY_RMS_Multiple_Manage/views.py]模块名:[views:]函数名:[account_login]:
[第184行]-登录成功

具体时间:[2021-08-06 21:35:37,206][default:INFO(22)]
当前文件位置:[/home/yanyi/Project/MainManage/ServerData/user/login_required.py]模块名:[login_required:]函数名:[process_request]:
[第22行]-用户没有登录, 跳转到登录页面

具体时间:[2021-08-06 21:35:50,079][default:INFO(184)]
当前文件位置:[/home/yanyi/Project/MainManage/ServerData/TY_RMS_Multiple_Manage/views.py]模块名:[views:]函数名:[account_login]:
[第184行]-登录成功

