具体时间:[2021-11-05 14:56:51,322][default:DEBUG(223)]
当前文件位置:[C:\Users\dell\Desktop\TY_RMS_BZP_Manage_yanshi_new20211105\TY_RMS_BZP_Manage_yanshi_new\Lib\SupervisionWarning.py]模块名:[SupervisionWarning:]函数名:[supervision_start_thread]:
[第223行]-预警监测：Traceback (most recent call last):
  File "C:\Users\dell\Desktop\TY_RMS_BZP_Manage_yanshi_new20211105\TY_RMS_BZP_Manage_yanshi_new\Lib\SupervisionWarning.py", line 42, in supervision_start_thread
    data_obj_list = BllMedicamentVariety().execute(SQL).fetchall()
AttributeError: 'NoneType' object has no attribute 'fetchall'


具体时间:[2021-11-05 15:01:16,466][default:DEBUG(223)]
当前文件位置:[C:\Users\dell\Desktop\TY_RMS_BZP_Manage_yanshi_new20211104\TY_RMS_BZP_Manage_yanshi_new\Lib\SupervisionWarning.py]模块名:[SupervisionWarning:]函数名:[supervision_start_thread]:
[第223行]-预警监测：Traceback (most recent call last):
  File "C:\Users\dell\Desktop\TY_RMS_BZP_Manage_yanshi_new20211104\TY_RMS_BZP_Manage_yanshi_new\Lib\SupervisionWarning.py", line 42, in supervision_start_thread
    data_obj_list = BllMedicamentVariety().execute(SQL).fetchall()
AttributeError: 'NoneType' object has no attribute 'fetchall'


具体时间:[2021-11-05 15:01:19,854][default:DEBUG(223)]
当前文件位置:[C:\Users\dell\Desktop\TY_RMS_BZP_Manage_yanshi_new20211104\TY_RMS_BZP_Manage_yanshi_new\Lib\SupervisionWarning.py]模块名:[SupervisionWarning:]函数名:[supervision_start_thread]:
[第223行]-预警监测：Traceback (most recent call last):
  File "C:\Users\dell\Desktop\TY_RMS_BZP_Manage_yanshi_new20211104\TY_RMS_BZP_Manage_yanshi_new\Lib\SupervisionWarning.py", line 42, in supervision_start_thread
    data_obj_list = BllMedicamentVariety().execute(SQL).fetchall()
AttributeError: 'NoneType' object has no attribute 'fetchall'


具体时间:[2021-11-05 15:01:21,854][default:INFO(22)]
当前文件位置:[C:\Users\dell\Desktop\TY_RMS_BZP_Manage_yanshi_new20211104\TY_RMS_BZP_Manage_yanshi_new\user\login_required.py]模块名:[login_required:]函数名:[process_request]:
[第22行]-用户没有登录, 跳转到登录页面

具体时间:[2021-11-05 15:01:40,998][default:DEBUG(223)]
当前文件位置:[C:\Users\dell\Desktop\TY_RMS_BZP_Manage_yanshi_new20211104\TY_RMS_BZP_Manage_yanshi_new\Lib\SupervisionWarning.py]模块名:[SupervisionWarning:]函数名:[supervision_start_thread]:
[第223行]-预警监测：Traceback (most recent call last):
  File "C:\Users\dell\Desktop\TY_RMS_BZP_Manage_yanshi_new20211104\TY_RMS_BZP_Manage_yanshi_new\Lib\SupervisionWarning.py", line 42, in supervision_start_thread
    data_obj_list = BllMedicamentVariety().execute(SQL).fetchall()
AttributeError: 'NoneType' object has no attribute 'fetchall'


具体时间:[2021-11-05 15:01:44,330][default:DEBUG(223)]
当前文件位置:[C:\Users\dell\Desktop\TY_RMS_BZP_Manage_yanshi_new20211104\TY_RMS_BZP_Manage_yanshi_new\Lib\SupervisionWarning.py]模块名:[SupervisionWarning:]函数名:[supervision_start_thread]:
[第223行]-预警监测：Traceback (most recent call last):
  File "C:\Users\dell\Desktop\TY_RMS_BZP_Manage_yanshi_new20211104\TY_RMS_BZP_Manage_yanshi_new\Lib\SupervisionWarning.py", line 42, in supervision_start_thread
    data_obj_list = BllMedicamentVariety().execute(SQL).fetchall()
AttributeError: 'NoneType' object has no attribute 'fetchall'


具体时间:[2021-11-05 15:01:45,904][default:INFO(22)]
当前文件位置:[C:\Users\dell\Desktop\TY_RMS_BZP_Manage_yanshi_new20211104\TY_RMS_BZP_Manage_yanshi_new\user\login_required.py]模块名:[login_required:]函数名:[process_request]:
[第22行]-用户没有登录, 跳转到登录页面

具体时间:[2021-11-05 15:01:48,361][default:INFO(202)]
当前文件位置:[C:\Users\dell\Desktop\TY_RMS_BZP_Manage_yanshi_new20211104\TY_RMS_BZP_Manage_yanshi_new\TY_RMS_Multiple_Manage\views.py]模块名:[views:]函数名:[account_login]:
[第202行]-账号或密码不正确, 登录失败

具体时间:[2021-11-05 15:01:49,982][default:INFO(202)]
当前文件位置:[C:\Users\dell\Desktop\TY_RMS_BZP_Manage_yanshi_new20211104\TY_RMS_BZP_Manage_yanshi_new\TY_RMS_Multiple_Manage\views.py]模块名:[views:]函数名:[account_login]:
[第202行]-账号或密码不正确, 登录失败

具体时间:[2021-11-05 15:02:29,577][default:DEBUG(223)]
当前文件位置:[C:\Users\dell\Desktop\TY_RMS_BZP_Manage_yanshi_new20211104\TY_RMS_BZP_Manage_yanshi_new\Lib\SupervisionWarning.py]模块名:[SupervisionWarning:]函数名:[supervision_start_thread]:
[第223行]-预警监测：Traceback (most recent call last):
  File "C:\Users\dell\Desktop\TY_RMS_BZP_Manage_yanshi_new20211104\TY_RMS_BZP_Manage_yanshi_new\Lib\SupervisionWarning.py", line 42, in supervision_start_thread
    data_obj_list = BllMedicamentVariety().execute(SQL).fetchall()
AttributeError: 'NoneType' object has no attribute 'fetchall'


具体时间:[2021-11-05 15:02:31,367][default:DEBUG(223)]
当前文件位置:[C:\Users\dell\Desktop\TY_RMS_BZP_Manage_yanshi_new20211104\TY_RMS_BZP_Manage_yanshi_new\Lib\SupervisionWarning.py]模块名:[SupervisionWarning:]函数名:[supervision_start_thread]:
[第223行]-预警监测：Traceback (most recent call last):
  File "C:\Users\dell\Desktop\TY_RMS_BZP_Manage_yanshi_new20211104\TY_RMS_BZP_Manage_yanshi_new\Lib\SupervisionWarning.py", line 42, in supervision_start_thread
    data_obj_list = BllMedicamentVariety().execute(SQL).fetchall()
AttributeError: 'NoneType' object has no attribute 'fetchall'


具体时间:[2021-11-05 15:02:33,340][default:INFO(22)]
当前文件位置:[C:\Users\dell\Desktop\TY_RMS_BZP_Manage_yanshi_new20211104\TY_RMS_BZP_Manage_yanshi_new\user\login_required.py]模块名:[login_required:]函数名:[process_request]:
[第22行]-用户没有登录, 跳转到登录页面

具体时间:[2021-11-05 15:02:35,199][default:INFO(202)]
当前文件位置:[C:\Users\dell\Desktop\TY_RMS_BZP_Manage_yanshi_new20211104\TY_RMS_BZP_Manage_yanshi_new\TY_RMS_Multiple_Manage\views.py]模块名:[views:]函数名:[account_login]:
[第202行]-账号或密码不正确, 登录失败

具体时间:[2021-11-05 15:02:36,299][default:INFO(202)]
当前文件位置:[C:\Users\dell\Desktop\TY_RMS_BZP_Manage_yanshi_new20211104\TY_RMS_BZP_Manage_yanshi_new\TY_RMS_Multiple_Manage\views.py]模块名:[views:]函数名:[account_login]:
[第202行]-账号或密码不正确, 登录失败

具体时间:[2021-11-05 15:02:36,859][default:INFO(202)]
当前文件位置:[C:\Users\dell\Desktop\TY_RMS_BZP_Manage_yanshi_new20211104\TY_RMS_BZP_Manage_yanshi_new\TY_RMS_Multiple_Manage\views.py]模块名:[views:]函数名:[account_login]:
[第202行]-账号或密码不正确, 登录失败

具体时间:[2021-11-05 15:02:37,005][default:INFO(202)]
当前文件位置:[C:\Users\dell\Desktop\TY_RMS_BZP_Manage_yanshi_new20211104\TY_RMS_BZP_Manage_yanshi_new\TY_RMS_Multiple_Manage\views.py]模块名:[views:]函数名:[account_login]:
[第202行]-账号或密码不正确, 登录失败

具体时间:[2021-11-05 15:02:37,178][default:INFO(202)]
当前文件位置:[C:\Users\dell\Desktop\TY_RMS_BZP_Manage_yanshi_new20211104\TY_RMS_BZP_Manage_yanshi_new\TY_RMS_Multiple_Manage\views.py]模块名:[views:]函数名:[account_login]:
[第202行]-账号或密码不正确, 登录失败

具体时间:[2021-11-05 15:02:37,371][default:INFO(202)]
当前文件位置:[C:\Users\dell\Desktop\TY_RMS_BZP_Manage_yanshi_new20211104\TY_RMS_BZP_Manage_yanshi_new\TY_RMS_Multiple_Manage\views.py]模块名:[views:]函数名:[account_login]:
[第202行]-账号或密码不正确, 登录失败

具体时间:[2021-11-05 15:03:09,888][default:INFO(22)]
当前文件位置:[C:\Users\dell\Desktop\TY_RMS_BZP_Manage_yanshi_new20211104\TY_RMS_BZP_Manage_yanshi_new\user\login_required.py]模块名:[login_required:]函数名:[process_request]:
[第22行]-用户没有登录, 跳转到登录页面

具体时间:[2021-11-05 15:03:11,378][default:INFO(182)]
当前文件位置:[C:\Users\dell\Desktop\TY_RMS_BZP_Manage_yanshi_new20211104\TY_RMS_BZP_Manage_yanshi_new\TY_RMS_Multiple_Manage\views.py]模块名:[views:]函数名:[account_login]:
[第182行]-登录成功

具体时间:[2021-11-05 15:37:07,727][default:INFO(22)]
当前文件位置:[C:\Users\dell\Desktop\TY_RMS_BZP_Manage_yanshi_new20211104\TY_RMS_BZP_Manage_yanshi_new\user\login_required.py]模块名:[login_required:]函数名:[process_request]:
[第22行]-用户没有登录, 跳转到登录页面

具体时间:[2021-11-05 15:37:09,807][default:INFO(22)]
当前文件位置:[C:\Users\dell\Desktop\TY_RMS_BZP_Manage_yanshi_new20211104\TY_RMS_BZP_Manage_yanshi_new\user\login_required.py]模块名:[login_required:]函数名:[process_request]:
[第22行]-用户没有登录, 跳转到登录页面

具体时间:[2021-11-05 15:37:10,543][default:INFO(182)]
当前文件位置:[C:\Users\dell\Desktop\TY_RMS_BZP_Manage_yanshi_new20211104\TY_RMS_BZP_Manage_yanshi_new\TY_RMS_Multiple_Manage\views.py]模块名:[views:]函数名:[account_login]:
[第182行]-登录成功

具体时间:[2021-11-05 18:03:07,329][default:INFO(22)]
当前文件位置:[C:\Users\dell\Desktop\TY_RMS_BZP_Manage_yanshi_new20211104\TY_RMS_BZP_Manage_yanshi_new\user\login_required.py]模块名:[login_required:]函数名:[process_request]:
[第22行]-用户没有登录, 跳转到登录页面

具体时间:[2021-11-05 18:03:09,252][default:INFO(22)]
当前文件位置:[C:\Users\dell\Desktop\TY_RMS_BZP_Manage_yanshi_new20211104\TY_RMS_BZP_Manage_yanshi_new\user\login_required.py]模块名:[login_required:]函数名:[process_request]:
[第22行]-用户没有登录, 跳转到登录页面

具体时间:[2021-11-05 18:03:09,977][default:INFO(182)]
当前文件位置:[C:\Users\dell\Desktop\TY_RMS_BZP_Manage_yanshi_new20211104\TY_RMS_BZP_Manage_yanshi_new\TY_RMS_Multiple_Manage\views.py]模块名:[views:]函数名:[account_login]:
[第182行]-登录成功

