具体时间:[2021-10-18 08:36:45,092][default:INFO(22)]
当前文件位置:[C:\Users\Administrator\Desktop\20211011\TY_RMS_BZP_Manage_yanshi_new\user\login_required.py]模块名:[login_required:]函数名:[process_request]:
[第22行]-用户没有登录, 跳转到登录页面

具体时间:[2021-10-18 08:37:11,230][default:INFO(22)]
当前文件位置:[C:\Users\Administrator\Desktop\20211011\TY_RMS_BZP_Manage_yanshi_new\user\login_required.py]模块名:[login_required:]函数名:[process_request]:
[第22行]-用户没有登录, 跳转到登录页面

具体时间:[2021-10-18 08:37:21,828][default:INFO(181)]
当前文件位置:[C:\Users\Administrator\Desktop\20211011\TY_RMS_BZP_Manage_yanshi_new\TY_RMS_Multiple_Manage\views.py]模块名:[views:]函数名:[account_login]:
[第181行]-登录成功

具体时间:[2021-10-18 09:28:26,221][default:INFO(22)]
当前文件位置:[C:\Users\Administrator\Desktop\20211011\TY_RMS_BZP_Manage_yanshi_new\user\login_required.py]模块名:[login_required:]函数名:[process_request]:
[第22行]-用户没有登录, 跳转到登录页面

具体时间:[2021-10-18 09:28:27,558][default:INFO(22)]
当前文件位置:[C:\Users\Administrator\Desktop\20211011\TY_RMS_BZP_Manage_yanshi_new\user\login_required.py]模块名:[login_required:]函数名:[process_request]:
[第22行]-用户没有登录, 跳转到登录页面

具体时间:[2021-10-18 09:28:47,122][default:INFO(181)]
当前文件位置:[C:\Users\Administrator\Desktop\20211011\TY_RMS_BZP_Manage_yanshi_new\TY_RMS_Multiple_Manage\views.py]模块名:[views:]函数名:[account_login]:
[第181行]-登录成功

具体时间:[2021-10-18 10:40:40,856][default:INFO(181)]
当前文件位置:[C:\Users\Administrator\Desktop\20211011\TY_RMS_BZP_Manage_yanshi_new\TY_RMS_Multiple_Manage\views.py]模块名:[views:]函数名:[account_login]:
[第181行]-登录成功

具体时间:[2021-10-18 13:21:12,037][default:INFO(181)]
当前文件位置:[C:\Users\Administrator\Desktop\20211011\TY_RMS_BZP_Manage_yanshi_new\TY_RMS_Multiple_Manage\views.py]模块名:[views:]函数名:[account_login]:
[第181行]-登录成功

具体时间:[2021-10-18 16:28:46,314][default:INFO(181)]
当前文件位置:[C:\Users\Administrator\Desktop\20211011\TY_RMS_BZP_Manage_yanshi_new\TY_RMS_Multiple_Manage\views.py]模块名:[views:]函数名:[account_login]:
[第181行]-登录成功

具体时间:[2021-10-18 17:49:01,368][default:INFO(181)]
当前文件位置:[C:\Users\Administrator\Desktop\20211011\TY_RMS_BZP_Manage_yanshi_new\TY_RMS_Multiple_Manage\views.py]模块名:[views:]函数名:[account_login]:
[第181行]-登录成功

