具体时间:[2021-05-24 08:50:19,060][default:INFO(22)]
当前文件位置:[C:\Users\Administrator\Desktop\worker\TY_RMS_BZP_Manage_yanshi\user\login_required.py]模块名:[login_required:]函数名:[process_request]:
[第22行]-用户没有登录, 跳转到登录页面

具体时间:[2021-05-24 08:50:19,110][default:INFO(22)]
当前文件位置:[C:\Users\Administrator\Desktop\worker\TY_RMS_BZP_Manage_yanshi\user\login_required.py]模块名:[login_required:]函数名:[process_request]:
[第22行]-用户没有登录, 跳转到登录页面

具体时间:[2021-05-24 08:50:19,902][default:INFO(22)]
当前文件位置:[C:\Users\Administrator\Desktop\worker\TY_RMS_BZP_Manage_yanshi\user\login_required.py]模块名:[login_required:]函数名:[process_request]:
[第22行]-用户没有登录, 跳转到登录页面

具体时间:[2021-05-24 08:50:20,325][default:INFO(22)]
当前文件位置:[C:\Users\Administrator\Desktop\worker\TY_RMS_BZP_Manage_yanshi\user\login_required.py]模块名:[login_required:]函数名:[process_request]:
[第22行]-用户没有登录, 跳转到登录页面

具体时间:[2021-05-24 08:56:21,557][default:INFO(181)]
当前文件位置:[C:\Users\Administrator\Desktop\worker\TY_RMS_BZP_Manage_yanshi\TY_RMS_Multiple_Manage\views.py]模块名:[views:]函数名:[account_login]:
[第181行]-登录成功

具体时间:[2021-05-24 08:56:24,773][default:INFO(181)]
当前文件位置:[C:\Users\Administrator\Desktop\worker\TY_RMS_BZP_Manage_yanshi\TY_RMS_Multiple_Manage\views.py]模块名:[views:]函数名:[account_login]:
[第181行]-登录成功

具体时间:[2021-05-24 08:56:25,502][default:INFO(181)]
当前文件位置:[C:\Users\Administrator\Desktop\worker\TY_RMS_BZP_Manage_yanshi\TY_RMS_Multiple_Manage\views.py]模块名:[views:]函数名:[account_login]:
[第181行]-登录成功

具体时间:[2021-05-24 08:56:25,893][default:INFO(181)]
当前文件位置:[C:\Users\Administrator\Desktop\worker\TY_RMS_BZP_Manage_yanshi\TY_RMS_Multiple_Manage\views.py]模块名:[views:]函数名:[account_login]:
[第181行]-登录成功

具体时间:[2021-05-24 08:56:26,244][default:INFO(181)]
当前文件位置:[C:\Users\Administrator\Desktop\worker\TY_RMS_BZP_Manage_yanshi\TY_RMS_Multiple_Manage\views.py]模块名:[views:]函数名:[account_login]:
[第181行]-登录成功

具体时间:[2021-05-24 08:56:26,589][default:INFO(181)]
当前文件位置:[C:\Users\Administrator\Desktop\worker\TY_RMS_BZP_Manage_yanshi\TY_RMS_Multiple_Manage\views.py]模块名:[views:]函数名:[account_login]:
[第181行]-登录成功

具体时间:[2021-05-24 08:57:49,489][default:INFO(181)]
当前文件位置:[C:\Users\Administrator\Desktop\worker\TY_RMS_BZP_Manage_yanshi\TY_RMS_Multiple_Manage\views.py]模块名:[views:]函数名:[account_login]:
[第181行]-登录成功

具体时间:[2021-05-24 12:19:20,525][default:INFO(181)]
当前文件位置:[C:\Users\Administrator\Desktop\worker\TY_RMS_BZP_Manage_yanshi\TY_RMS_Multiple_Manage\views.py]模块名:[views:]函数名:[account_login]:
[第181行]-登录成功

具体时间:[2021-05-24 15:16:08,028][default:INFO(181)]
当前文件位置:[C:\Users\Administrator\Desktop\worker\TY_RMS_BZP_Manage_yanshi\TY_RMS_Multiple_Manage\views.py]模块名:[views:]函数名:[account_login]:
[第181行]-登录成功

具体时间:[2021-05-24 15:36:31,245][default:INFO(22)]
当前文件位置:[C:\Users\Administrator\Desktop\worker\TY_RMS_BZP_Manage_yanshi\user\login_required.py]模块名:[login_required:]函数名:[process_request]:
[第22行]-用户没有登录, 跳转到登录页面

具体时间:[2021-05-24 15:36:41,196][default:INFO(181)]
当前文件位置:[C:\Users\Administrator\Desktop\worker\TY_RMS_BZP_Manage_yanshi\TY_RMS_Multiple_Manage\views.py]模块名:[views:]函数名:[account_login]:
[第181行]-登录成功

具体时间:[2021-05-24 16:36:53,670][default:INFO(181)]
当前文件位置:[C:\Users\Administrator\Desktop\worker\TY_RMS_BZP_Manage_yanshi\TY_RMS_Multiple_Manage\views.py]模块名:[views:]函数名:[account_login]:
[第181行]-登录成功

