具体时间:[2021-01-26 16:43:16,423][default:INFO(22)]
当前文件位置:[/home/yanyi/Project/MainManage/ServerData/user/login_required.py]模块名:[login_required:]函数名:[process_request]:
[第22行]-用户没有登录, 跳转到登录页面

具体时间:[2021-01-26 16:43:18,057][default:INFO(22)]
当前文件位置:[/home/yanyi/Project/MainManage/ServerData/user/login_required.py]模块名:[login_required:]函数名:[process_request]:
[第22行]-用户没有登录, 跳转到登录页面

具体时间:[2021-01-26 17:02:04,112][default:INFO(22)]
当前文件位置:[/home/yanyi/Project/MainManage/ServerData/user/login_required.py]模块名:[login_required:]函数名:[process_request]:
[第22行]-用户没有登录, 跳转到登录页面

具体时间:[2021-01-26 17:02:04,288][default:INFO(22)]
当前文件位置:[/home/yanyi/Project/MainManage/ServerData/user/login_required.py]模块名:[login_required:]函数名:[process_request]:
[第22行]-用户没有登录, 跳转到登录页面

具体时间:[2021-01-26 17:04:39,611][default:INFO(22)]
当前文件位置:[/home/yanyi/Project/MainManage/ServerData/user/login_required.py]模块名:[login_required:]函数名:[process_request]:
[第22行]-用户没有登录, 跳转到登录页面

具体时间:[2021-01-26 18:05:54,448][default:INFO(184)]
当前文件位置:[/home/yanyi/Project/MainManage/ServerData/TY_RMS_Multiple_Manage/views.py]模块名:[views:]函数名:[account_login]:
[第184行]-登录成功

具体时间:[2021-01-26 19:16:56,041][default:INFO(22)]
当前文件位置:[/home/yanyi/Project/MainManage/ServerData/user/login_required.py]模块名:[login_required:]函数名:[process_request]:
[第22行]-用户没有登录, 跳转到登录页面

具体时间:[2021-01-26 23:29:24,283][default:INFO(184)]
当前文件位置:[/home/yanyi/Project/MainManage/ServerData/TY_RMS_Multiple_Manage/views.py]模块名:[views:]函数名:[account_login]:
[第184行]-登录成功

具体时间:[2021-01-27 00:31:22,736][default:INFO(22)]
当前文件位置:[/home/yanyi/Project/MainManage/ServerData/user/login_required.py]模块名:[login_required:]函数名:[process_request]:
[第22行]-用户没有登录, 跳转到登录页面

具体时间:[2021-01-27 16:35:45,171][default:INFO(184)]
当前文件位置:[/home/yanyi/Project/MainManage/ServerData/TY_RMS_Multiple_Manage/views.py]模块名:[views:]函数名:[account_login]:
[第184行]-登录成功

具体时间:[2021-01-27 16:39:08,327][default:INFO(22)]
当前文件位置:[/home/yanyi/Project/MainManage/ServerData/user/login_required.py]模块名:[login_required:]函数名:[process_request]:
[第22行]-用户没有登录, 跳转到登录页面

