具体时间:[2021-11-06 18:30:05,775][default:INFO(22)]
当前文件位置:[/home/yanyi/Project/MainManage/ServerData/user/login_required.py]模块名:[login_required:]函数名:[process_request]:
[第22行]-用户没有登录, 跳转到登录页面

具体时间:[2021-11-06 18:30:07,403][default:INFO(22)]
当前文件位置:[/home/yanyi/Project/MainManage/ServerData/user/login_required.py]模块名:[login_required:]函数名:[process_request]:
[第22行]-用户没有登录, 跳转到登录页面

具体时间:[2021-11-06 18:34:20,639][default:INFO(187)]
当前文件位置:[/home/yanyi/Project/MainManage/ServerData/TY_RMS_Multiple_Manage/views.py]模块名:[views:]函数名:[account_login]:
[第187行]-登录成功

具体时间:[2021-11-06 18:34:50,416][default:INFO(22)]
当前文件位置:[/home/yanyi/Project/MainManage/ServerData/user/login_required.py]模块名:[login_required:]函数名:[process_request]:
[第22行]-用户没有登录, 跳转到登录页面

具体时间:[2021-11-06 19:06:50,268][default:INFO(187)]
当前文件位置:[/home/yanyi/Project/MainManage/ServerData/TY_RMS_Multiple_Manage/views.py]模块名:[views:]函数名:[account_login]:
[第187行]-登录成功

具体时间:[2021-11-06 22:52:28,516][default:DEBUG(223)]
当前文件位置:[/home/yanyi/Project/MainManage/ServerData/Lib/SupervisionWarning.py]模块名:[SupervisionWarning:]函数名:[supervision_start_thread]:
[第223行]-预警监测：Traceback (most recent call last):
  File "/home/yanyi/Project/MainManage/ServerData/Lib/SupervisionWarning.py", line 42, in supervision_start_thread
    data_obj_list = BllMedicamentVariety().execute(SQL).fetchall()
AttributeError: 'NoneType' object has no attribute 'fetchall'


具体时间:[2021-11-06 22:58:23,969][default:DEBUG(223)]
当前文件位置:[/home/yanyi/Project/MainManage/ServerData/Lib/SupervisionWarning.py]模块名:[SupervisionWarning:]函数名:[supervision_start_thread]:
[第223行]-预警监测：Traceback (most recent call last):
  File "/home/yanyi/Project/MainManage/ServerData/Lib/SupervisionWarning.py", line 42, in supervision_start_thread
    data_obj_list = BllMedicamentVariety().execute(SQL).fetchall()
AttributeError: 'NoneType' object has no attribute 'fetchall'


具体时间:[2021-11-06 22:58:52,142][default:DEBUG(223)]
当前文件位置:[/home/yanyi/Project/MainManage/ServerData/Lib/SupervisionWarning.py]模块名:[SupervisionWarning:]函数名:[supervision_start_thread]:
[第223行]-预警监测：Traceback (most recent call last):
  File "/home/yanyi/Project/MainManage/ServerData/Lib/SupervisionWarning.py", line 42, in supervision_start_thread
    data_obj_list = BllMedicamentVariety().execute(SQL).fetchall()
AttributeError: 'NoneType' object has no attribute 'fetchall'


具体时间:[2021-11-06 22:58:58,040][default:INFO(22)]
当前文件位置:[/home/yanyi/Project/MainManage/ServerData/user/login_required.py]模块名:[login_required:]函数名:[process_request]:
[第22行]-用户没有登录, 跳转到登录页面

具体时间:[2021-11-06 22:59:00,375][default:INFO(22)]
当前文件位置:[/home/yanyi/Project/MainManage/ServerData/user/login_required.py]模块名:[login_required:]函数名:[process_request]:
[第22行]-用户没有登录, 跳转到登录页面

具体时间:[2021-11-06 23:02:48,518][default:DEBUG(223)]
当前文件位置:[/home/yanyi/Project/MainManage/ServerData/Lib/SupervisionWarning.py]模块名:[SupervisionWarning:]函数名:[supervision_start_thread]:
[第223行]-预警监测：Traceback (most recent call last):
  File "/home/yanyi/Project/MainManage/ServerData/Lib/SupervisionWarning.py", line 42, in supervision_start_thread
    data_obj_list = BllMedicamentVariety().execute(SQL).fetchall()
AttributeError: 'NoneType' object has no attribute 'fetchall'


具体时间:[2021-11-06 23:03:21,749][default:DEBUG(223)]
当前文件位置:[/home/yanyi/Project/MainManage/ServerData/Lib/SupervisionWarning.py]模块名:[SupervisionWarning:]函数名:[supervision_start_thread]:
[第223行]-预警监测：Traceback (most recent call last):
  File "/home/yanyi/Project/MainManage/ServerData/Lib/SupervisionWarning.py", line 42, in supervision_start_thread
    data_obj_list = BllMedicamentVariety().execute(SQL).fetchall()
AttributeError: 'NoneType' object has no attribute 'fetchall'


具体时间:[2021-11-06 23:03:50,694][default:DEBUG(223)]
当前文件位置:[/home/yanyi/Project/MainManage/ServerData/Lib/SupervisionWarning.py]模块名:[SupervisionWarning:]函数名:[supervision_start_thread]:
[第223行]-预警监测：Traceback (most recent call last):
  File "/home/yanyi/Project/MainManage/ServerData/Lib/SupervisionWarning.py", line 42, in supervision_start_thread
    data_obj_list = BllMedicamentVariety().execute(SQL).fetchall()
AttributeError: 'NoneType' object has no attribute 'fetchall'


具体时间:[2021-11-06 23:08:05,919][default:DEBUG(223)]
当前文件位置:[/home/yanyi/Project/MainManage/ServerData/Lib/SupervisionWarning.py]模块名:[SupervisionWarning:]函数名:[supervision_start_thread]:
[第223行]-预警监测：Traceback (most recent call last):
  File "/home/yanyi/Project/MainManage/ServerData/Lib/SupervisionWarning.py", line 42, in supervision_start_thread
    data_obj_list = BllMedicamentVariety().execute(SQL).fetchall()
AttributeError: 'NoneType' object has no attribute 'fetchall'


具体时间:[2021-11-06 23:08:06,280][default:INFO(22)]
当前文件位置:[/home/yanyi/Project/MainManage/ServerData/user/login_required.py]模块名:[login_required:]函数名:[process_request]:
[第22行]-用户没有登录, 跳转到登录页面

具体时间:[2021-11-06 23:08:06,841][default:INFO(22)]
当前文件位置:[/home/yanyi/Project/MainManage/ServerData/user/login_required.py]模块名:[login_required:]函数名:[process_request]:
[第22行]-用户没有登录, 跳转到登录页面

具体时间:[2021-11-06 23:09:20,370][default:DEBUG(223)]
当前文件位置:[/home/yanyi/Project/MainManage/ServerData/Lib/SupervisionWarning.py]模块名:[SupervisionWarning:]函数名:[supervision_start_thread]:
[第223行]-预警监测：Traceback (most recent call last):
  File "/home/yanyi/Project/MainManage/ServerData/Lib/SupervisionWarning.py", line 42, in supervision_start_thread
    data_obj_list = BllMedicamentVariety().execute(SQL).fetchall()
AttributeError: 'NoneType' object has no attribute 'fetchall'


具体时间:[2021-11-06 23:11:54,989][default:DEBUG(223)]
当前文件位置:[/home/yanyi/Project/MainManage/ServerData/Lib/SupervisionWarning.py]模块名:[SupervisionWarning:]函数名:[supervision_start_thread]:
[第223行]-预警监测：Traceback (most recent call last):
  File "/home/yanyi/Project/MainManage/ServerData/Lib/SupervisionWarning.py", line 42, in supervision_start_thread
    data_obj_list = BllMedicamentVariety().execute(SQL).fetchall()
AttributeError: 'NoneType' object has no attribute 'fetchall'


具体时间:[2021-11-06 23:11:55,359][default:INFO(22)]
当前文件位置:[/home/yanyi/Project/MainManage/ServerData/user/login_required.py]模块名:[login_required:]函数名:[process_request]:
[第22行]-用户没有登录, 跳转到登录页面

具体时间:[2021-11-06 23:11:55,916][default:INFO(22)]
当前文件位置:[/home/yanyi/Project/MainManage/ServerData/user/login_required.py]模块名:[login_required:]函数名:[process_request]:
[第22行]-用户没有登录, 跳转到登录页面

具体时间:[2021-11-06 23:14:11,135][default:DEBUG(223)]
当前文件位置:[/home/yanyi/Project/MainManage/ServerData/Lib/SupervisionWarning.py]模块名:[SupervisionWarning:]函数名:[supervision_start_thread]:
[第223行]-预警监测：Traceback (most recent call last):
  File "/home/yanyi/Project/MainManage/ServerData/Lib/SupervisionWarning.py", line 42, in supervision_start_thread
    data_obj_list = BllMedicamentVariety().execute(SQL).fetchall()
AttributeError: 'NoneType' object has no attribute 'fetchall'


具体时间:[2021-11-06 23:14:46,049][default:DEBUG(223)]
当前文件位置:[/home/yanyi/Project/MainManage/ServerData/Lib/SupervisionWarning.py]模块名:[SupervisionWarning:]函数名:[supervision_start_thread]:
[第223行]-预警监测：Traceback (most recent call last):
  File "/home/yanyi/Project/MainManage/ServerData/Lib/SupervisionWarning.py", line 42, in supervision_start_thread
    data_obj_list = BllMedicamentVariety().execute(SQL).fetchall()
AttributeError: 'NoneType' object has no attribute 'fetchall'


具体时间:[2021-11-06 23:15:14,857][default:DEBUG(223)]
当前文件位置:[/home/yanyi/Project/MainManage/ServerData/Lib/SupervisionWarning.py]模块名:[SupervisionWarning:]函数名:[supervision_start_thread]:
[第223行]-预警监测：Traceback (most recent call last):
  File "/home/yanyi/Project/MainManage/ServerData/Lib/SupervisionWarning.py", line 42, in supervision_start_thread
    data_obj_list = BllMedicamentVariety().execute(SQL).fetchall()
AttributeError: 'NoneType' object has no attribute 'fetchall'


具体时间:[2021-11-06 23:16:25,117][default:DEBUG(223)]
当前文件位置:[/home/yanyi/Project/MainManage/ServerData/Lib/SupervisionWarning.py]模块名:[SupervisionWarning:]函数名:[supervision_start_thread]:
[第223行]-预警监测：Traceback (most recent call last):
  File "/home/yanyi/Project/MainManage/ServerData/Lib/SupervisionWarning.py", line 42, in supervision_start_thread
    data_obj_list = BllMedicamentVariety().execute(SQL).fetchall()
AttributeError: 'NoneType' object has no attribute 'fetchall'


具体时间:[2021-11-06 23:17:31,337][default:DEBUG(223)]
当前文件位置:[/home/yanyi/Project/MainManage/ServerData/Lib/SupervisionWarning.py]模块名:[SupervisionWarning:]函数名:[supervision_start_thread]:
[第223行]-预警监测：Traceback (most recent call last):
  File "/home/yanyi/Project/MainManage/ServerData/Lib/SupervisionWarning.py", line 42, in supervision_start_thread
    data_obj_list = BllMedicamentVariety().execute(SQL).fetchall()
AttributeError: 'NoneType' object has no attribute 'fetchall'


具体时间:[2021-11-06 23:43:19,400][default:DEBUG(223)]
当前文件位置:[/home/yanyi/Project/MainManage/ServerData/Lib/SupervisionWarning.py]模块名:[SupervisionWarning:]函数名:[supervision_start_thread]:
[第223行]-预警监测：Traceback (most recent call last):
  File "/home/yanyi/Project/MainManage/ServerData/Lib/SupervisionWarning.py", line 42, in supervision_start_thread
    data_obj_list = BllMedicamentVariety().execute(SQL).fetchall()
AttributeError: 'NoneType' object has no attribute 'fetchall'


具体时间:[2021-11-06 23:43:19,745][default:INFO(22)]
当前文件位置:[/home/yanyi/Project/MainManage/ServerData/user/login_required.py]模块名:[login_required:]函数名:[process_request]:
[第22行]-用户没有登录, 跳转到登录页面

具体时间:[2021-11-06 23:43:20,175][default:INFO(22)]
当前文件位置:[/home/yanyi/Project/MainManage/ServerData/user/login_required.py]模块名:[login_required:]函数名:[process_request]:
[第22行]-用户没有登录, 跳转到登录页面

具体时间:[2021-11-06 23:43:28,472][default:INFO(202)]
当前文件位置:[/home/yanyi/Project/MainManage/ServerData/TY_RMS_Multiple_Manage/views.py]模块名:[views:]函数名:[account_login]:
[第202行]-账号或密码不正确, 登录失败

具体时间:[2021-11-06 23:43:31,438][default:INFO(202)]
当前文件位置:[/home/yanyi/Project/MainManage/ServerData/TY_RMS_Multiple_Manage/views.py]模块名:[views:]函数名:[account_login]:
[第202行]-账号或密码不正确, 登录失败

具体时间:[2021-11-06 23:44:14,215][default:DEBUG(223)]
当前文件位置:[/home/yanyi/Project/MainManage/ServerData/Lib/SupervisionWarning.py]模块名:[SupervisionWarning:]函数名:[supervision_start_thread]:
[第223行]-预警监测：Traceback (most recent call last):
  File "/home/yanyi/Project/MainManage/ServerData/Lib/SupervisionWarning.py", line 42, in supervision_start_thread
    data_obj_list = BllMedicamentVariety().execute(SQL).fetchall()
AttributeError: 'NoneType' object has no attribute 'fetchall'


具体时间:[2021-11-06 23:44:26,205][default:DEBUG(223)]
当前文件位置:[/home/yanyi/Project/MainManage/ServerData/Lib/SupervisionWarning.py]模块名:[SupervisionWarning:]函数名:[supervision_start_thread]:
[第223行]-预警监测：Traceback (most recent call last):
  File "/home/yanyi/Project/MainManage/ServerData/Lib/SupervisionWarning.py", line 42, in supervision_start_thread
    data_obj_list = BllMedicamentVariety().execute(SQL).fetchall()
AttributeError: 'NoneType' object has no attribute 'fetchall'


具体时间:[2021-11-06 23:44:26,528][default:INFO(22)]
当前文件位置:[/home/yanyi/Project/MainManage/ServerData/user/login_required.py]模块名:[login_required:]函数名:[process_request]:
[第22行]-用户没有登录, 跳转到登录页面

具体时间:[2021-11-06 23:44:27,097][default:INFO(22)]
当前文件位置:[/home/yanyi/Project/MainManage/ServerData/user/login_required.py]模块名:[login_required:]函数名:[process_request]:
[第22行]-用户没有登录, 跳转到登录页面

具体时间:[2021-11-06 23:44:33,086][default:INFO(202)]
当前文件位置:[/home/yanyi/Project/MainManage/ServerData/TY_RMS_Multiple_Manage/views.py]模块名:[views:]函数名:[account_login]:
[第202行]-账号或密码不正确, 登录失败

具体时间:[2021-11-06 23:44:34,078][default:INFO(202)]
当前文件位置:[/home/yanyi/Project/MainManage/ServerData/TY_RMS_Multiple_Manage/views.py]模块名:[views:]函数名:[account_login]:
[第202行]-账号或密码不正确, 登录失败

具体时间:[2021-11-06 23:44:34,543][default:INFO(202)]
当前文件位置:[/home/yanyi/Project/MainManage/ServerData/TY_RMS_Multiple_Manage/views.py]模块名:[views:]函数名:[account_login]:
[第202行]-账号或密码不正确, 登录失败

具体时间:[2021-11-06 23:44:36,324][default:INFO(202)]
当前文件位置:[/home/yanyi/Project/MainManage/ServerData/TY_RMS_Multiple_Manage/views.py]模块名:[views:]函数名:[account_login]:
[第202行]-账号或密码不正确, 登录失败

具体时间:[2021-11-06 23:46:21,600][default:INFO(22)]
当前文件位置:[/home/yanyi/Project/MainManage/ServerData/user/login_required.py]模块名:[login_required:]函数名:[process_request]:
[第22行]-用户没有登录, 跳转到登录页面

具体时间:[2021-11-06 23:46:22,180][default:INFO(22)]
当前文件位置:[/home/yanyi/Project/MainManage/ServerData/user/login_required.py]模块名:[login_required:]函数名:[process_request]:
[第22行]-用户没有登录, 跳转到登录页面

具体时间:[2021-11-06 23:46:29,018][default:INFO(202)]
当前文件位置:[/home/yanyi/Project/MainManage/ServerData/TY_RMS_Multiple_Manage/views.py]模块名:[views:]函数名:[account_login]:
[第202行]-账号或密码不正确, 登录失败

具体时间:[2021-11-06 23:46:36,273][default:INFO(202)]
当前文件位置:[/home/yanyi/Project/MainManage/ServerData/TY_RMS_Multiple_Manage/views.py]模块名:[views:]函数名:[account_login]:
[第202行]-账号或密码不正确, 登录失败

具体时间:[2021-11-06 23:46:56,448][default:INFO(22)]
当前文件位置:[/home/yanyi/Project/MainManage/ServerData/user/login_required.py]模块名:[login_required:]函数名:[process_request]:
[第22行]-用户没有登录, 跳转到登录页面

具体时间:[2021-11-06 23:46:57,068][default:INFO(22)]
当前文件位置:[/home/yanyi/Project/MainManage/ServerData/user/login_required.py]模块名:[login_required:]函数名:[process_request]:
[第22行]-用户没有登录, 跳转到登录页面

具体时间:[2021-11-06 23:47:00,708][default:INFO(182)]
当前文件位置:[/home/yanyi/Project/MainManage/ServerData/TY_RMS_Multiple_Manage/views.py]模块名:[views:]函数名:[account_login]:
[第182行]-登录成功

具体时间:[2021-11-06 23:48:00,103][default:INFO(22)]
当前文件位置:[/home/yanyi/Project/MainManage/ServerData/user/login_required.py]模块名:[login_required:]函数名:[process_request]:
[第22行]-用户没有登录, 跳转到登录页面

具体时间:[2021-11-06 23:48:00,707][default:INFO(22)]
当前文件位置:[/home/yanyi/Project/MainManage/ServerData/user/login_required.py]模块名:[login_required:]函数名:[process_request]:
[第22行]-用户没有登录, 跳转到登录页面

具体时间:[2021-11-06 23:48:06,533][default:INFO(182)]
当前文件位置:[/home/yanyi/Project/MainManage/ServerData/TY_RMS_Multiple_Manage/views.py]模块名:[views:]函数名:[account_login]:
[第182行]-登录成功

