具体时间:[2021-06-10 18:25:36,438][default:INFO(22)]
当前文件位置:[/home/yanyi/Project/MainManage/ServerData/user/login_required.py]模块名:[login_required:]函数名:[process_request]:
[第22行]-用户没有登录, 跳转到登录页面

具体时间:[2021-06-10 18:25:37,924][default:INFO(22)]
当前文件位置:[/home/yanyi/Project/MainManage/ServerData/user/login_required.py]模块名:[login_required:]函数名:[process_request]:
[第22行]-用户没有登录, 跳转到登录页面

具体时间:[2021-06-10 18:39:21,528][default:INFO(22)]
当前文件位置:[/home/yanyi/Project/MainManage/ServerData/user/login_required.py]模块名:[login_required:]函数名:[process_request]:
[第22行]-用户没有登录, 跳转到登录页面

具体时间:[2021-06-10 18:39:23,244][default:INFO(22)]
当前文件位置:[/home/yanyi/Project/MainManage/ServerData/user/login_required.py]模块名:[login_required:]函数名:[process_request]:
[第22行]-用户没有登录, 跳转到登录页面

具体时间:[2021-06-10 18:42:00,273][default:INFO(22)]
当前文件位置:[/home/yanyi/Project/MainManage/ServerData/user/login_required.py]模块名:[login_required:]函数名:[process_request]:
[第22行]-用户没有登录, 跳转到登录页面

具体时间:[2021-06-10 18:42:00,446][default:INFO(22)]
当前文件位置:[/home/yanyi/Project/MainManage/ServerData/user/login_required.py]模块名:[login_required:]函数名:[process_request]:
[第22行]-用户没有登录, 跳转到登录页面

具体时间:[2021-06-10 18:42:49,413][default:INFO(22)]
当前文件位置:[/home/yanyi/Project/MainManage/ServerData/user/login_required.py]模块名:[login_required:]函数名:[process_request]:
[第22行]-用户没有登录, 跳转到登录页面

具体时间:[2021-06-10 18:42:49,580][default:INFO(22)]
当前文件位置:[/home/yanyi/Project/MainManage/ServerData/user/login_required.py]模块名:[login_required:]函数名:[process_request]:
[第22行]-用户没有登录, 跳转到登录页面

具体时间:[2021-06-10 18:43:38,274][default:INFO(22)]
当前文件位置:[/home/yanyi/Project/MainManage/ServerData/user/login_required.py]模块名:[login_required:]函数名:[process_request]:
[第22行]-用户没有登录, 跳转到登录页面

具体时间:[2021-06-10 18:43:38,621][default:INFO(22)]
当前文件位置:[/home/yanyi/Project/MainManage/ServerData/user/login_required.py]模块名:[login_required:]函数名:[process_request]:
[第22行]-用户没有登录, 跳转到登录页面

具体时间:[2021-06-11 02:22:30,754][default:INFO(184)]
当前文件位置:[/home/yanyi/Project/MainManage/ServerData/TY_RMS_Multiple_Manage/views.py]模块名:[views:]函数名:[account_login]:
[第184行]-登录成功

具体时间:[2021-06-11 03:25:06,531][default:INFO(22)]
当前文件位置:[/home/yanyi/Project/MainManage/ServerData/user/login_required.py]模块名:[login_required:]函数名:[process_request]:
[第22行]-用户没有登录, 跳转到登录页面

具体时间:[2021-06-11 17:21:32,963][default:INFO(184)]
当前文件位置:[/home/yanyi/Project/MainManage/ServerData/TY_RMS_Multiple_Manage/views.py]模块名:[views:]函数名:[account_login]:
[第184行]-登录成功

具体时间:[2021-06-11 18:22:47,699][default:INFO(22)]
当前文件位置:[/home/yanyi/Project/MainManage/ServerData/user/login_required.py]模块名:[login_required:]函数名:[process_request]:
[第22行]-用户没有登录, 跳转到登录页面

具体时间:[2021-06-11 18:34:12,139][default:INFO(22)]
当前文件位置:[/home/yanyi/Project/MainManage/ServerData/user/login_required.py]模块名:[login_required:]函数名:[process_request]:
[第22行]-用户没有登录, 跳转到登录页面

具体时间:[2021-06-11 19:34:28,647][default:INFO(22)]
当前文件位置:[/home/yanyi/Project/MainManage/ServerData/user/login_required.py]模块名:[login_required:]函数名:[process_request]:
[第22行]-用户没有登录, 跳转到登录页面

具体时间:[2021-06-11 21:06:38,836][default:INFO(22)]
当前文件位置:[/home/yanyi/Project/MainManage/ServerData/user/login_required.py]模块名:[login_required:]函数名:[process_request]:
[第22行]-用户没有登录, 跳转到登录页面

具体时间:[2021-06-11 22:08:44,440][default:INFO(22)]
当前文件位置:[/home/yanyi/Project/MainManage/ServerData/user/login_required.py]模块名:[login_required:]函数名:[process_request]:
[第22行]-用户没有登录, 跳转到登录页面

具体时间:[2021-06-11 22:30:22,041][default:INFO(184)]
当前文件位置:[/home/yanyi/Project/MainManage/ServerData/TY_RMS_Multiple_Manage/views.py]模块名:[views:]函数名:[account_login]:
[第184行]-登录成功

具体时间:[2021-06-12 00:14:04,765][default:INFO(22)]
当前文件位置:[/home/yanyi/Project/MainManage/ServerData/user/login_required.py]模块名:[login_required:]函数名:[process_request]:
[第22行]-用户没有登录, 跳转到登录页面

